[inst #1] lui $1,32768
Register Write to Reg: 0x01 Val: 0x80000000
[inst #2] lui $2,32767
Register Write to Reg: 0x02 Val: 0x7FFF0000
[inst #3] ori $2,$2,65535
Register Write to Reg: 0x02 Val: 0x7FFFFFFF
[inst #4] addiu $3,$0,-1
Register Write to Reg: 0x03 Val: 0xFFFFFFFF
[inst #5] addiu $4,$0,1
Register Write to Reg: 0x04 Val: 0x00000001
[inst #6] addiu $5,$0,-1
Register Write to Reg: 0x05 Val: 0xFFFFFFFF
[inst #7] lui $6,1
Register Write to Reg: 0x06 Val: 0x00010000
[inst #8] addiu $7,$0,0
Register Write to Reg: 0x07 Val: 0x00000000
[inst #9] subu $8,$4,$3
Register Write to Reg: 0x08 Val: 0x00000002
[inst #10] subu $9,$1,$1
Register Write to Reg: 0x09 Val: 0x00000000
[inst #11] subu $10,$3,$3
Register Write to Reg: 0x0A Val: 0x00000000
[inst #12] subu $11,$2,$0
Register Write to Reg: 0x0B Val: 0x7FFFFFFF
[inst #13] subu $12,$4,$6
Register Write to Reg: 0x0C Val: 0xFFFF0001
[inst #14] halt 

