[inst #1] lui $8,32768
Register Write to Reg: 0x08 Val: 0x80000000
[inst #2] lui $9,32767
Register Write to Reg: 0x09 Val: 0x7FFF0000
[inst #3] lui $1,0
Register Write to Reg: 0x01 Val: 0x00000000
[inst #4] ori $1,$1,65535
Register Write to Reg: 0x01 Val: 0x0000FFFF
[inst #5] addu $9,$9,$1
Register Write to Reg: 0x09 Val: 0x7FFFFFFF
[inst #6] xor $10,$8,$9
Register Write to Reg: 0x0A Val: 0xFFFFFFFF
[inst #7] lui $11,4660
Register Write to Reg: 0x0B Val: 0x12340000
[inst #8] addiu $11,$11,22136
Register Write to Reg: 0x0B Val: 0x12345678
[inst #9] lui $12,34661
Register Write to Reg: 0x0C Val: 0x87650000
[inst #10] addiu $12,$12,17185
Register Write to Reg: 0x0C Val: 0x87654321
[inst #11] xor $13,$11,$12
Register Write to Reg: 0x0D Val: 0x95511559
[inst #12] halt 

