In clock cycle: 3
Register Write to Reg: 0x00 Val: 0x00000000
In clock cycle: 4
Register Write to Reg: 0x08 Val: 0x10010000
In clock cycle: 5
Register Write to Reg: 0x0A Val: 0xFFFF0000
In clock cycle: 6
Register Write to Reg: 0x01 Val: 0x00000000
In clock cycle: 7
Register Write to Reg: 0x01 Val: 0x0000FFFF
In clock cycle: 8
Register Write to Reg: 0x0A Val: 0xFFFFFFFF
In clock cycle: 9
Register Write to Reg: 0x0B Val: 0xF00F0000
In clock cycle: 10
Register Write to Reg: 0x01 Val: 0x00000000
In clock cycle: 11
Register Write to Reg: 0x01 Val: 0x0000F00F
In clock cycle: 12
Register Write to Reg: 0x0B Val: 0xF00FF00F
In clock cycle: 12
Memory Write to Addr: 0x10010000 Val: 0xFFFFFFFF
In clock cycle: 13
Memory Write to Addr: 0x10010000 Val: 0x00000000
In clock cycle: 14
Memory Write to Addr: 0x10010000 Val: 0xF00FF00F
In clock cycle: 16
Register Write to Reg: 0x00 Val: 0x00000000
Execution is stopping! Clock Cycle: 16
