[inst #1] lui $1,0
Register Write to Reg: 0x01 Val: 0x00000000
[inst #2] ori $1,$1,65535
Register Write to Reg: 0x01 Val: 0x0000FFFF
[inst #3] add $1,$0,$1
Register Write to Reg: 0x01 Val: 0x0000FFFF
[inst #4] lui $1,65535
Register Write to Reg: 0x01 Val: 0xFFFF0000
[inst #5] lui $1,0
Register Write to Reg: 0x01 Val: 0x00000000
[inst #6] ori $1,$1,43690
Register Write to Reg: 0x01 Val: 0x0000AAAA
[inst #7] add $3,$0,$1
Register Write to Reg: 0x03 Val: 0x0000AAAA
[inst #8] lui $3,21845
Register Write to Reg: 0x03 Val: 0x55550000
[inst #9] addi $4,$0,0
Register Write to Reg: 0x04 Val: 0x00000000
[inst #10] lui $4,4660
Register Write to Reg: 0x04 Val: 0x12340000
[inst #11] or $2,$1,$0
Register Write to Reg: 0x02 Val: 0x0000AAAA
[inst #12] or $2,$1,$1
Register Write to Reg: 0x02 Val: 0x0000AAAA
[inst #13] or $2,$3,$4
Register Write to Reg: 0x02 Val: 0x57750000
[inst #14] or $2,$4,$3
Register Write to Reg: 0x02 Val: 0x57750000
[inst #15] or $2,$2,$4
Register Write to Reg: 0x02 Val: 0x57750000
[inst #16] or $2,$2,$1
Register Write to Reg: 0x02 Val: 0x5775AAAA
[inst #17] halt 

