[inst #1] addiu $1,$0,0
Register Write to Reg: 0x01 Val: 0x00000000
[inst #2] addiu $2,$0,0
Register Write to Reg: 0x02 Val: 0x00000000
[inst #3] addiu $3,$0,0
Register Write to Reg: 0x03 Val: 0x00000000
[inst #4] addiu $4,$0,0
Register Write to Reg: 0x04 Val: 0x00000000
[inst #5] addiu $5,$0,0
Register Write to Reg: 0x05 Val: 0x00000000
[inst #6] addiu $6,$0,0
Register Write to Reg: 0x06 Val: 0x00000000
[inst #7] addiu $7,$0,0
Register Write to Reg: 0x07 Val: 0x00000000
[inst #8] addiu $8,$0,0
Register Write to Reg: 0x08 Val: 0x00000000
[inst #9] addiu $9,$0,0
Register Write to Reg: 0x09 Val: 0x00000000
[inst #10] addiu $10,$0,0
Register Write to Reg: 0x0A Val: 0x00000000
[inst #11] addiu $11,$0,0
Register Write to Reg: 0x0B Val: 0x00000000
[inst #12] addiu $12,$0,0
Register Write to Reg: 0x0C Val: 0x00000000
[inst #13] addiu $13,$0,0
Register Write to Reg: 0x0D Val: 0x00000000
[inst #14] addiu $14,$0,0
Register Write to Reg: 0x0E Val: 0x00000000
[inst #15] addiu $15,$0,0
Register Write to Reg: 0x0F Val: 0x00000000
[inst #16] addiu $16,$0,0
Register Write to Reg: 0x10 Val: 0x00000000
[inst #17] addiu $17,$0,0
Register Write to Reg: 0x11 Val: 0x00000000
[inst #18] addiu $18,$0,0
Register Write to Reg: 0x12 Val: 0x00000000
[inst #19] addiu $19,$0,0
Register Write to Reg: 0x13 Val: 0x00000000
[inst #20] addiu $20,$0,0
Register Write to Reg: 0x14 Val: 0x00000000
[inst #21] addiu $21,$0,0
Register Write to Reg: 0x15 Val: 0x00000000
[inst #22] addiu $22,$0,0
Register Write to Reg: 0x16 Val: 0x00000000
[inst #23] addiu $23,$0,0
Register Write to Reg: 0x17 Val: 0x00000000
[inst #24] addiu $24,$0,0
Register Write to Reg: 0x18 Val: 0x00000000
[inst #25] addiu $25,$0,0
Register Write to Reg: 0x19 Val: 0x00000000
[inst #26] addiu $26,$0,0
Register Write to Reg: 0x1A Val: 0x00000000
[inst #27] addiu $27,$0,0
Register Write to Reg: 0x1B Val: 0x00000000
[inst #28] addiu $28,$0,0
Register Write to Reg: 0x1C Val: 0x00000000
[inst #29] addiu $29,$0,0
Register Write to Reg: 0x1D Val: 0x00000000
[inst #30] addiu $30,$0,0
Register Write to Reg: 0x1E Val: 0x00000000
[inst #31] addiu $31,$0,0
Register Write to Reg: 0x1F Val: 0x00000000
[inst #32] halt 

