[inst #1] addiu $8,$0,32
Register Write to Reg: 0x08 Val: 0x00000020
[inst #2] addiu $9,$0,-32
Register Write to Reg: 0x09 Val: 0xFFFFFFE0
[inst #3] sra $10,$8,1
Register Write to Reg: 0x0A Val: 0x00000010
[inst #4] sra $11,$9,1
Register Write to Reg: 0x0B Val: 0xFFFFFFF0
[inst #5] sra $12,$8,2
Register Write to Reg: 0x0C Val: 0x00000008
[inst #6] sra $13,$9,2
Register Write to Reg: 0x0D Val: 0xFFFFFFF8
[inst #7] sra $14,$8,3
Register Write to Reg: 0x0E Val: 0x00000004
[inst #8] sra $15,$9,3
Register Write to Reg: 0x0F Val: 0xFFFFFFFC
[inst #9] sra $24,$8,4
Register Write to Reg: 0x18 Val: 0x00000002
[inst #10] sra $25,$9,4
Register Write to Reg: 0x19 Val: 0xFFFFFFFE
[inst #11] halt 

