[inst #1] lui $8,169
Register Write to Reg: 0x08 Val: 0x00A90000
[inst #2] lui $9,65535
Register Write to Reg: 0x09 Val: 0xFFFF0000
[inst #3] lui $10,169
Register Write to Reg: 0x0A Val: 0x00A90000
[inst #4] lui $11,169
Register Write to Reg: 0x0B Val: 0x00A90000
[inst #5] lui $12,169
Register Write to Reg: 0x0C Val: 0x00A90000
[inst #6] lui $13,169
Register Write to Reg: 0x0D Val: 0x00A90000
[inst #7] srl $8,$8,0
Register Write to Reg: 0x08 Val: 0x00A90000
[inst #8] srl $9,$9,31
Register Write to Reg: 0x09 Val: 0x00000001
[inst #9] srl $10,$10,13
Register Write to Reg: 0x0A Val: 0x00000548
[inst #10] srl $11,$11,30
Register Write to Reg: 0x0B Val: 0x00000000
[inst #11] srl $12,$12,1
Register Write to Reg: 0x0C Val: 0x00548000
[inst #12] srl $13,$13,27
Register Write to Reg: 0x0D Val: 0x00000000
[inst #13] halt 

