In clock cycle: 3
Register Write to Reg: 0x00 Val: 0x00000000
In clock cycle: 4
Register Write to Reg: 0x01 Val: 0x10010000
In clock cycle: 5
Register Write to Reg: 0x04 Val: 0x10010000
In clock cycle: 6
Register Write to Reg: 0x05 Val: 0x0000000A
In clock cycle: 7
Register Write to Reg: 0x1F Val: 0x00400010
In clock cycle: 8
Register Write to Reg: 0x00 Val: 0x00000000
In clock cycle: 9
Register Write to Reg: 0x0B Val: 0x00000009
In clock cycle: 10
Register Write to Reg: 0x08 Val: 0x00000000
In clock cycle: 12
Register Write to Reg: 0x00 Val: 0x00000000
In clock cycle: 13
Register Write to Reg: 0x0C Val: 0x00000001
In clock cycle: 16
Register Write to Reg: 0x00 Val: 0x00000000
In clock cycle: 17
Register Write to Reg: 0x0A Val: 0x00000000
In clock cycle: 18
Register Write to Reg: 0x09 Val: 0x00000000
In clock cycle: 20
Register Write to Reg: 0x00 Val: 0x00000000
In clock cycle: 21
Register Write to Reg: 0x0C Val: 0x00000009
In clock cycle: 22
Register Write to Reg: 0x0C Val: 0x00000001
In clock cycle: 25
Register Write to Reg: 0x00 Val: 0x00000000
In clock cycle: 26
Register Write to Reg: 0x0C Val: 0x00000000
In clock cycle: 27
Register Write to Reg: 0x0D Val: 0x10010000
In clock cycle: 28
Register Write to Reg: 0x0E Val: 0x10010004
In clock cycle: 29
Register Write to Reg: 0x0F Val: 0x00000001
In clock cycle: 30
Register Write to Reg: 0x18 Val: 0x00000002
In clock cycle: 31
Register Write to Reg: 0x19 Val: 0x00000000
In clock cycle: 33
Memory Write to Addr: 0x10010000 Val: 0x00000002
In clock cycle: 34
Memory Write to Addr: 0x10010004 Val: 0x00000001
In clock cycle: 36
Register Write to Reg: 0x0A Val: 0x00000001
In clock cycle: 37
Register Write to Reg: 0x09 Val: 0x00000001
In clock cycle: 38
Register Write to Reg: 0x0C Val: 0x00000009
In clock cycle: 39
Register Write to Reg: 0x0C Val: 0x00000001
In clock cycle: 42
Register Write to Reg: 0x00 Val: 0x00000000
In clock cycle: 43
Register Write to Reg: 0x0C Val: 0x00000004
In clock cycle: 44
Register Write to Reg: 0x0D Val: 0x10010004
In clock cycle: 45
Register Write to Reg: 0x0E Val: 0x10010008
In clock cycle: 46
Register Write to Reg: 0x0F Val: 0x00000001
In clock cycle: 47
Register Write to Reg: 0x18 Val: 0x00000000
In clock cycle: 48
Register Write to Reg: 0x19 Val: 0x00000000
In clock cycle: 50
Memory Write to Addr: 0x10010004 Val: 0x00000000
In clock cycle: 51
Memory Write to Addr: 0x10010008 Val: 0x00000001
In clock cycle: 53
Register Write to Reg: 0x0A Val: 0x00000001
In clock cycle: 54
Register Write to Reg: 0x09 Val: 0x00000002
In clock cycle: 55
Register Write to Reg: 0x0C Val: 0x00000009
In clock cycle: 56
Register Write to Reg: 0x0C Val: 0x00000001
In clock cycle: 59
Register Write to Reg: 0x00 Val: 0x00000000
In clock cycle: 60
Register Write to Reg: 0x0C Val: 0x00000008
In clock cycle: 61
Register Write to Reg: 0x0D Val: 0x10010008
In clock cycle: 62
Register Write to Reg: 0x0E Val: 0x1001000C
In clock cycle: 63
Register Write to Reg: 0x0F Val: 0x00000001
In clock cycle: 64
Register Write to Reg: 0x18 Val: 0x00000005
In clock cycle: 65
Register Write to Reg: 0x19 Val: 0x00000000
In clock cycle: 67
Memory Write to Addr: 0x10010008 Val: 0x00000005
In clock cycle: 68
Memory Write to Addr: 0x1001000C Val: 0x00000001
In clock cycle: 70
Register Write to Reg: 0x0A Val: 0x00000001
In clock cycle: 71
Register Write to Reg: 0x09 Val: 0x00000003
In clock cycle: 72
Register Write to Reg: 0x0C Val: 0x00000009
In clock cycle: 73
Register Write to Reg: 0x0C Val: 0x00000001
In clock cycle: 76
Register Write to Reg: 0x00 Val: 0x00000000
In clock cycle: 77
Register Write to Reg: 0x0C Val: 0x0000000C
In clock cycle: 78
Register Write to Reg: 0x0D Val: 0x1001000C
In clock cycle: 79
Register Write to Reg: 0x0E Val: 0x10010010
In clock cycle: 80
Register Write to Reg: 0x0F Val: 0x00000001
In clock cycle: 81
Register Write to Reg: 0x18 Val: 0x00000004
In clock cycle: 82
Register Write to Reg: 0x19 Val: 0x00000000
In clock cycle: 84
Memory Write to Addr: 0x1001000C Val: 0x00000004
In clock cycle: 85
Memory Write to Addr: 0x10010010 Val: 0x00000001
In clock cycle: 87
Register Write to Reg: 0x0A Val: 0x00000001
In clock cycle: 88
Register Write to Reg: 0x09 Val: 0x00000004
In clock cycle: 89
Register Write to Reg: 0x0C Val: 0x00000009
In clock cycle: 90
Register Write to Reg: 0x0C Val: 0x00000001
In clock cycle: 93
Register Write to Reg: 0x00 Val: 0x00000000
In clock cycle: 94
Register Write to Reg: 0x0C Val: 0x00000010
In clock cycle: 95
Register Write to Reg: 0x0D Val: 0x10010010
In clock cycle: 96
Register Write to Reg: 0x0E Val: 0x10010014
In clock cycle: 97
Register Write to Reg: 0x0F Val: 0x00000001
In clock cycle: 98
Register Write to Reg: 0x18 Val: 0x00000003
In clock cycle: 99
Register Write to Reg: 0x19 Val: 0x00000000
In clock cycle: 101
Memory Write to Addr: 0x10010010 Val: 0x00000003
In clock cycle: 102
Memory Write to Addr: 0x10010014 Val: 0x00000001
In clock cycle: 104
Register Write to Reg: 0x0A Val: 0x00000001
In clock cycle: 105
Register Write to Reg: 0x09 Val: 0x00000005
In clock cycle: 106
Register Write to Reg: 0x0C Val: 0x00000009
In clock cycle: 107
Register Write to Reg: 0x0C Val: 0x00000001
In clock cycle: 110
Register Write to Reg: 0x00 Val: 0x00000000
In clock cycle: 111
Register Write to Reg: 0x0C Val: 0x00000014
In clock cycle: 112
Register Write to Reg: 0x0D Val: 0x10010014
In clock cycle: 113
Register Write to Reg: 0x0E Val: 0x10010018
In clock cycle: 114
Register Write to Reg: 0x0F Val: 0x00000001
In clock cycle: 115
Register Write to Reg: 0x18 Val: 0x00000006
In clock cycle: 116
Register Write to Reg: 0x19 Val: 0x00000000
In clock cycle: 118
Memory Write to Addr: 0x10010014 Val: 0x00000006
In clock cycle: 119
Memory Write to Addr: 0x10010018 Val: 0x00000001
In clock cycle: 121
Register Write to Reg: 0x0A Val: 0x00000001
In clock cycle: 122
Register Write to Reg: 0x09 Val: 0x00000006
In clock cycle: 123
Register Write to Reg: 0x0C Val: 0x00000009
In clock cycle: 124
Register Write to Reg: 0x0C Val: 0x00000001
In clock cycle: 127
Register Write to Reg: 0x00 Val: 0x00000000
In clock cycle: 128
Register Write to Reg: 0x0C Val: 0x00000018
In clock cycle: 129
Register Write to Reg: 0x0D Val: 0x10010018
In clock cycle: 130
Register Write to Reg: 0x0E Val: 0x1001001C
In clock cycle: 131
Register Write to Reg: 0x0F Val: 0x00000001
In clock cycle: 132
Register Write to Reg: 0x18 Val: 0x00000007
In clock cycle: 133
Register Write to Reg: 0x19 Val: 0x00000000
In clock cycle: 135
Memory Write to Addr: 0x10010018 Val: 0x00000007
In clock cycle: 136
Memory Write to Addr: 0x1001001C Val: 0x00000001
In clock cycle: 138
Register Write to Reg: 0x0A Val: 0x00000001
In clock cycle: 139
Register Write to Reg: 0x09 Val: 0x00000007
In clock cycle: 140
Register Write to Reg: 0x0C Val: 0x00000009
In clock cycle: 141
Register Write to Reg: 0x0C Val: 0x00000001
In clock cycle: 144
Register Write to Reg: 0x00 Val: 0x00000000
In clock cycle: 145
Register Write to Reg: 0x0C Val: 0x0000001C
In clock cycle: 146
Register Write to Reg: 0x0D Val: 0x1001001C
In clock cycle: 147
Register Write to Reg: 0x0E Val: 0x10010020
In clock cycle: 148
Register Write to Reg: 0x0F Val: 0x00000001
In clock cycle: 149
Register Write to Reg: 0x18 Val: 0x00000009
In clock cycle: 150
Register Write to Reg: 0x19 Val: 0x00000000
In clock cycle: 152
Memory Write to Addr: 0x1001001C Val: 0x00000009
In clock cycle: 153
Memory Write to Addr: 0x10010020 Val: 0x00000001
In clock cycle: 155
Register Write to Reg: 0x0A Val: 0x00000001
In clock cycle: 156
Register Write to Reg: 0x09 Val: 0x00000008
In clock cycle: 157
Register Write to Reg: 0x0C Val: 0x00000009
In clock cycle: 158
Register Write to Reg: 0x0C Val: 0x00000001
In clock cycle: 161
Register Write to Reg: 0x00 Val: 0x00000000
In clock cycle: 162
Register Write to Reg: 0x0C Val: 0x00000020
In clock cycle: 163
Register Write to Reg: 0x0D Val: 0x10010020
In clock cycle: 164
Register Write to Reg: 0x0E Val: 0x10010024
In clock cycle: 165
Register Write to Reg: 0x0F Val: 0x00000001
In clock cycle: 166
Register Write to Reg: 0x18 Val: 0x00000008
In clock cycle: 167
Register Write to Reg: 0x19 Val: 0x00000000
In clock cycle: 169
Memory Write to Addr: 0x10010020 Val: 0x00000008
In clock cycle: 170
Memory Write to Addr: 0x10010024 Val: 0x00000001
In clock cycle: 172
Register Write to Reg: 0x0A Val: 0x00000001
In clock cycle: 173
Register Write to Reg: 0x09 Val: 0x00000009
In clock cycle: 174
Register Write to Reg: 0x0C Val: 0x00000009
In clock cycle: 175
Register Write to Reg: 0x0C Val: 0x00000000
In clock cycle: 179
Register Write to Reg: 0x08 Val: 0x00000001
In clock cycle: 180
Register Write to Reg: 0x0C Val: 0x00000001
In clock cycle: 183
Register Write to Reg: 0x00 Val: 0x00000000
In clock cycle: 184
Register Write to Reg: 0x0A Val: 0x00000000
In clock cycle: 185
Register Write to Reg: 0x09 Val: 0x00000000
In clock cycle: 187
Register Write to Reg: 0x00 Val: 0x00000000
In clock cycle: 188
Register Write to Reg: 0x0C Val: 0x00000008
In clock cycle: 189
Register Write to Reg: 0x0C Val: 0x00000001
In clock cycle: 192
Register Write to Reg: 0x00 Val: 0x00000000
In clock cycle: 193
Register Write to Reg: 0x0C Val: 0x00000000
In clock cycle: 194
Register Write to Reg: 0x0D Val: 0x10010000
In clock cycle: 195
Register Write to Reg: 0x0E Val: 0x10010004
In clock cycle: 196
Register Write to Reg: 0x0F Val: 0x00000002
In clock cycle: 197
Register Write to Reg: 0x18 Val: 0x00000000
In clock cycle: 198
Register Write to Reg: 0x19 Val: 0x00000000
In clock cycle: 200
Memory Write to Addr: 0x10010000 Val: 0x00000000
In clock cycle: 201
Memory Write to Addr: 0x10010004 Val: 0x00000002
In clock cycle: 203
Register Write to Reg: 0x0A Val: 0x00000001
In clock cycle: 204
Register Write to Reg: 0x09 Val: 0x00000001
In clock cycle: 205
Register Write to Reg: 0x0C Val: 0x00000008
In clock cycle: 206
Register Write to Reg: 0x0C Val: 0x00000001
In clock cycle: 209
Register Write to Reg: 0x00 Val: 0x00000000
In clock cycle: 210
Register Write to Reg: 0x0C Val: 0x00000004
In clock cycle: 211
Register Write to Reg: 0x0D Val: 0x10010004
In clock cycle: 212
Register Write to Reg: 0x0E Val: 0x10010008
In clock cycle: 213
Register Write to Reg: 0x0F Val: 0x00000002
In clock cycle: 214
Register Write to Reg: 0x18 Val: 0x00000005
In clock cycle: 215
Register Write to Reg: 0x19 Val: 0x00000000
In clock cycle: 217
Memory Write to Addr: 0x10010004 Val: 0x00000005
In clock cycle: 218
Memory Write to Addr: 0x10010008 Val: 0x00000002
In clock cycle: 220
Register Write to Reg: 0x0A Val: 0x00000001
In clock cycle: 221
Register Write to Reg: 0x09 Val: 0x00000002
In clock cycle: 222
Register Write to Reg: 0x0C Val: 0x00000008
In clock cycle: 223
Register Write to Reg: 0x0C Val: 0x00000001
In clock cycle: 226
Register Write to Reg: 0x00 Val: 0x00000000
In clock cycle: 227
Register Write to Reg: 0x0C Val: 0x00000008
In clock cycle: 228
Register Write to Reg: 0x0D Val: 0x10010008
In clock cycle: 229
Register Write to Reg: 0x0E Val: 0x1001000C
In clock cycle: 230
Register Write to Reg: 0x0F Val: 0x00000002
In clock cycle: 231
Register Write to Reg: 0x18 Val: 0x00000004
In clock cycle: 232
Register Write to Reg: 0x19 Val: 0x00000000
In clock cycle: 234
Memory Write to Addr: 0x10010008 Val: 0x00000004
In clock cycle: 235
Memory Write to Addr: 0x1001000C Val: 0x00000002
In clock cycle: 237
Register Write to Reg: 0x0A Val: 0x00000001
In clock cycle: 238
Register Write to Reg: 0x09 Val: 0x00000003
In clock cycle: 239
Register Write to Reg: 0x0C Val: 0x00000008
In clock cycle: 240
Register Write to Reg: 0x0C Val: 0x00000001
In clock cycle: 243
Register Write to Reg: 0x00 Val: 0x00000000
In clock cycle: 244
Register Write to Reg: 0x0C Val: 0x0000000C
In clock cycle: 245
Register Write to Reg: 0x0D Val: 0x1001000C
In clock cycle: 246
Register Write to Reg: 0x0E Val: 0x10010010
In clock cycle: 247
Register Write to Reg: 0x0F Val: 0x00000002
In clock cycle: 248
Register Write to Reg: 0x18 Val: 0x00000003
In clock cycle: 249
Register Write to Reg: 0x19 Val: 0x00000000
In clock cycle: 251
Memory Write to Addr: 0x1001000C Val: 0x00000003
In clock cycle: 252
Memory Write to Addr: 0x10010010 Val: 0x00000002
In clock cycle: 254
Register Write to Reg: 0x0A Val: 0x00000001
In clock cycle: 255
Register Write to Reg: 0x09 Val: 0x00000004
In clock cycle: 256
Register Write to Reg: 0x0C Val: 0x00000008
In clock cycle: 257
Register Write to Reg: 0x0C Val: 0x00000001
In clock cycle: 260
Register Write to Reg: 0x00 Val: 0x00000000
In clock cycle: 261
Register Write to Reg: 0x0C Val: 0x00000010
In clock cycle: 262
Register Write to Reg: 0x0D Val: 0x10010010
In clock cycle: 263
Register Write to Reg: 0x0E Val: 0x10010014
In clock cycle: 264
Register Write to Reg: 0x0F Val: 0x00000002
In clock cycle: 265
Register Write to Reg: 0x18 Val: 0x00000006
In clock cycle: 266
Register Write to Reg: 0x19 Val: 0x00000000
In clock cycle: 268
Memory Write to Addr: 0x10010010 Val: 0x00000006
In clock cycle: 269
Memory Write to Addr: 0x10010014 Val: 0x00000002
In clock cycle: 271
Register Write to Reg: 0x0A Val: 0x00000001
In clock cycle: 272
Register Write to Reg: 0x09 Val: 0x00000005
In clock cycle: 273
Register Write to Reg: 0x0C Val: 0x00000008
In clock cycle: 274
Register Write to Reg: 0x0C Val: 0x00000001
In clock cycle: 277
Register Write to Reg: 0x00 Val: 0x00000000
In clock cycle: 278
Register Write to Reg: 0x0C Val: 0x00000014
In clock cycle: 279
Register Write to Reg: 0x0D Val: 0x10010014
In clock cycle: 280
Register Write to Reg: 0x0E Val: 0x10010018
In clock cycle: 281
Register Write to Reg: 0x0F Val: 0x00000002
In clock cycle: 282
Register Write to Reg: 0x18 Val: 0x00000007
In clock cycle: 283
Register Write to Reg: 0x19 Val: 0x00000000
In clock cycle: 285
Memory Write to Addr: 0x10010014 Val: 0x00000007
In clock cycle: 286
Memory Write to Addr: 0x10010018 Val: 0x00000002
In clock cycle: 288
Register Write to Reg: 0x0A Val: 0x00000001
In clock cycle: 289
Register Write to Reg: 0x09 Val: 0x00000006
In clock cycle: 290
Register Write to Reg: 0x0C Val: 0x00000008
In clock cycle: 291
Register Write to Reg: 0x0C Val: 0x00000001
In clock cycle: 294
Register Write to Reg: 0x00 Val: 0x00000000
In clock cycle: 295
Register Write to Reg: 0x0C Val: 0x00000018
In clock cycle: 296
Register Write to Reg: 0x0D Val: 0x10010018
In clock cycle: 297
Register Write to Reg: 0x0E Val: 0x1001001C
In clock cycle: 298
Register Write to Reg: 0x0F Val: 0x00000002
In clock cycle: 299
Register Write to Reg: 0x18 Val: 0x00000009
In clock cycle: 300
Register Write to Reg: 0x19 Val: 0x00000000
In clock cycle: 302
Memory Write to Addr: 0x10010018 Val: 0x00000009
In clock cycle: 303
Memory Write to Addr: 0x1001001C Val: 0x00000002
In clock cycle: 305
Register Write to Reg: 0x0A Val: 0x00000001
In clock cycle: 306
Register Write to Reg: 0x09 Val: 0x00000007
In clock cycle: 307
Register Write to Reg: 0x0C Val: 0x00000008
In clock cycle: 308
Register Write to Reg: 0x0C Val: 0x00000001
In clock cycle: 311
Register Write to Reg: 0x00 Val: 0x00000000
In clock cycle: 312
Register Write to Reg: 0x0C Val: 0x0000001C
In clock cycle: 313
Register Write to Reg: 0x0D Val: 0x1001001C
In clock cycle: 314
Register Write to Reg: 0x0E Val: 0x10010020
In clock cycle: 315
Register Write to Reg: 0x0F Val: 0x00000002
In clock cycle: 316
Register Write to Reg: 0x18 Val: 0x00000008
In clock cycle: 317
Register Write to Reg: 0x19 Val: 0x00000000
In clock cycle: 319
Memory Write to Addr: 0x1001001C Val: 0x00000008
In clock cycle: 320
Memory Write to Addr: 0x10010020 Val: 0x00000002
In clock cycle: 322
Register Write to Reg: 0x0A Val: 0x00000001
In clock cycle: 323
Register Write to Reg: 0x09 Val: 0x00000008
In clock cycle: 324
Register Write to Reg: 0x0C Val: 0x00000008
In clock cycle: 325
Register Write to Reg: 0x0C Val: 0x00000000
In clock cycle: 329
Register Write to Reg: 0x08 Val: 0x00000002
In clock cycle: 330
Register Write to Reg: 0x0C Val: 0x00000001
In clock cycle: 333
Register Write to Reg: 0x00 Val: 0x00000000
In clock cycle: 334
Register Write to Reg: 0x0A Val: 0x00000000
In clock cycle: 335
Register Write to Reg: 0x09 Val: 0x00000000
In clock cycle: 337
Register Write to Reg: 0x00 Val: 0x00000000
In clock cycle: 338
Register Write to Reg: 0x0C Val: 0x00000007
In clock cycle: 339
Register Write to Reg: 0x0C Val: 0x00000001
In clock cycle: 342
Register Write to Reg: 0x00 Val: 0x00000000
In clock cycle: 343
Register Write to Reg: 0x0C Val: 0x00000000
In clock cycle: 344
Register Write to Reg: 0x0D Val: 0x10010000
In clock cycle: 345
Register Write to Reg: 0x0E Val: 0x10010004
In clock cycle: 346
Register Write to Reg: 0x0F Val: 0x00000000
In clock cycle: 347
Register Write to Reg: 0x18 Val: 0x00000005
In clock cycle: 348
Register Write to Reg: 0x19 Val: 0x00000000
In clock cycle: 350
Memory Write to Addr: 0x10010000 Val: 0x00000005
In clock cycle: 351
Memory Write to Addr: 0x10010004 Val: 0x00000000
In clock cycle: 353
Register Write to Reg: 0x0A Val: 0x00000001
In clock cycle: 354
Register Write to Reg: 0x09 Val: 0x00000001
In clock cycle: 355
Register Write to Reg: 0x0C Val: 0x00000007
In clock cycle: 356
Register Write to Reg: 0x0C Val: 0x00000001
In clock cycle: 359
Register Write to Reg: 0x00 Val: 0x00000000
In clock cycle: 360
Register Write to Reg: 0x0C Val: 0x00000004
In clock cycle: 361
Register Write to Reg: 0x0D Val: 0x10010004
In clock cycle: 362
Register Write to Reg: 0x0E Val: 0x10010008
In clock cycle: 363
Register Write to Reg: 0x0F Val: 0x00000000
In clock cycle: 364
Register Write to Reg: 0x18 Val: 0x00000004
In clock cycle: 365
Register Write to Reg: 0x19 Val: 0x00000000
In clock cycle: 367
Memory Write to Addr: 0x10010004 Val: 0x00000004
In clock cycle: 368
Memory Write to Addr: 0x10010008 Val: 0x00000000
In clock cycle: 370
Register Write to Reg: 0x0A Val: 0x00000001
In clock cycle: 371
Register Write to Reg: 0x09 Val: 0x00000002
In clock cycle: 372
Register Write to Reg: 0x0C Val: 0x00000007
In clock cycle: 373
Register Write to Reg: 0x0C Val: 0x00000001
In clock cycle: 376
Register Write to Reg: 0x00 Val: 0x00000000
In clock cycle: 377
Register Write to Reg: 0x0C Val: 0x00000008
In clock cycle: 378
Register Write to Reg: 0x0D Val: 0x10010008
In clock cycle: 379
Register Write to Reg: 0x0E Val: 0x1001000C
In clock cycle: 380
Register Write to Reg: 0x0F Val: 0x00000000
In clock cycle: 381
Register Write to Reg: 0x18 Val: 0x00000003
In clock cycle: 382
Register Write to Reg: 0x19 Val: 0x00000000
In clock cycle: 384
Memory Write to Addr: 0x10010008 Val: 0x00000003
In clock cycle: 385
Memory Write to Addr: 0x1001000C Val: 0x00000000
In clock cycle: 387
Register Write to Reg: 0x0A Val: 0x00000001
In clock cycle: 388
Register Write to Reg: 0x09 Val: 0x00000003
In clock cycle: 389
Register Write to Reg: 0x0C Val: 0x00000007
In clock cycle: 390
Register Write to Reg: 0x0C Val: 0x00000001
In clock cycle: 393
Register Write to Reg: 0x00 Val: 0x00000000
In clock cycle: 394
Register Write to Reg: 0x0C Val: 0x0000000C
In clock cycle: 395
Register Write to Reg: 0x0D Val: 0x1001000C
In clock cycle: 396
Register Write to Reg: 0x0E Val: 0x10010010
In clock cycle: 397
Register Write to Reg: 0x0F Val: 0x00000000
In clock cycle: 398
Register Write to Reg: 0x18 Val: 0x00000006
In clock cycle: 399
Register Write to Reg: 0x19 Val: 0x00000000
In clock cycle: 401
Memory Write to Addr: 0x1001000C Val: 0x00000006
In clock cycle: 402
Memory Write to Addr: 0x10010010 Val: 0x00000000
In clock cycle: 404
Register Write to Reg: 0x0A Val: 0x00000001
In clock cycle: 405
Register Write to Reg: 0x09 Val: 0x00000004
In clock cycle: 406
Register Write to Reg: 0x0C Val: 0x00000007
In clock cycle: 407
Register Write to Reg: 0x0C Val: 0x00000001
In clock cycle: 410
Register Write to Reg: 0x00 Val: 0x00000000
In clock cycle: 411
Register Write to Reg: 0x0C Val: 0x00000010
In clock cycle: 412
Register Write to Reg: 0x0D Val: 0x10010010
In clock cycle: 413
Register Write to Reg: 0x0E Val: 0x10010014
In clock cycle: 414
Register Write to Reg: 0x0F Val: 0x00000000
In clock cycle: 415
Register Write to Reg: 0x18 Val: 0x00000007
In clock cycle: 416
Register Write to Reg: 0x19 Val: 0x00000000
In clock cycle: 418
Memory Write to Addr: 0x10010010 Val: 0x00000007
In clock cycle: 419
Memory Write to Addr: 0x10010014 Val: 0x00000000
In clock cycle: 421
Register Write to Reg: 0x0A Val: 0x00000001
In clock cycle: 422
Register Write to Reg: 0x09 Val: 0x00000005
In clock cycle: 423
Register Write to Reg: 0x0C Val: 0x00000007
In clock cycle: 424
Register Write to Reg: 0x0C Val: 0x00000001
In clock cycle: 427
Register Write to Reg: 0x00 Val: 0x00000000
In clock cycle: 428
Register Write to Reg: 0x0C Val: 0x00000014
In clock cycle: 429
Register Write to Reg: 0x0D Val: 0x10010014
In clock cycle: 430
Register Write to Reg: 0x0E Val: 0x10010018
In clock cycle: 431
Register Write to Reg: 0x0F Val: 0x00000000
In clock cycle: 432
Register Write to Reg: 0x18 Val: 0x00000009
In clock cycle: 433
Register Write to Reg: 0x19 Val: 0x00000000
In clock cycle: 435
Memory Write to Addr: 0x10010014 Val: 0x00000009
In clock cycle: 436
Memory Write to Addr: 0x10010018 Val: 0x00000000
In clock cycle: 438
Register Write to Reg: 0x0A Val: 0x00000001
In clock cycle: 439
Register Write to Reg: 0x09 Val: 0x00000006
In clock cycle: 440
Register Write to Reg: 0x0C Val: 0x00000007
In clock cycle: 441
Register Write to Reg: 0x0C Val: 0x00000001
In clock cycle: 444
Register Write to Reg: 0x00 Val: 0x00000000
In clock cycle: 445
Register Write to Reg: 0x0C Val: 0x00000018
In clock cycle: 446
Register Write to Reg: 0x0D Val: 0x10010018
In clock cycle: 447
Register Write to Reg: 0x0E Val: 0x1001001C
In clock cycle: 448
Register Write to Reg: 0x0F Val: 0x00000000
In clock cycle: 449
Register Write to Reg: 0x18 Val: 0x00000008
In clock cycle: 450
Register Write to Reg: 0x19 Val: 0x00000000
In clock cycle: 452
Memory Write to Addr: 0x10010018 Val: 0x00000008
In clock cycle: 453
Memory Write to Addr: 0x1001001C Val: 0x00000000
In clock cycle: 455
Register Write to Reg: 0x0A Val: 0x00000001
In clock cycle: 456
Register Write to Reg: 0x09 Val: 0x00000007
In clock cycle: 457
Register Write to Reg: 0x0C Val: 0x00000007
In clock cycle: 458
Register Write to Reg: 0x0C Val: 0x00000000
In clock cycle: 462
Register Write to Reg: 0x08 Val: 0x00000003
In clock cycle: 463
Register Write to Reg: 0x0C Val: 0x00000001
In clock cycle: 466
Register Write to Reg: 0x00 Val: 0x00000000
In clock cycle: 467
Register Write to Reg: 0x0A Val: 0x00000000
In clock cycle: 468
Register Write to Reg: 0x09 Val: 0x00000000
In clock cycle: 470
Register Write to Reg: 0x00 Val: 0x00000000
In clock cycle: 471
Register Write to Reg: 0x0C Val: 0x00000006
In clock cycle: 472
Register Write to Reg: 0x0C Val: 0x00000001
In clock cycle: 475
Register Write to Reg: 0x00 Val: 0x00000000
In clock cycle: 476
Register Write to Reg: 0x0C Val: 0x00000000
In clock cycle: 477
Register Write to Reg: 0x0D Val: 0x10010000
In clock cycle: 478
Register Write to Reg: 0x0E Val: 0x10010004
In clock cycle: 479
Register Write to Reg: 0x0F Val: 0x00000005
In clock cycle: 480
Register Write to Reg: 0x18 Val: 0x00000004
In clock cycle: 481
Register Write to Reg: 0x19 Val: 0x00000000
In clock cycle: 483
Memory Write to Addr: 0x10010000 Val: 0x00000004
In clock cycle: 484
Memory Write to Addr: 0x10010004 Val: 0x00000005
In clock cycle: 486
Register Write to Reg: 0x0A Val: 0x00000001
In clock cycle: 487
Register Write to Reg: 0x09 Val: 0x00000001
In clock cycle: 488
Register Write to Reg: 0x0C Val: 0x00000006
In clock cycle: 489
Register Write to Reg: 0x0C Val: 0x00000001
In clock cycle: 492
Register Write to Reg: 0x00 Val: 0x00000000
In clock cycle: 493
Register Write to Reg: 0x0C Val: 0x00000004
In clock cycle: 494
Register Write to Reg: 0x0D Val: 0x10010004
In clock cycle: 495
Register Write to Reg: 0x0E Val: 0x10010008
In clock cycle: 496
Register Write to Reg: 0x0F Val: 0x00000005
In clock cycle: 497
Register Write to Reg: 0x18 Val: 0x00000003
In clock cycle: 498
Register Write to Reg: 0x19 Val: 0x00000000
In clock cycle: 500
Memory Write to Addr: 0x10010004 Val: 0x00000003
In clock cycle: 501
Memory Write to Addr: 0x10010008 Val: 0x00000005
In clock cycle: 503
Register Write to Reg: 0x0A Val: 0x00000001
In clock cycle: 504
Register Write to Reg: 0x09 Val: 0x00000002
In clock cycle: 505
Register Write to Reg: 0x0C Val: 0x00000006
In clock cycle: 506
Register Write to Reg: 0x0C Val: 0x00000001
In clock cycle: 509
Register Write to Reg: 0x00 Val: 0x00000000
In clock cycle: 510
Register Write to Reg: 0x0C Val: 0x00000008
In clock cycle: 511
Register Write to Reg: 0x0D Val: 0x10010008
In clock cycle: 512
Register Write to Reg: 0x0E Val: 0x1001000C
In clock cycle: 513
Register Write to Reg: 0x0F Val: 0x00000005
In clock cycle: 514
Register Write to Reg: 0x18 Val: 0x00000006
In clock cycle: 515
Register Write to Reg: 0x19 Val: 0x00000000
In clock cycle: 517
Memory Write to Addr: 0x10010008 Val: 0x00000006
In clock cycle: 518
Memory Write to Addr: 0x1001000C Val: 0x00000005
In clock cycle: 520
Register Write to Reg: 0x0A Val: 0x00000001
In clock cycle: 521
Register Write to Reg: 0x09 Val: 0x00000003
In clock cycle: 522
Register Write to Reg: 0x0C Val: 0x00000006
In clock cycle: 523
Register Write to Reg: 0x0C Val: 0x00000001
In clock cycle: 526
Register Write to Reg: 0x00 Val: 0x00000000
In clock cycle: 527
Register Write to Reg: 0x0C Val: 0x0000000C
In clock cycle: 528
Register Write to Reg: 0x0D Val: 0x1001000C
In clock cycle: 529
Register Write to Reg: 0x0E Val: 0x10010010
In clock cycle: 530
Register Write to Reg: 0x0F Val: 0x00000005
In clock cycle: 531
Register Write to Reg: 0x18 Val: 0x00000007
In clock cycle: 532
Register Write to Reg: 0x19 Val: 0x00000000
In clock cycle: 534
Memory Write to Addr: 0x1001000C Val: 0x00000007
In clock cycle: 535
Memory Write to Addr: 0x10010010 Val: 0x00000005
In clock cycle: 537
Register Write to Reg: 0x0A Val: 0x00000001
In clock cycle: 538
Register Write to Reg: 0x09 Val: 0x00000004
In clock cycle: 539
Register Write to Reg: 0x0C Val: 0x00000006
In clock cycle: 540
Register Write to Reg: 0x0C Val: 0x00000001
In clock cycle: 543
Register Write to Reg: 0x00 Val: 0x00000000
In clock cycle: 544
Register Write to Reg: 0x0C Val: 0x00000010
In clock cycle: 545
Register Write to Reg: 0x0D Val: 0x10010010
In clock cycle: 546
Register Write to Reg: 0x0E Val: 0x10010014
In clock cycle: 547
Register Write to Reg: 0x0F Val: 0x00000005
In clock cycle: 548
Register Write to Reg: 0x18 Val: 0x00000009
In clock cycle: 549
Register Write to Reg: 0x19 Val: 0x00000000
In clock cycle: 551
Memory Write to Addr: 0x10010010 Val: 0x00000009
In clock cycle: 552
Memory Write to Addr: 0x10010014 Val: 0x00000005
In clock cycle: 554
Register Write to Reg: 0x0A Val: 0x00000001
In clock cycle: 555
Register Write to Reg: 0x09 Val: 0x00000005
In clock cycle: 556
Register Write to Reg: 0x0C Val: 0x00000006
In clock cycle: 557
Register Write to Reg: 0x0C Val: 0x00000001
In clock cycle: 560
Register Write to Reg: 0x00 Val: 0x00000000
In clock cycle: 561
Register Write to Reg: 0x0C Val: 0x00000014
In clock cycle: 562
Register Write to Reg: 0x0D Val: 0x10010014
In clock cycle: 563
Register Write to Reg: 0x0E Val: 0x10010018
In clock cycle: 564
Register Write to Reg: 0x0F Val: 0x00000005
In clock cycle: 565
Register Write to Reg: 0x18 Val: 0x00000008
In clock cycle: 566
Register Write to Reg: 0x19 Val: 0x00000000
In clock cycle: 568
Memory Write to Addr: 0x10010014 Val: 0x00000008
In clock cycle: 569
Memory Write to Addr: 0x10010018 Val: 0x00000005
In clock cycle: 571
Register Write to Reg: 0x0A Val: 0x00000001
In clock cycle: 572
Register Write to Reg: 0x09 Val: 0x00000006
In clock cycle: 573
Register Write to Reg: 0x0C Val: 0x00000006
In clock cycle: 574
Register Write to Reg: 0x0C Val: 0x00000000
In clock cycle: 578
Register Write to Reg: 0x08 Val: 0x00000004
In clock cycle: 579
Register Write to Reg: 0x0C Val: 0x00000001
In clock cycle: 582
Register Write to Reg: 0x00 Val: 0x00000000
In clock cycle: 583
Register Write to Reg: 0x0A Val: 0x00000000
In clock cycle: 584
Register Write to Reg: 0x09 Val: 0x00000000
In clock cycle: 586
Register Write to Reg: 0x00 Val: 0x00000000
In clock cycle: 587
Register Write to Reg: 0x0C Val: 0x00000005
In clock cycle: 588
Register Write to Reg: 0x0C Val: 0x00000001
In clock cycle: 591
Register Write to Reg: 0x00 Val: 0x00000000
In clock cycle: 592
Register Write to Reg: 0x0C Val: 0x00000000
In clock cycle: 593
Register Write to Reg: 0x0D Val: 0x10010000
In clock cycle: 594
Register Write to Reg: 0x0E Val: 0x10010004
In clock cycle: 595
Register Write to Reg: 0x0F Val: 0x00000004
In clock cycle: 596
Register Write to Reg: 0x18 Val: 0x00000003
In clock cycle: 597
Register Write to Reg: 0x19 Val: 0x00000000
In clock cycle: 599
Memory Write to Addr: 0x10010000 Val: 0x00000003
In clock cycle: 600
Memory Write to Addr: 0x10010004 Val: 0x00000004
In clock cycle: 602
Register Write to Reg: 0x0A Val: 0x00000001
In clock cycle: 603
Register Write to Reg: 0x09 Val: 0x00000001
In clock cycle: 604
Register Write to Reg: 0x0C Val: 0x00000005
In clock cycle: 605
Register Write to Reg: 0x0C Val: 0x00000001
In clock cycle: 608
Register Write to Reg: 0x00 Val: 0x00000000
In clock cycle: 609
Register Write to Reg: 0x0C Val: 0x00000004
In clock cycle: 610
Register Write to Reg: 0x0D Val: 0x10010004
In clock cycle: 611
Register Write to Reg: 0x0E Val: 0x10010008
In clock cycle: 612
Register Write to Reg: 0x0F Val: 0x00000004
In clock cycle: 613
Register Write to Reg: 0x18 Val: 0x00000006
In clock cycle: 614
Register Write to Reg: 0x19 Val: 0x00000000
In clock cycle: 616
Memory Write to Addr: 0x10010004 Val: 0x00000006
In clock cycle: 617
Memory Write to Addr: 0x10010008 Val: 0x00000004
In clock cycle: 619
Register Write to Reg: 0x0A Val: 0x00000001
In clock cycle: 620
Register Write to Reg: 0x09 Val: 0x00000002
In clock cycle: 621
Register Write to Reg: 0x0C Val: 0x00000005
In clock cycle: 622
Register Write to Reg: 0x0C Val: 0x00000001
In clock cycle: 625
Register Write to Reg: 0x00 Val: 0x00000000
In clock cycle: 626
Register Write to Reg: 0x0C Val: 0x00000008
In clock cycle: 627
Register Write to Reg: 0x0D Val: 0x10010008
In clock cycle: 628
Register Write to Reg: 0x0E Val: 0x1001000C
In clock cycle: 629
Register Write to Reg: 0x0F Val: 0x00000004
In clock cycle: 630
Register Write to Reg: 0x18 Val: 0x00000007
In clock cycle: 631
Register Write to Reg: 0x19 Val: 0x00000000
In clock cycle: 633
Memory Write to Addr: 0x10010008 Val: 0x00000007
In clock cycle: 634
Memory Write to Addr: 0x1001000C Val: 0x00000004
In clock cycle: 636
Register Write to Reg: 0x0A Val: 0x00000001
In clock cycle: 637
Register Write to Reg: 0x09 Val: 0x00000003
In clock cycle: 638
Register Write to Reg: 0x0C Val: 0x00000005
In clock cycle: 639
Register Write to Reg: 0x0C Val: 0x00000001
In clock cycle: 642
Register Write to Reg: 0x00 Val: 0x00000000
In clock cycle: 643
Register Write to Reg: 0x0C Val: 0x0000000C
In clock cycle: 644
Register Write to Reg: 0x0D Val: 0x1001000C
In clock cycle: 645
Register Write to Reg: 0x0E Val: 0x10010010
In clock cycle: 646
Register Write to Reg: 0x0F Val: 0x00000004
In clock cycle: 647
Register Write to Reg: 0x18 Val: 0x00000009
In clock cycle: 648
Register Write to Reg: 0x19 Val: 0x00000000
In clock cycle: 650
Memory Write to Addr: 0x1001000C Val: 0x00000009
In clock cycle: 651
Memory Write to Addr: 0x10010010 Val: 0x00000004
In clock cycle: 653
Register Write to Reg: 0x0A Val: 0x00000001
In clock cycle: 654
Register Write to Reg: 0x09 Val: 0x00000004
In clock cycle: 655
Register Write to Reg: 0x0C Val: 0x00000005
In clock cycle: 656
Register Write to Reg: 0x0C Val: 0x00000001
In clock cycle: 659
Register Write to Reg: 0x00 Val: 0x00000000
In clock cycle: 660
Register Write to Reg: 0x0C Val: 0x00000010
In clock cycle: 661
Register Write to Reg: 0x0D Val: 0x10010010
In clock cycle: 662
Register Write to Reg: 0x0E Val: 0x10010014
In clock cycle: 663
Register Write to Reg: 0x0F Val: 0x00000004
In clock cycle: 664
Register Write to Reg: 0x18 Val: 0x00000008
In clock cycle: 665
Register Write to Reg: 0x19 Val: 0x00000000
In clock cycle: 667
Memory Write to Addr: 0x10010010 Val: 0x00000008
In clock cycle: 668
Memory Write to Addr: 0x10010014 Val: 0x00000004
In clock cycle: 670
Register Write to Reg: 0x0A Val: 0x00000001
In clock cycle: 671
Register Write to Reg: 0x09 Val: 0x00000005
In clock cycle: 672
Register Write to Reg: 0x0C Val: 0x00000005
In clock cycle: 673
Register Write to Reg: 0x0C Val: 0x00000000
In clock cycle: 677
Register Write to Reg: 0x08 Val: 0x00000005
In clock cycle: 678
Register Write to Reg: 0x0C Val: 0x00000001
In clock cycle: 681
Register Write to Reg: 0x00 Val: 0x00000000
In clock cycle: 682
Register Write to Reg: 0x0A Val: 0x00000000
In clock cycle: 683
Register Write to Reg: 0x09 Val: 0x00000000
In clock cycle: 685
Register Write to Reg: 0x00 Val: 0x00000000
In clock cycle: 686
Register Write to Reg: 0x0C Val: 0x00000004
In clock cycle: 687
Register Write to Reg: 0x0C Val: 0x00000001
In clock cycle: 690
Register Write to Reg: 0x00 Val: 0x00000000
In clock cycle: 691
Register Write to Reg: 0x0C Val: 0x00000000
In clock cycle: 692
Register Write to Reg: 0x0D Val: 0x10010000
In clock cycle: 693
Register Write to Reg: 0x0E Val: 0x10010004
In clock cycle: 694
Register Write to Reg: 0x0F Val: 0x00000003
In clock cycle: 695
Register Write to Reg: 0x18 Val: 0x00000006
In clock cycle: 696
Register Write to Reg: 0x19 Val: 0x00000000
In clock cycle: 698
Memory Write to Addr: 0x10010000 Val: 0x00000006
In clock cycle: 699
Memory Write to Addr: 0x10010004 Val: 0x00000003
In clock cycle: 701
Register Write to Reg: 0x0A Val: 0x00000001
In clock cycle: 702
Register Write to Reg: 0x09 Val: 0x00000001
In clock cycle: 703
Register Write to Reg: 0x0C Val: 0x00000004
In clock cycle: 704
Register Write to Reg: 0x0C Val: 0x00000001
In clock cycle: 707
Register Write to Reg: 0x00 Val: 0x00000000
In clock cycle: 708
Register Write to Reg: 0x0C Val: 0x00000004
In clock cycle: 709
Register Write to Reg: 0x0D Val: 0x10010004
In clock cycle: 710
Register Write to Reg: 0x0E Val: 0x10010008
In clock cycle: 711
Register Write to Reg: 0x0F Val: 0x00000003
In clock cycle: 712
Register Write to Reg: 0x18 Val: 0x00000007
In clock cycle: 713
Register Write to Reg: 0x19 Val: 0x00000000
In clock cycle: 715
Memory Write to Addr: 0x10010004 Val: 0x00000007
In clock cycle: 716
Memory Write to Addr: 0x10010008 Val: 0x00000003
In clock cycle: 718
Register Write to Reg: 0x0A Val: 0x00000001
In clock cycle: 719
Register Write to Reg: 0x09 Val: 0x00000002
In clock cycle: 720
Register Write to Reg: 0x0C Val: 0x00000004
In clock cycle: 721
Register Write to Reg: 0x0C Val: 0x00000001
In clock cycle: 724
Register Write to Reg: 0x00 Val: 0x00000000
In clock cycle: 725
Register Write to Reg: 0x0C Val: 0x00000008
In clock cycle: 726
Register Write to Reg: 0x0D Val: 0x10010008
In clock cycle: 727
Register Write to Reg: 0x0E Val: 0x1001000C
In clock cycle: 728
Register Write to Reg: 0x0F Val: 0x00000003
In clock cycle: 729
Register Write to Reg: 0x18 Val: 0x00000009
In clock cycle: 730
Register Write to Reg: 0x19 Val: 0x00000000
In clock cycle: 732
Memory Write to Addr: 0x10010008 Val: 0x00000009
In clock cycle: 733
Memory Write to Addr: 0x1001000C Val: 0x00000003
In clock cycle: 735
Register Write to Reg: 0x0A Val: 0x00000001
In clock cycle: 736
Register Write to Reg: 0x09 Val: 0x00000003
In clock cycle: 737
Register Write to Reg: 0x0C Val: 0x00000004
In clock cycle: 738
Register Write to Reg: 0x0C Val: 0x00000001
In clock cycle: 741
Register Write to Reg: 0x00 Val: 0x00000000
In clock cycle: 742
Register Write to Reg: 0x0C Val: 0x0000000C
In clock cycle: 743
Register Write to Reg: 0x0D Val: 0x1001000C
In clock cycle: 744
Register Write to Reg: 0x0E Val: 0x10010010
In clock cycle: 745
Register Write to Reg: 0x0F Val: 0x00000003
In clock cycle: 746
Register Write to Reg: 0x18 Val: 0x00000008
In clock cycle: 747
Register Write to Reg: 0x19 Val: 0x00000000
In clock cycle: 749
Memory Write to Addr: 0x1001000C Val: 0x00000008
In clock cycle: 750
Memory Write to Addr: 0x10010010 Val: 0x00000003
In clock cycle: 752
Register Write to Reg: 0x0A Val: 0x00000001
In clock cycle: 753
Register Write to Reg: 0x09 Val: 0x00000004
In clock cycle: 754
Register Write to Reg: 0x0C Val: 0x00000004
In clock cycle: 755
Register Write to Reg: 0x0C Val: 0x00000000
In clock cycle: 759
Register Write to Reg: 0x08 Val: 0x00000006
In clock cycle: 760
Register Write to Reg: 0x0C Val: 0x00000001
In clock cycle: 763
Register Write to Reg: 0x00 Val: 0x00000000
In clock cycle: 764
Register Write to Reg: 0x0A Val: 0x00000000
In clock cycle: 765
Register Write to Reg: 0x09 Val: 0x00000000
In clock cycle: 767
Register Write to Reg: 0x00 Val: 0x00000000
In clock cycle: 768
Register Write to Reg: 0x0C Val: 0x00000003
In clock cycle: 769
Register Write to Reg: 0x0C Val: 0x00000001
In clock cycle: 772
Register Write to Reg: 0x00 Val: 0x00000000
In clock cycle: 773
Register Write to Reg: 0x0C Val: 0x00000000
In clock cycle: 774
Register Write to Reg: 0x0D Val: 0x10010000
In clock cycle: 775
Register Write to Reg: 0x0E Val: 0x10010004
In clock cycle: 776
Register Write to Reg: 0x0F Val: 0x00000006
In clock cycle: 777
Register Write to Reg: 0x18 Val: 0x00000007
In clock cycle: 778
Register Write to Reg: 0x19 Val: 0x00000000
In clock cycle: 780
Memory Write to Addr: 0x10010000 Val: 0x00000007
In clock cycle: 781
Memory Write to Addr: 0x10010004 Val: 0x00000006
In clock cycle: 783
Register Write to Reg: 0x0A Val: 0x00000001
In clock cycle: 784
Register Write to Reg: 0x09 Val: 0x00000001
In clock cycle: 785
Register Write to Reg: 0x0C Val: 0x00000003
In clock cycle: 786
Register Write to Reg: 0x0C Val: 0x00000001
In clock cycle: 789
Register Write to Reg: 0x00 Val: 0x00000000
In clock cycle: 790
Register Write to Reg: 0x0C Val: 0x00000004
In clock cycle: 791
Register Write to Reg: 0x0D Val: 0x10010004
In clock cycle: 792
Register Write to Reg: 0x0E Val: 0x10010008
In clock cycle: 793
Register Write to Reg: 0x0F Val: 0x00000006
In clock cycle: 794
Register Write to Reg: 0x18 Val: 0x00000009
In clock cycle: 795
Register Write to Reg: 0x19 Val: 0x00000000
In clock cycle: 797
Memory Write to Addr: 0x10010004 Val: 0x00000009
In clock cycle: 798
Memory Write to Addr: 0x10010008 Val: 0x00000006
In clock cycle: 800
Register Write to Reg: 0x0A Val: 0x00000001
In clock cycle: 801
Register Write to Reg: 0x09 Val: 0x00000002
In clock cycle: 802
Register Write to Reg: 0x0C Val: 0x00000003
In clock cycle: 803
Register Write to Reg: 0x0C Val: 0x00000001
In clock cycle: 806
Register Write to Reg: 0x00 Val: 0x00000000
In clock cycle: 807
Register Write to Reg: 0x0C Val: 0x00000008
In clock cycle: 808
Register Write to Reg: 0x0D Val: 0x10010008
In clock cycle: 809
Register Write to Reg: 0x0E Val: 0x1001000C
In clock cycle: 810
Register Write to Reg: 0x0F Val: 0x00000006
In clock cycle: 811
Register Write to Reg: 0x18 Val: 0x00000008
In clock cycle: 812
Register Write to Reg: 0x19 Val: 0x00000000
In clock cycle: 814
Memory Write to Addr: 0x10010008 Val: 0x00000008
In clock cycle: 815
Memory Write to Addr: 0x1001000C Val: 0x00000006
In clock cycle: 817
Register Write to Reg: 0x0A Val: 0x00000001
In clock cycle: 818
Register Write to Reg: 0x09 Val: 0x00000003
In clock cycle: 819
Register Write to Reg: 0x0C Val: 0x00000003
In clock cycle: 820
Register Write to Reg: 0x0C Val: 0x00000000
In clock cycle: 824
Register Write to Reg: 0x08 Val: 0x00000007
In clock cycle: 825
Register Write to Reg: 0x0C Val: 0x00000001
In clock cycle: 828
Register Write to Reg: 0x00 Val: 0x00000000
In clock cycle: 829
Register Write to Reg: 0x0A Val: 0x00000000
In clock cycle: 830
Register Write to Reg: 0x09 Val: 0x00000000
In clock cycle: 832
Register Write to Reg: 0x00 Val: 0x00000000
In clock cycle: 833
Register Write to Reg: 0x0C Val: 0x00000002
In clock cycle: 834
Register Write to Reg: 0x0C Val: 0x00000001
In clock cycle: 837
Register Write to Reg: 0x00 Val: 0x00000000
In clock cycle: 838
Register Write to Reg: 0x0C Val: 0x00000000
In clock cycle: 839
Register Write to Reg: 0x0D Val: 0x10010000
In clock cycle: 840
Register Write to Reg: 0x0E Val: 0x10010004
In clock cycle: 841
Register Write to Reg: 0x0F Val: 0x00000007
In clock cycle: 842
Register Write to Reg: 0x18 Val: 0x00000009
In clock cycle: 843
Register Write to Reg: 0x19 Val: 0x00000000
In clock cycle: 845
Memory Write to Addr: 0x10010000 Val: 0x00000009
In clock cycle: 846
Memory Write to Addr: 0x10010004 Val: 0x00000007
In clock cycle: 848
Register Write to Reg: 0x0A Val: 0x00000001
In clock cycle: 849
Register Write to Reg: 0x09 Val: 0x00000001
In clock cycle: 850
Register Write to Reg: 0x0C Val: 0x00000002
In clock cycle: 851
Register Write to Reg: 0x0C Val: 0x00000001
In clock cycle: 854
Register Write to Reg: 0x00 Val: 0x00000000
In clock cycle: 855
Register Write to Reg: 0x0C Val: 0x00000004
In clock cycle: 856
Register Write to Reg: 0x0D Val: 0x10010004
In clock cycle: 857
Register Write to Reg: 0x0E Val: 0x10010008
In clock cycle: 858
Register Write to Reg: 0x0F Val: 0x00000007
In clock cycle: 859
Register Write to Reg: 0x18 Val: 0x00000008
In clock cycle: 860
Register Write to Reg: 0x19 Val: 0x00000000
In clock cycle: 862
Memory Write to Addr: 0x10010004 Val: 0x00000008
In clock cycle: 863
Memory Write to Addr: 0x10010008 Val: 0x00000007
In clock cycle: 865
Register Write to Reg: 0x0A Val: 0x00000001
In clock cycle: 866
Register Write to Reg: 0x09 Val: 0x00000002
In clock cycle: 867
Register Write to Reg: 0x0C Val: 0x00000002
In clock cycle: 868
Register Write to Reg: 0x0C Val: 0x00000000
In clock cycle: 872
Register Write to Reg: 0x08 Val: 0x00000008
In clock cycle: 873
Register Write to Reg: 0x0C Val: 0x00000001
In clock cycle: 876
Register Write to Reg: 0x00 Val: 0x00000000
In clock cycle: 877
Register Write to Reg: 0x0A Val: 0x00000000
In clock cycle: 878
Register Write to Reg: 0x09 Val: 0x00000000
In clock cycle: 880
Register Write to Reg: 0x00 Val: 0x00000000
In clock cycle: 881
Register Write to Reg: 0x0C Val: 0x00000001
In clock cycle: 882
Register Write to Reg: 0x0C Val: 0x00000001
In clock cycle: 885
Register Write to Reg: 0x00 Val: 0x00000000
In clock cycle: 886
Register Write to Reg: 0x0C Val: 0x00000000
In clock cycle: 887
Register Write to Reg: 0x0D Val: 0x10010000
In clock cycle: 888
Register Write to Reg: 0x0E Val: 0x10010004
In clock cycle: 889
Register Write to Reg: 0x0F Val: 0x00000009
In clock cycle: 890
Register Write to Reg: 0x18 Val: 0x00000008
In clock cycle: 891
Register Write to Reg: 0x19 Val: 0x00000000
In clock cycle: 893
Memory Write to Addr: 0x10010000 Val: 0x00000008
In clock cycle: 894
Memory Write to Addr: 0x10010004 Val: 0x00000009
In clock cycle: 896
Register Write to Reg: 0x0A Val: 0x00000001
In clock cycle: 897
Register Write to Reg: 0x09 Val: 0x00000001
In clock cycle: 898
Register Write to Reg: 0x0C Val: 0x00000001
In clock cycle: 899
Register Write to Reg: 0x0C Val: 0x00000000
In clock cycle: 903
Register Write to Reg: 0x08 Val: 0x00000009
In clock cycle: 904
Register Write to Reg: 0x0C Val: 0x00000000
In clock cycle: 907
Register Write to Reg: 0x00 Val: 0x00000000
In clock cycle: 908
Register Write to Reg: 0x00 Val: 0x00000000
In clock cycle: 910
Register Write to Reg: 0x00 Val: 0x00000000
In clock cycle: 911
Register Write to Reg: 0x00 Val: 0x00000000
Execution is stopping! Clock Cycle: 911
