[inst #1] addiu $8,$0,10
Register Write to Reg: 0x08 Val: 0x0000000A
[inst #2] slti $9,$8,5
Register Write to Reg: 0x09 Val: 0x00000000
[inst #3] addiu $8,$0,10
Register Write to Reg: 0x08 Val: 0x0000000A
[inst #4] slti $9,$8,20
Register Write to Reg: 0x09 Val: 0x00000001
[inst #5] addiu $8,$0,10
Register Write to Reg: 0x08 Val: 0x0000000A
[inst #6] slti $9,$8,-5
Register Write to Reg: 0x09 Val: 0x00000000
[inst #7] addiu $8,$0,32767
Register Write to Reg: 0x08 Val: 0x00007FFF
[inst #8] slti $9,$8,32766
Register Write to Reg: 0x09 Val: 0x00000000
[inst #9] addiu $8,$0,-10
Register Write to Reg: 0x08 Val: 0xFFFFFFF6
[inst #10] slti $9,$8,5
Register Write to Reg: 0x09 Val: 0x00000001
[inst #11] addiu $8,$0,-15
Register Write to Reg: 0x08 Val: 0xFFFFFFF1
[inst #12] slti $9,$8,-5
Register Write to Reg: 0x09 Val: 0x00000001
[inst #13] addiu $8,$0,-15
Register Write to Reg: 0x08 Val: 0xFFFFFFF1
[inst #14] slti $9,$8,-20
Register Write to Reg: 0x09 Val: 0x00000000
[inst #15] slti $9,$0,-20
Register Write to Reg: 0x09 Val: 0x00000000
[inst #16] slti $9,$0,20
Register Write to Reg: 0x09 Val: 0x00000001
[inst #17] slti $9,$0,0
Register Write to Reg: 0x09 Val: 0x00000000
[inst #18] slti $0,$0,0
Register Write to Reg: 0x00 Val: 0x00000000
[inst #19] halt 

