Warning in /home/dhiman/CPRE381/381_project/proj/mips/Proj1_bubblesort_AvoidHazard.s line 5 column 1: MARS does not recognize the .global directive.  Ignored.

[inst #1] lui $1,4097
Register Write to Reg: 0x01 Val: 0x10010000
[inst #2] sll $0,$0,$0
Register Write to Reg: 0x00 Val: 0x00000000
[inst #3] sll $0,$0,$0
Register Write to Reg: 0x00 Val: 0x00000000
[inst #4] sll $0,$0,$0
Register Write to Reg: 0x00 Val: 0x00000000
[inst #5] ori $4,$1,0
Register Write to Reg: 0x04 Val: 0x10010000
[inst #6] addiu $5,$0,10
Register Write to Reg: 0x05 Val: 0x0000000A
[inst #7] jal 4194344
Register Write to Reg: 0x1F Val: 0x0040001C
[inst #8] addiu $8,$0,0
Register Write to Reg: 0x08 Val: 0x00000000
[inst #9] nop 
[inst #10] addiu $11,$5,-1
Register Write to Reg: 0x0B Val: 0x00000009
[inst #11] j 4194540
[inst #12] nop 
[inst #13] nop 
[inst #14] nop 
[inst #15] slt $12,$8,$11
Register Write to Reg: 0x0C Val: 0x00000001
[inst #16] nop 
[inst #17] addiu $10,$0,0
Register Write to Reg: 0x0A Val: 0x00000000
[inst #18] addiu $9,$0,0
Register Write to Reg: 0x09 Val: 0x00000000
[inst #19] bne $12,$0,-52
[inst #20] nop 
[inst #21] nop 
[inst #22] nop 
[inst #23] j 4194488
[inst #24] sub $12,$11,$8
Register Write to Reg: 0x0C Val: 0x00000009
[inst #25] nop 
[inst #26] nop 
[inst #27] nop 
[inst #28] slt $12,$9,$12
Register Write to Reg: 0x0C Val: 0x00000001
[inst #29] nop 
[inst #30] nop 
[inst #31] nop 
[inst #32] bne $12,$0,-35
[inst #33] sll $12,$9,2
Register Write to Reg: 0x0C Val: 0x00000000
[inst #34] nop 
[inst #35] nop 
[inst #36] nop 
[inst #37] addu $13,$4,$12
Register Write to Reg: 0x0D Val: 0x10010000
[inst #38] nop 
[inst #39] nop 
[inst #40] nop 
[inst #41] addiu $14,$13,4
Register Write to Reg: 0x0E Val: 0x10010004
[inst #42] lw $15,0($13)
Register Write to Reg: 0x0F Val: 0x00000001
[inst #43] nop 
[inst #44] nop 
[inst #45] lw $24,0($14)
Register Write to Reg: 0x18 Val: 0x00000002
[inst #46] nop 
[inst #47] nop 
[inst #48] nop 
[inst #49] slt $25,$24,$15
Register Write to Reg: 0x19 Val: 0x00000000
[inst #50] nop 
[inst #51] nop 
[inst #52] nop 
[inst #53] beq $25,$0,4
[inst #54] addiu $9,$9,1
Register Write to Reg: 0x09 Val: 0x00000001
[inst #55] sub $12,$11,$8
Register Write to Reg: 0x0C Val: 0x00000009
[inst #56] nop 
[inst #57] nop 
[inst #58] nop 
[inst #59] slt $12,$9,$12
Register Write to Reg: 0x0C Val: 0x00000001
[inst #60] nop 
[inst #61] nop 
[inst #62] nop 
[inst #63] bne $12,$0,-35
[inst #64] sll $12,$9,2
Register Write to Reg: 0x0C Val: 0x00000004
[inst #65] nop 
[inst #66] nop 
[inst #67] nop 
[inst #68] addu $13,$4,$12
Register Write to Reg: 0x0D Val: 0x10010004
[inst #69] nop 
[inst #70] nop 
[inst #71] nop 
[inst #72] addiu $14,$13,4
Register Write to Reg: 0x0E Val: 0x10010008
[inst #73] lw $15,0($13)
Register Write to Reg: 0x0F Val: 0x00000002
[inst #74] nop 
[inst #75] nop 
[inst #76] lw $24,0($14)
Register Write to Reg: 0x18 Val: 0x00000000
[inst #77] nop 
[inst #78] nop 
[inst #79] nop 
[inst #80] slt $25,$24,$15
Register Write to Reg: 0x19 Val: 0x00000001
[inst #81] nop 
[inst #82] nop 
[inst #83] nop 
[inst #84] beq $25,$0,4
[inst #85] nop 
[inst #86] sw $24,0($13)
Memory Write to Addr: 0x10010004 Val: 0x00000000
[inst #87] sw $15,0($14)
Memory Write to Addr: 0x10010008 Val: 0x00000002
[inst #88] addiu $10,$0,1
Register Write to Reg: 0x0A Val: 0x00000001
[inst #89] addiu $9,$9,1
Register Write to Reg: 0x09 Val: 0x00000002
[inst #90] sub $12,$11,$8
Register Write to Reg: 0x0C Val: 0x00000009
[inst #91] nop 
[inst #92] nop 
[inst #93] nop 
[inst #94] slt $12,$9,$12
Register Write to Reg: 0x0C Val: 0x00000001
[inst #95] nop 
[inst #96] nop 
[inst #97] nop 
[inst #98] bne $12,$0,-35
[inst #99] sll $12,$9,2
Register Write to Reg: 0x0C Val: 0x00000008
[inst #100] nop 
[inst #101] nop 
[inst #102] nop 
[inst #103] addu $13,$4,$12
Register Write to Reg: 0x0D Val: 0x10010008
[inst #104] nop 
[inst #105] nop 
[inst #106] nop 
[inst #107] addiu $14,$13,4
Register Write to Reg: 0x0E Val: 0x1001000C
[inst #108] lw $15,0($13)
Register Write to Reg: 0x0F Val: 0x00000002
[inst #109] nop 
[inst #110] nop 
[inst #111] lw $24,0($14)
Register Write to Reg: 0x18 Val: 0x00000005
[inst #112] nop 
[inst #113] nop 
[inst #114] nop 
[inst #115] slt $25,$24,$15
Register Write to Reg: 0x19 Val: 0x00000000
[inst #116] nop 
[inst #117] nop 
[inst #118] nop 
[inst #119] beq $25,$0,4
[inst #120] addiu $9,$9,1
Register Write to Reg: 0x09 Val: 0x00000003
[inst #121] sub $12,$11,$8
Register Write to Reg: 0x0C Val: 0x00000009
[inst #122] nop 
[inst #123] nop 
[inst #124] nop 
[inst #125] slt $12,$9,$12
Register Write to Reg: 0x0C Val: 0x00000001
[inst #126] nop 
[inst #127] nop 
[inst #128] nop 
[inst #129] bne $12,$0,-35
[inst #130] sll $12,$9,2
Register Write to Reg: 0x0C Val: 0x0000000C
[inst #131] nop 
[inst #132] nop 
[inst #133] nop 
[inst #134] addu $13,$4,$12
Register Write to Reg: 0x0D Val: 0x1001000C
[inst #135] nop 
[inst #136] nop 
[inst #137] nop 
[inst #138] addiu $14,$13,4
Register Write to Reg: 0x0E Val: 0x10010010
[inst #139] lw $15,0($13)
Register Write to Reg: 0x0F Val: 0x00000005
[inst #140] nop 
[inst #141] nop 
[inst #142] lw $24,0($14)
Register Write to Reg: 0x18 Val: 0x00000004
[inst #143] nop 
[inst #144] nop 
[inst #145] nop 
[inst #146] slt $25,$24,$15
Register Write to Reg: 0x19 Val: 0x00000001
[inst #147] nop 
[inst #148] nop 
[inst #149] nop 
[inst #150] beq $25,$0,4
[inst #151] nop 
[inst #152] sw $24,0($13)
Memory Write to Addr: 0x1001000C Val: 0x00000004
[inst #153] sw $15,0($14)
Memory Write to Addr: 0x10010010 Val: 0x00000005
[inst #154] addiu $10,$0,1
Register Write to Reg: 0x0A Val: 0x00000001
[inst #155] addiu $9,$9,1
Register Write to Reg: 0x09 Val: 0x00000004
[inst #156] sub $12,$11,$8
Register Write to Reg: 0x0C Val: 0x00000009
[inst #157] nop 
[inst #158] nop 
[inst #159] nop 
[inst #160] slt $12,$9,$12
Register Write to Reg: 0x0C Val: 0x00000001
[inst #161] nop 
[inst #162] nop 
[inst #163] nop 
[inst #164] bne $12,$0,-35
[inst #165] sll $12,$9,2
Register Write to Reg: 0x0C Val: 0x00000010
[inst #166] nop 
[inst #167] nop 
[inst #168] nop 
[inst #169] addu $13,$4,$12
Register Write to Reg: 0x0D Val: 0x10010010
[inst #170] nop 
[inst #171] nop 
[inst #172] nop 
[inst #173] addiu $14,$13,4
Register Write to Reg: 0x0E Val: 0x10010014
[inst #174] lw $15,0($13)
Register Write to Reg: 0x0F Val: 0x00000005
[inst #175] nop 
[inst #176] nop 
[inst #177] lw $24,0($14)
Register Write to Reg: 0x18 Val: 0x00000003
[inst #178] nop 
[inst #179] nop 
[inst #180] nop 
[inst #181] slt $25,$24,$15
Register Write to Reg: 0x19 Val: 0x00000001
[inst #182] nop 
[inst #183] nop 
[inst #184] nop 
[inst #185] beq $25,$0,4
[inst #186] nop 
[inst #187] sw $24,0($13)
Memory Write to Addr: 0x10010010 Val: 0x00000003
[inst #188] sw $15,0($14)
Memory Write to Addr: 0x10010014 Val: 0x00000005
[inst #189] addiu $10,$0,1
Register Write to Reg: 0x0A Val: 0x00000001
[inst #190] addiu $9,$9,1
Register Write to Reg: 0x09 Val: 0x00000005
[inst #191] sub $12,$11,$8
Register Write to Reg: 0x0C Val: 0x00000009
[inst #192] nop 
[inst #193] nop 
[inst #194] nop 
[inst #195] slt $12,$9,$12
Register Write to Reg: 0x0C Val: 0x00000001
[inst #196] nop 
[inst #197] nop 
[inst #198] nop 
[inst #199] bne $12,$0,-35
[inst #200] sll $12,$9,2
Register Write to Reg: 0x0C Val: 0x00000014
[inst #201] nop 
[inst #202] nop 
[inst #203] nop 
[inst #204] addu $13,$4,$12
Register Write to Reg: 0x0D Val: 0x10010014
[inst #205] nop 
[inst #206] nop 
[inst #207] nop 
[inst #208] addiu $14,$13,4
Register Write to Reg: 0x0E Val: 0x10010018
[inst #209] lw $15,0($13)
Register Write to Reg: 0x0F Val: 0x00000005
[inst #210] nop 
[inst #211] nop 
[inst #212] lw $24,0($14)
Register Write to Reg: 0x18 Val: 0x00000006
[inst #213] nop 
[inst #214] nop 
[inst #215] nop 
[inst #216] slt $25,$24,$15
Register Write to Reg: 0x19 Val: 0x00000000
[inst #217] nop 
[inst #218] nop 
[inst #219] nop 
[inst #220] beq $25,$0,4
[inst #221] addiu $9,$9,1
Register Write to Reg: 0x09 Val: 0x00000006
[inst #222] sub $12,$11,$8
Register Write to Reg: 0x0C Val: 0x00000009
[inst #223] nop 
[inst #224] nop 
[inst #225] nop 
[inst #226] slt $12,$9,$12
Register Write to Reg: 0x0C Val: 0x00000001
[inst #227] nop 
[inst #228] nop 
[inst #229] nop 
[inst #230] bne $12,$0,-35
[inst #231] sll $12,$9,2
Register Write to Reg: 0x0C Val: 0x00000018
[inst #232] nop 
[inst #233] nop 
[inst #234] nop 
[inst #235] addu $13,$4,$12
Register Write to Reg: 0x0D Val: 0x10010018
[inst #236] nop 
[inst #237] nop 
[inst #238] nop 
[inst #239] addiu $14,$13,4
Register Write to Reg: 0x0E Val: 0x1001001C
[inst #240] lw $15,0($13)
Register Write to Reg: 0x0F Val: 0x00000006
[inst #241] nop 
[inst #242] nop 
[inst #243] lw $24,0($14)
Register Write to Reg: 0x18 Val: 0x00000007
[inst #244] nop 
[inst #245] nop 
[inst #246] nop 
[inst #247] slt $25,$24,$15
Register Write to Reg: 0x19 Val: 0x00000000
[inst #248] nop 
[inst #249] nop 
[inst #250] nop 
[inst #251] beq $25,$0,4
[inst #252] addiu $9,$9,1
Register Write to Reg: 0x09 Val: 0x00000007
[inst #253] sub $12,$11,$8
Register Write to Reg: 0x0C Val: 0x00000009
[inst #254] nop 
[inst #255] nop 
[inst #256] nop 
[inst #257] slt $12,$9,$12
Register Write to Reg: 0x0C Val: 0x00000001
[inst #258] nop 
[inst #259] nop 
[inst #260] nop 
[inst #261] bne $12,$0,-35
[inst #262] sll $12,$9,2
Register Write to Reg: 0x0C Val: 0x0000001C
[inst #263] nop 
[inst #264] nop 
[inst #265] nop 
[inst #266] addu $13,$4,$12
Register Write to Reg: 0x0D Val: 0x1001001C
[inst #267] nop 
[inst #268] nop 
[inst #269] nop 
[inst #270] addiu $14,$13,4
Register Write to Reg: 0x0E Val: 0x10010020
[inst #271] lw $15,0($13)
Register Write to Reg: 0x0F Val: 0x00000007
[inst #272] nop 
[inst #273] nop 
[inst #274] lw $24,0($14)
Register Write to Reg: 0x18 Val: 0x00000009
[inst #275] nop 
[inst #276] nop 
[inst #277] nop 
[inst #278] slt $25,$24,$15
Register Write to Reg: 0x19 Val: 0x00000000
[inst #279] nop 
[inst #280] nop 
[inst #281] nop 
[inst #282] beq $25,$0,4
[inst #283] addiu $9,$9,1
Register Write to Reg: 0x09 Val: 0x00000008
[inst #284] sub $12,$11,$8
Register Write to Reg: 0x0C Val: 0x00000009
[inst #285] nop 
[inst #286] nop 
[inst #287] nop 
[inst #288] slt $12,$9,$12
Register Write to Reg: 0x0C Val: 0x00000001
[inst #289] nop 
[inst #290] nop 
[inst #291] nop 
[inst #292] bne $12,$0,-35
[inst #293] sll $12,$9,2
Register Write to Reg: 0x0C Val: 0x00000020
[inst #294] nop 
[inst #295] nop 
[inst #296] nop 
[inst #297] addu $13,$4,$12
Register Write to Reg: 0x0D Val: 0x10010020
[inst #298] nop 
[inst #299] nop 
[inst #300] nop 
[inst #301] addiu $14,$13,4
Register Write to Reg: 0x0E Val: 0x10010024
[inst #302] lw $15,0($13)
Register Write to Reg: 0x0F Val: 0x00000009
[inst #303] nop 
[inst #304] nop 
[inst #305] lw $24,0($14)
Register Write to Reg: 0x18 Val: 0x00000008
[inst #306] nop 
[inst #307] nop 
[inst #308] nop 
[inst #309] slt $25,$24,$15
Register Write to Reg: 0x19 Val: 0x00000001
[inst #310] nop 
[inst #311] nop 
[inst #312] nop 
[inst #313] beq $25,$0,4
[inst #314] nop 
[inst #315] sw $24,0($13)
Memory Write to Addr: 0x10010020 Val: 0x00000008
[inst #316] sw $15,0($14)
Memory Write to Addr: 0x10010024 Val: 0x00000009
[inst #317] addiu $10,$0,1
Register Write to Reg: 0x0A Val: 0x00000001
[inst #318] addiu $9,$9,1
Register Write to Reg: 0x09 Val: 0x00000009
[inst #319] sub $12,$11,$8
Register Write to Reg: 0x0C Val: 0x00000009
[inst #320] nop 
[inst #321] nop 
[inst #322] nop 
[inst #323] slt $12,$9,$12
Register Write to Reg: 0x0C Val: 0x00000000
[inst #324] nop 
[inst #325] nop 
[inst #326] nop 
[inst #327] bne $12,$0,-35
[inst #328] nop 
[inst #329] beq $10,$0,11
[inst #330] nop 
[inst #331] addiu $8,$8,1
Register Write to Reg: 0x08 Val: 0x00000001
[inst #332] nop 
[inst #333] nop 
[inst #334] nop 
[inst #335] slt $12,$8,$11
Register Write to Reg: 0x0C Val: 0x00000001
[inst #336] nop 
[inst #337] addiu $10,$0,0
Register Write to Reg: 0x0A Val: 0x00000000
[inst #338] addiu $9,$0,0
Register Write to Reg: 0x09 Val: 0x00000000
[inst #339] bne $12,$0,-52
[inst #340] nop 
[inst #341] nop 
[inst #342] nop 
[inst #343] j 4194488
[inst #344] sub $12,$11,$8
Register Write to Reg: 0x0C Val: 0x00000008
[inst #345] nop 
[inst #346] nop 
[inst #347] nop 
[inst #348] slt $12,$9,$12
Register Write to Reg: 0x0C Val: 0x00000001
[inst #349] nop 
[inst #350] nop 
[inst #351] nop 
[inst #352] bne $12,$0,-35
[inst #353] sll $12,$9,2
Register Write to Reg: 0x0C Val: 0x00000000
[inst #354] nop 
[inst #355] nop 
[inst #356] nop 
[inst #357] addu $13,$4,$12
Register Write to Reg: 0x0D Val: 0x10010000
[inst #358] nop 
[inst #359] nop 
[inst #360] nop 
[inst #361] addiu $14,$13,4
Register Write to Reg: 0x0E Val: 0x10010004
[inst #362] lw $15,0($13)
Register Write to Reg: 0x0F Val: 0x00000001
[inst #363] nop 
[inst #364] nop 
[inst #365] lw $24,0($14)
Register Write to Reg: 0x18 Val: 0x00000000
[inst #366] nop 
[inst #367] nop 
[inst #368] nop 
[inst #369] slt $25,$24,$15
Register Write to Reg: 0x19 Val: 0x00000001
[inst #370] nop 
[inst #371] nop 
[inst #372] nop 
[inst #373] beq $25,$0,4
[inst #374] nop 
[inst #375] sw $24,0($13)
Memory Write to Addr: 0x10010000 Val: 0x00000000
[inst #376] sw $15,0($14)
Memory Write to Addr: 0x10010004 Val: 0x00000001
[inst #377] addiu $10,$0,1
Register Write to Reg: 0x0A Val: 0x00000001
[inst #378] addiu $9,$9,1
Register Write to Reg: 0x09 Val: 0x00000001
[inst #379] sub $12,$11,$8
Register Write to Reg: 0x0C Val: 0x00000008
[inst #380] nop 
[inst #381] nop 
[inst #382] nop 
[inst #383] slt $12,$9,$12
Register Write to Reg: 0x0C Val: 0x00000001
[inst #384] nop 
[inst #385] nop 
[inst #386] nop 
[inst #387] bne $12,$0,-35
[inst #388] sll $12,$9,2
Register Write to Reg: 0x0C Val: 0x00000004
[inst #389] nop 
[inst #390] nop 
[inst #391] nop 
[inst #392] addu $13,$4,$12
Register Write to Reg: 0x0D Val: 0x10010004
[inst #393] nop 
[inst #394] nop 
[inst #395] nop 
[inst #396] addiu $14,$13,4
Register Write to Reg: 0x0E Val: 0x10010008
[inst #397] lw $15,0($13)
Register Write to Reg: 0x0F Val: 0x00000001
[inst #398] nop 
[inst #399] nop 
[inst #400] lw $24,0($14)
Register Write to Reg: 0x18 Val: 0x00000002
[inst #401] nop 
[inst #402] nop 
[inst #403] nop 
[inst #404] slt $25,$24,$15
Register Write to Reg: 0x19 Val: 0x00000000
[inst #405] nop 
[inst #406] nop 
[inst #407] nop 
[inst #408] beq $25,$0,4
[inst #409] addiu $9,$9,1
Register Write to Reg: 0x09 Val: 0x00000002
[inst #410] sub $12,$11,$8
Register Write to Reg: 0x0C Val: 0x00000008
[inst #411] nop 
[inst #412] nop 
[inst #413] nop 
[inst #414] slt $12,$9,$12
Register Write to Reg: 0x0C Val: 0x00000001
[inst #415] nop 
[inst #416] nop 
[inst #417] nop 
[inst #418] bne $12,$0,-35
[inst #419] sll $12,$9,2
Register Write to Reg: 0x0C Val: 0x00000008
[inst #420] nop 
[inst #421] nop 
[inst #422] nop 
[inst #423] addu $13,$4,$12
Register Write to Reg: 0x0D Val: 0x10010008
[inst #424] nop 
[inst #425] nop 
[inst #426] nop 
[inst #427] addiu $14,$13,4
Register Write to Reg: 0x0E Val: 0x1001000C
[inst #428] lw $15,0($13)
Register Write to Reg: 0x0F Val: 0x00000002
[inst #429] nop 
[inst #430] nop 
[inst #431] lw $24,0($14)
Register Write to Reg: 0x18 Val: 0x00000004
[inst #432] nop 
[inst #433] nop 
[inst #434] nop 
[inst #435] slt $25,$24,$15
Register Write to Reg: 0x19 Val: 0x00000000
[inst #436] nop 
[inst #437] nop 
[inst #438] nop 
[inst #439] beq $25,$0,4
[inst #440] addiu $9,$9,1
Register Write to Reg: 0x09 Val: 0x00000003
[inst #441] sub $12,$11,$8
Register Write to Reg: 0x0C Val: 0x00000008
[inst #442] nop 
[inst #443] nop 
[inst #444] nop 
[inst #445] slt $12,$9,$12
Register Write to Reg: 0x0C Val: 0x00000001
[inst #446] nop 
[inst #447] nop 
[inst #448] nop 
[inst #449] bne $12,$0,-35
[inst #450] sll $12,$9,2
Register Write to Reg: 0x0C Val: 0x0000000C
[inst #451] nop 
[inst #452] nop 
[inst #453] nop 
[inst #454] addu $13,$4,$12
Register Write to Reg: 0x0D Val: 0x1001000C
[inst #455] nop 
[inst #456] nop 
[inst #457] nop 
[inst #458] addiu $14,$13,4
Register Write to Reg: 0x0E Val: 0x10010010
[inst #459] lw $15,0($13)
Register Write to Reg: 0x0F Val: 0x00000004
[inst #460] nop 
[inst #461] nop 
[inst #462] lw $24,0($14)
Register Write to Reg: 0x18 Val: 0x00000003
[inst #463] nop 
[inst #464] nop 
[inst #465] nop 
[inst #466] slt $25,$24,$15
Register Write to Reg: 0x19 Val: 0x00000001
[inst #467] nop 
[inst #468] nop 
[inst #469] nop 
[inst #470] beq $25,$0,4
[inst #471] nop 
[inst #472] sw $24,0($13)
Memory Write to Addr: 0x1001000C Val: 0x00000003
[inst #473] sw $15,0($14)
Memory Write to Addr: 0x10010010 Val: 0x00000004
[inst #474] addiu $10,$0,1
Register Write to Reg: 0x0A Val: 0x00000001
[inst #475] addiu $9,$9,1
Register Write to Reg: 0x09 Val: 0x00000004
[inst #476] sub $12,$11,$8
Register Write to Reg: 0x0C Val: 0x00000008
[inst #477] nop 
[inst #478] nop 
[inst #479] nop 
[inst #480] slt $12,$9,$12
Register Write to Reg: 0x0C Val: 0x00000001
[inst #481] nop 
[inst #482] nop 
[inst #483] nop 
[inst #484] bne $12,$0,-35
[inst #485] sll $12,$9,2
Register Write to Reg: 0x0C Val: 0x00000010
[inst #486] nop 
[inst #487] nop 
[inst #488] nop 
[inst #489] addu $13,$4,$12
Register Write to Reg: 0x0D Val: 0x10010010
[inst #490] nop 
[inst #491] nop 
[inst #492] nop 
[inst #493] addiu $14,$13,4
Register Write to Reg: 0x0E Val: 0x10010014
[inst #494] lw $15,0($13)
Register Write to Reg: 0x0F Val: 0x00000004
[inst #495] nop 
[inst #496] nop 
[inst #497] lw $24,0($14)
Register Write to Reg: 0x18 Val: 0x00000005
[inst #498] nop 
[inst #499] nop 
[inst #500] nop 
[inst #501] slt $25,$24,$15
Register Write to Reg: 0x19 Val: 0x00000000
[inst #502] nop 
[inst #503] nop 
[inst #504] nop 
[inst #505] beq $25,$0,4
[inst #506] addiu $9,$9,1
Register Write to Reg: 0x09 Val: 0x00000005
[inst #507] sub $12,$11,$8
Register Write to Reg: 0x0C Val: 0x00000008
[inst #508] nop 
[inst #509] nop 
[inst #510] nop 
[inst #511] slt $12,$9,$12
Register Write to Reg: 0x0C Val: 0x00000001
[inst #512] nop 
[inst #513] nop 
[inst #514] nop 
[inst #515] bne $12,$0,-35
[inst #516] sll $12,$9,2
Register Write to Reg: 0x0C Val: 0x00000014
[inst #517] nop 
[inst #518] nop 
[inst #519] nop 
[inst #520] addu $13,$4,$12
Register Write to Reg: 0x0D Val: 0x10010014
[inst #521] nop 
[inst #522] nop 
[inst #523] nop 
[inst #524] addiu $14,$13,4
Register Write to Reg: 0x0E Val: 0x10010018
[inst #525] lw $15,0($13)
Register Write to Reg: 0x0F Val: 0x00000005
[inst #526] nop 
[inst #527] nop 
[inst #528] lw $24,0($14)
Register Write to Reg: 0x18 Val: 0x00000006
[inst #529] nop 
[inst #530] nop 
[inst #531] nop 
[inst #532] slt $25,$24,$15
Register Write to Reg: 0x19 Val: 0x00000000
[inst #533] nop 
[inst #534] nop 
[inst #535] nop 
[inst #536] beq $25,$0,4
[inst #537] addiu $9,$9,1
Register Write to Reg: 0x09 Val: 0x00000006
[inst #538] sub $12,$11,$8
Register Write to Reg: 0x0C Val: 0x00000008
[inst #539] nop 
[inst #540] nop 
[inst #541] nop 
[inst #542] slt $12,$9,$12
Register Write to Reg: 0x0C Val: 0x00000001
[inst #543] nop 
[inst #544] nop 
[inst #545] nop 
[inst #546] bne $12,$0,-35
[inst #547] sll $12,$9,2
Register Write to Reg: 0x0C Val: 0x00000018
[inst #548] nop 
[inst #549] nop 
[inst #550] nop 
[inst #551] addu $13,$4,$12
Register Write to Reg: 0x0D Val: 0x10010018
[inst #552] nop 
[inst #553] nop 
[inst #554] nop 
[inst #555] addiu $14,$13,4
Register Write to Reg: 0x0E Val: 0x1001001C
[inst #556] lw $15,0($13)
Register Write to Reg: 0x0F Val: 0x00000006
[inst #557] nop 
[inst #558] nop 
[inst #559] lw $24,0($14)
Register Write to Reg: 0x18 Val: 0x00000007
[inst #560] nop 
[inst #561] nop 
[inst #562] nop 
[inst #563] slt $25,$24,$15
Register Write to Reg: 0x19 Val: 0x00000000
[inst #564] nop 
[inst #565] nop 
[inst #566] nop 
[inst #567] beq $25,$0,4
[inst #568] addiu $9,$9,1
Register Write to Reg: 0x09 Val: 0x00000007
[inst #569] sub $12,$11,$8
Register Write to Reg: 0x0C Val: 0x00000008
[inst #570] nop 
[inst #571] nop 
[inst #572] nop 
[inst #573] slt $12,$9,$12
Register Write to Reg: 0x0C Val: 0x00000001
[inst #574] nop 
[inst #575] nop 
[inst #576] nop 
[inst #577] bne $12,$0,-35
[inst #578] sll $12,$9,2
Register Write to Reg: 0x0C Val: 0x0000001C
[inst #579] nop 
[inst #580] nop 
[inst #581] nop 
[inst #582] addu $13,$4,$12
Register Write to Reg: 0x0D Val: 0x1001001C
[inst #583] nop 
[inst #584] nop 
[inst #585] nop 
[inst #586] addiu $14,$13,4
Register Write to Reg: 0x0E Val: 0x10010020
[inst #587] lw $15,0($13)
Register Write to Reg: 0x0F Val: 0x00000007
[inst #588] nop 
[inst #589] nop 
[inst #590] lw $24,0($14)
Register Write to Reg: 0x18 Val: 0x00000008
[inst #591] nop 
[inst #592] nop 
[inst #593] nop 
[inst #594] slt $25,$24,$15
Register Write to Reg: 0x19 Val: 0x00000000
[inst #595] nop 
[inst #596] nop 
[inst #597] nop 
[inst #598] beq $25,$0,4
[inst #599] addiu $9,$9,1
Register Write to Reg: 0x09 Val: 0x00000008
[inst #600] sub $12,$11,$8
Register Write to Reg: 0x0C Val: 0x00000008
[inst #601] nop 
[inst #602] nop 
[inst #603] nop 
[inst #604] slt $12,$9,$12
Register Write to Reg: 0x0C Val: 0x00000000
[inst #605] nop 
[inst #606] nop 
[inst #607] nop 
[inst #608] bne $12,$0,-35
[inst #609] nop 
[inst #610] beq $10,$0,11
[inst #611] nop 
[inst #612] addiu $8,$8,1
Register Write to Reg: 0x08 Val: 0x00000002
[inst #613] nop 
[inst #614] nop 
[inst #615] nop 
[inst #616] slt $12,$8,$11
Register Write to Reg: 0x0C Val: 0x00000001
[inst #617] nop 
[inst #618] addiu $10,$0,0
Register Write to Reg: 0x0A Val: 0x00000000
[inst #619] addiu $9,$0,0
Register Write to Reg: 0x09 Val: 0x00000000
[inst #620] bne $12,$0,-52
[inst #621] nop 
[inst #622] nop 
[inst #623] nop 
[inst #624] j 4194488
[inst #625] sub $12,$11,$8
Register Write to Reg: 0x0C Val: 0x00000007
[inst #626] nop 
[inst #627] nop 
[inst #628] nop 
[inst #629] slt $12,$9,$12
Register Write to Reg: 0x0C Val: 0x00000001
[inst #630] nop 
[inst #631] nop 
[inst #632] nop 
[inst #633] bne $12,$0,-35
[inst #634] sll $12,$9,2
Register Write to Reg: 0x0C Val: 0x00000000
[inst #635] nop 
[inst #636] nop 
[inst #637] nop 
[inst #638] addu $13,$4,$12
Register Write to Reg: 0x0D Val: 0x10010000
[inst #639] nop 
[inst #640] nop 
[inst #641] nop 
[inst #642] addiu $14,$13,4
Register Write to Reg: 0x0E Val: 0x10010004
[inst #643] lw $15,0($13)
Register Write to Reg: 0x0F Val: 0x00000000
[inst #644] nop 
[inst #645] nop 
[inst #646] lw $24,0($14)
Register Write to Reg: 0x18 Val: 0x00000001
[inst #647] nop 
[inst #648] nop 
[inst #649] nop 
[inst #650] slt $25,$24,$15
Register Write to Reg: 0x19 Val: 0x00000000
[inst #651] nop 
[inst #652] nop 
[inst #653] nop 
[inst #654] beq $25,$0,4
[inst #655] addiu $9,$9,1
Register Write to Reg: 0x09 Val: 0x00000001
[inst #656] sub $12,$11,$8
Register Write to Reg: 0x0C Val: 0x00000007
[inst #657] nop 
[inst #658] nop 
[inst #659] nop 
[inst #660] slt $12,$9,$12
Register Write to Reg: 0x0C Val: 0x00000001
[inst #661] nop 
[inst #662] nop 
[inst #663] nop 
[inst #664] bne $12,$0,-35
[inst #665] sll $12,$9,2
Register Write to Reg: 0x0C Val: 0x00000004
[inst #666] nop 
[inst #667] nop 
[inst #668] nop 
[inst #669] addu $13,$4,$12
Register Write to Reg: 0x0D Val: 0x10010004
[inst #670] nop 
[inst #671] nop 
[inst #672] nop 
[inst #673] addiu $14,$13,4
Register Write to Reg: 0x0E Val: 0x10010008
[inst #674] lw $15,0($13)
Register Write to Reg: 0x0F Val: 0x00000001
[inst #675] nop 
[inst #676] nop 
[inst #677] lw $24,0($14)
Register Write to Reg: 0x18 Val: 0x00000002
[inst #678] nop 
[inst #679] nop 
[inst #680] nop 
[inst #681] slt $25,$24,$15
Register Write to Reg: 0x19 Val: 0x00000000
[inst #682] nop 
[inst #683] nop 
[inst #684] nop 
[inst #685] beq $25,$0,4
[inst #686] addiu $9,$9,1
Register Write to Reg: 0x09 Val: 0x00000002
[inst #687] sub $12,$11,$8
Register Write to Reg: 0x0C Val: 0x00000007
[inst #688] nop 
[inst #689] nop 
[inst #690] nop 
[inst #691] slt $12,$9,$12
Register Write to Reg: 0x0C Val: 0x00000001
[inst #692] nop 
[inst #693] nop 
[inst #694] nop 
[inst #695] bne $12,$0,-35
[inst #696] sll $12,$9,2
Register Write to Reg: 0x0C Val: 0x00000008
[inst #697] nop 
[inst #698] nop 
[inst #699] nop 
[inst #700] addu $13,$4,$12
Register Write to Reg: 0x0D Val: 0x10010008
[inst #701] nop 
[inst #702] nop 
[inst #703] nop 
[inst #704] addiu $14,$13,4
Register Write to Reg: 0x0E Val: 0x1001000C
[inst #705] lw $15,0($13)
Register Write to Reg: 0x0F Val: 0x00000002
[inst #706] nop 
[inst #707] nop 
[inst #708] lw $24,0($14)
Register Write to Reg: 0x18 Val: 0x00000003
[inst #709] nop 
[inst #710] nop 
[inst #711] nop 
[inst #712] slt $25,$24,$15
Register Write to Reg: 0x19 Val: 0x00000000
[inst #713] nop 
[inst #714] nop 
[inst #715] nop 
[inst #716] beq $25,$0,4
[inst #717] addiu $9,$9,1
Register Write to Reg: 0x09 Val: 0x00000003
[inst #718] sub $12,$11,$8
Register Write to Reg: 0x0C Val: 0x00000007
[inst #719] nop 
[inst #720] nop 
[inst #721] nop 
[inst #722] slt $12,$9,$12
Register Write to Reg: 0x0C Val: 0x00000001
[inst #723] nop 
[inst #724] nop 
[inst #725] nop 
[inst #726] bne $12,$0,-35
[inst #727] sll $12,$9,2
Register Write to Reg: 0x0C Val: 0x0000000C
[inst #728] nop 
[inst #729] nop 
[inst #730] nop 
[inst #731] addu $13,$4,$12
Register Write to Reg: 0x0D Val: 0x1001000C
[inst #732] nop 
[inst #733] nop 
[inst #734] nop 
[inst #735] addiu $14,$13,4
Register Write to Reg: 0x0E Val: 0x10010010
[inst #736] lw $15,0($13)
Register Write to Reg: 0x0F Val: 0x00000003
[inst #737] nop 
[inst #738] nop 
[inst #739] lw $24,0($14)
Register Write to Reg: 0x18 Val: 0x00000004
[inst #740] nop 
[inst #741] nop 
[inst #742] nop 
[inst #743] slt $25,$24,$15
Register Write to Reg: 0x19 Val: 0x00000000
[inst #744] nop 
[inst #745] nop 
[inst #746] nop 
[inst #747] beq $25,$0,4
[inst #748] addiu $9,$9,1
Register Write to Reg: 0x09 Val: 0x00000004
[inst #749] sub $12,$11,$8
Register Write to Reg: 0x0C Val: 0x00000007
[inst #750] nop 
[inst #751] nop 
[inst #752] nop 
[inst #753] slt $12,$9,$12
Register Write to Reg: 0x0C Val: 0x00000001
[inst #754] nop 
[inst #755] nop 
[inst #756] nop 
[inst #757] bne $12,$0,-35
[inst #758] sll $12,$9,2
Register Write to Reg: 0x0C Val: 0x00000010
[inst #759] nop 
[inst #760] nop 
[inst #761] nop 
[inst #762] addu $13,$4,$12
Register Write to Reg: 0x0D Val: 0x10010010
[inst #763] nop 
[inst #764] nop 
[inst #765] nop 
[inst #766] addiu $14,$13,4
Register Write to Reg: 0x0E Val: 0x10010014
[inst #767] lw $15,0($13)
Register Write to Reg: 0x0F Val: 0x00000004
[inst #768] nop 
[inst #769] nop 
[inst #770] lw $24,0($14)
Register Write to Reg: 0x18 Val: 0x00000005
[inst #771] nop 
[inst #772] nop 
[inst #773] nop 
[inst #774] slt $25,$24,$15
Register Write to Reg: 0x19 Val: 0x00000000
[inst #775] nop 
[inst #776] nop 
[inst #777] nop 
[inst #778] beq $25,$0,4
[inst #779] addiu $9,$9,1
Register Write to Reg: 0x09 Val: 0x00000005
[inst #780] sub $12,$11,$8
Register Write to Reg: 0x0C Val: 0x00000007
[inst #781] nop 
[inst #782] nop 
[inst #783] nop 
[inst #784] slt $12,$9,$12
Register Write to Reg: 0x0C Val: 0x00000001
[inst #785] nop 
[inst #786] nop 
[inst #787] nop 
[inst #788] bne $12,$0,-35
[inst #789] sll $12,$9,2
Register Write to Reg: 0x0C Val: 0x00000014
[inst #790] nop 
[inst #791] nop 
[inst #792] nop 
[inst #793] addu $13,$4,$12
Register Write to Reg: 0x0D Val: 0x10010014
[inst #794] nop 
[inst #795] nop 
[inst #796] nop 
[inst #797] addiu $14,$13,4
Register Write to Reg: 0x0E Val: 0x10010018
[inst #798] lw $15,0($13)
Register Write to Reg: 0x0F Val: 0x00000005
[inst #799] nop 
[inst #800] nop 
[inst #801] lw $24,0($14)
Register Write to Reg: 0x18 Val: 0x00000006
[inst #802] nop 
[inst #803] nop 
[inst #804] nop 
[inst #805] slt $25,$24,$15
Register Write to Reg: 0x19 Val: 0x00000000
[inst #806] nop 
[inst #807] nop 
[inst #808] nop 
[inst #809] beq $25,$0,4
[inst #810] addiu $9,$9,1
Register Write to Reg: 0x09 Val: 0x00000006
[inst #811] sub $12,$11,$8
Register Write to Reg: 0x0C Val: 0x00000007
[inst #812] nop 
[inst #813] nop 
[inst #814] nop 
[inst #815] slt $12,$9,$12
Register Write to Reg: 0x0C Val: 0x00000001
[inst #816] nop 
[inst #817] nop 
[inst #818] nop 
[inst #819] bne $12,$0,-35
[inst #820] sll $12,$9,2
Register Write to Reg: 0x0C Val: 0x00000018
[inst #821] nop 
[inst #822] nop 
[inst #823] nop 
[inst #824] addu $13,$4,$12
Register Write to Reg: 0x0D Val: 0x10010018
[inst #825] nop 
[inst #826] nop 
[inst #827] nop 
[inst #828] addiu $14,$13,4
Register Write to Reg: 0x0E Val: 0x1001001C
[inst #829] lw $15,0($13)
Register Write to Reg: 0x0F Val: 0x00000006
[inst #830] nop 
[inst #831] nop 
[inst #832] lw $24,0($14)
Register Write to Reg: 0x18 Val: 0x00000007
[inst #833] nop 
[inst #834] nop 
[inst #835] nop 
[inst #836] slt $25,$24,$15
Register Write to Reg: 0x19 Val: 0x00000000
[inst #837] nop 
[inst #838] nop 
[inst #839] nop 
[inst #840] beq $25,$0,4
[inst #841] addiu $9,$9,1
Register Write to Reg: 0x09 Val: 0x00000007
[inst #842] sub $12,$11,$8
Register Write to Reg: 0x0C Val: 0x00000007
[inst #843] nop 
[inst #844] nop 
[inst #845] nop 
[inst #846] slt $12,$9,$12
Register Write to Reg: 0x0C Val: 0x00000000
[inst #847] nop 
[inst #848] nop 
[inst #849] nop 
[inst #850] bne $12,$0,-35
[inst #851] nop 
[inst #852] beq $10,$0,11
[inst #853] jr $31
[inst #854] nop 
[inst #855] j 4194584
[inst #856] halt 

