[inst #1] lui $1,0
Register Write to Reg: 0x01 Val: 0x00000000
[inst #2] ori $1,$1,65535
Register Write to Reg: 0x01 Val: 0x0000FFFF
[inst #3] add $1,$0,$1
Register Write to Reg: 0x01 Val: 0x0000FFFF
[inst #4] lui $1,0
Register Write to Reg: 0x01 Val: 0x00000000
[inst #5] ori $1,$1,65535
Register Write to Reg: 0x01 Val: 0x0000FFFF
[inst #6] add $2,$0,$1
Register Write to Reg: 0x02 Val: 0x0000FFFF
[inst #7] lui $1,0
Register Write to Reg: 0x01 Val: 0x00000000
[inst #8] ori $1,$1,65535
Register Write to Reg: 0x01 Val: 0x0000FFFF
[inst #9] add $3,$0,$1
Register Write to Reg: 0x03 Val: 0x0000FFFF
[inst #10] lui $1,0
Register Write to Reg: 0x01 Val: 0x00000000
[inst #11] ori $1,$1,65535
Register Write to Reg: 0x01 Val: 0x0000FFFF
[inst #12] add $4,$0,$1
Register Write to Reg: 0x04 Val: 0x0000FFFF
[inst #13] lui $1,0
Register Write to Reg: 0x01 Val: 0x00000000
[inst #14] ori $1,$1,65535
Register Write to Reg: 0x01 Val: 0x0000FFFF
[inst #15] add $5,$0,$1
Register Write to Reg: 0x05 Val: 0x0000FFFF
[inst #16] lui $1,0
Register Write to Reg: 0x01 Val: 0x00000000
[inst #17] ori $1,$1,65535
Register Write to Reg: 0x01 Val: 0x0000FFFF
[inst #18] add $6,$0,$1
Register Write to Reg: 0x06 Val: 0x0000FFFF
[inst #19] lui $1,0
Register Write to Reg: 0x01 Val: 0x00000000
[inst #20] ori $1,$1,65535
Register Write to Reg: 0x01 Val: 0x0000FFFF
[inst #21] add $7,$0,$1
Register Write to Reg: 0x07 Val: 0x0000FFFF
[inst #22] lui $1,0
Register Write to Reg: 0x01 Val: 0x00000000
[inst #23] ori $1,$1,65535
Register Write to Reg: 0x01 Val: 0x0000FFFF
[inst #24] add $8,$0,$1
Register Write to Reg: 0x08 Val: 0x0000FFFF
[inst #25] lui $1,0
Register Write to Reg: 0x01 Val: 0x00000000
[inst #26] ori $1,$1,65535
Register Write to Reg: 0x01 Val: 0x0000FFFF
[inst #27] add $9,$0,$1
Register Write to Reg: 0x09 Val: 0x0000FFFF
[inst #28] lui $1,0
Register Write to Reg: 0x01 Val: 0x00000000
[inst #29] ori $1,$1,65535
Register Write to Reg: 0x01 Val: 0x0000FFFF
[inst #30] add $10,$0,$1
Register Write to Reg: 0x0A Val: 0x0000FFFF
[inst #31] lui $1,0
Register Write to Reg: 0x01 Val: 0x00000000
[inst #32] ori $1,$1,65535
Register Write to Reg: 0x01 Val: 0x0000FFFF
[inst #33] add $11,$0,$1
Register Write to Reg: 0x0B Val: 0x0000FFFF
[inst #34] lui $1,0
Register Write to Reg: 0x01 Val: 0x00000000
[inst #35] ori $1,$1,65535
Register Write to Reg: 0x01 Val: 0x0000FFFF
[inst #36] add $12,$0,$1
Register Write to Reg: 0x0C Val: 0x0000FFFF
[inst #37] lui $1,0
Register Write to Reg: 0x01 Val: 0x00000000
[inst #38] ori $1,$1,65535
Register Write to Reg: 0x01 Val: 0x0000FFFF
[inst #39] add $13,$0,$1
Register Write to Reg: 0x0D Val: 0x0000FFFF
[inst #40] lui $1,0
Register Write to Reg: 0x01 Val: 0x00000000
[inst #41] ori $1,$1,65535
Register Write to Reg: 0x01 Val: 0x0000FFFF
[inst #42] add $14,$0,$1
Register Write to Reg: 0x0E Val: 0x0000FFFF
[inst #43] lui $1,0
Register Write to Reg: 0x01 Val: 0x00000000
[inst #44] ori $1,$1,65535
Register Write to Reg: 0x01 Val: 0x0000FFFF
[inst #45] add $15,$0,$1
Register Write to Reg: 0x0F Val: 0x0000FFFF
[inst #46] lui $1,0
Register Write to Reg: 0x01 Val: 0x00000000
[inst #47] ori $1,$1,65535
Register Write to Reg: 0x01 Val: 0x0000FFFF
[inst #48] add $16,$0,$1
Register Write to Reg: 0x10 Val: 0x0000FFFF
[inst #49] lui $1,0
Register Write to Reg: 0x01 Val: 0x00000000
[inst #50] ori $1,$1,65535
Register Write to Reg: 0x01 Val: 0x0000FFFF
[inst #51] add $17,$0,$1
Register Write to Reg: 0x11 Val: 0x0000FFFF
[inst #52] lui $1,0
Register Write to Reg: 0x01 Val: 0x00000000
[inst #53] ori $1,$1,65535
Register Write to Reg: 0x01 Val: 0x0000FFFF
[inst #54] add $18,$0,$1
Register Write to Reg: 0x12 Val: 0x0000FFFF
[inst #55] lui $1,0
Register Write to Reg: 0x01 Val: 0x00000000
[inst #56] ori $1,$1,65535
Register Write to Reg: 0x01 Val: 0x0000FFFF
[inst #57] add $19,$0,$1
Register Write to Reg: 0x13 Val: 0x0000FFFF
[inst #58] lui $1,0
Register Write to Reg: 0x01 Val: 0x00000000
[inst #59] ori $1,$1,65535
Register Write to Reg: 0x01 Val: 0x0000FFFF
[inst #60] add $20,$0,$1
Register Write to Reg: 0x14 Val: 0x0000FFFF
[inst #61] lui $1,0
Register Write to Reg: 0x01 Val: 0x00000000
[inst #62] ori $1,$1,65535
Register Write to Reg: 0x01 Val: 0x0000FFFF
[inst #63] add $21,$0,$1
Register Write to Reg: 0x15 Val: 0x0000FFFF
[inst #64] lui $1,0
Register Write to Reg: 0x01 Val: 0x00000000
[inst #65] ori $1,$1,65535
Register Write to Reg: 0x01 Val: 0x0000FFFF
[inst #66] add $22,$0,$1
Register Write to Reg: 0x16 Val: 0x0000FFFF
[inst #67] lui $1,0
Register Write to Reg: 0x01 Val: 0x00000000
[inst #68] ori $1,$1,65535
Register Write to Reg: 0x01 Val: 0x0000FFFF
[inst #69] add $23,$0,$1
Register Write to Reg: 0x17 Val: 0x0000FFFF
[inst #70] lui $1,0
Register Write to Reg: 0x01 Val: 0x00000000
[inst #71] ori $1,$1,65535
Register Write to Reg: 0x01 Val: 0x0000FFFF
[inst #72] add $24,$0,$1
Register Write to Reg: 0x18 Val: 0x0000FFFF
[inst #73] lui $1,0
Register Write to Reg: 0x01 Val: 0x00000000
[inst #74] ori $1,$1,65535
Register Write to Reg: 0x01 Val: 0x0000FFFF
[inst #75] add $25,$0,$1
Register Write to Reg: 0x19 Val: 0x0000FFFF
[inst #76] lui $1,0
Register Write to Reg: 0x01 Val: 0x00000000
[inst #77] ori $1,$1,65535
Register Write to Reg: 0x01 Val: 0x0000FFFF
[inst #78] add $26,$0,$1
Register Write to Reg: 0x1A Val: 0x0000FFFF
[inst #79] lui $1,0
Register Write to Reg: 0x01 Val: 0x00000000
[inst #80] ori $1,$1,65535
Register Write to Reg: 0x01 Val: 0x0000FFFF
[inst #81] add $27,$0,$1
Register Write to Reg: 0x1B Val: 0x0000FFFF
[inst #82] lui $1,0
Register Write to Reg: 0x01 Val: 0x00000000
[inst #83] ori $1,$1,65535
Register Write to Reg: 0x01 Val: 0x0000FFFF
[inst #84] add $28,$0,$1
Register Write to Reg: 0x1C Val: 0x0000FFFF
[inst #85] lui $1,0
Register Write to Reg: 0x01 Val: 0x00000000
[inst #86] ori $1,$1,65535
Register Write to Reg: 0x01 Val: 0x0000FFFF
[inst #87] add $29,$0,$1
Register Write to Reg: 0x1D Val: 0x0000FFFF
[inst #88] lui $1,0
Register Write to Reg: 0x01 Val: 0x00000000
[inst #89] ori $1,$1,65535
Register Write to Reg: 0x01 Val: 0x0000FFFF
[inst #90] add $30,$0,$1
Register Write to Reg: 0x1E Val: 0x0000FFFF
[inst #91] lui $1,0
Register Write to Reg: 0x01 Val: 0x00000000
[inst #92] ori $1,$1,65535
Register Write to Reg: 0x01 Val: 0x0000FFFF
[inst #93] add $31,$0,$1
Register Write to Reg: 0x1F Val: 0x0000FFFF
[inst #94] andi $0,$0,65535
Register Write to Reg: 0x00 Val: 0x00000000
[inst #95] andi $1,$1,65535
Register Write to Reg: 0x01 Val: 0x0000FFFF
[inst #96] andi $2,$2,65535
Register Write to Reg: 0x02 Val: 0x0000FFFF
[inst #97] andi $3,$3,65535
Register Write to Reg: 0x03 Val: 0x0000FFFF
[inst #98] andi $4,$4,65535
Register Write to Reg: 0x04 Val: 0x0000FFFF
[inst #99] andi $5,$5,65535
Register Write to Reg: 0x05 Val: 0x0000FFFF
[inst #100] andi $6,$6,65535
Register Write to Reg: 0x06 Val: 0x0000FFFF
[inst #101] andi $7,$7,65535
Register Write to Reg: 0x07 Val: 0x0000FFFF
[inst #102] andi $8,$8,65535
Register Write to Reg: 0x08 Val: 0x0000FFFF
[inst #103] andi $9,$9,65535
Register Write to Reg: 0x09 Val: 0x0000FFFF
[inst #104] andi $10,$10,65535
Register Write to Reg: 0x0A Val: 0x0000FFFF
[inst #105] andi $11,$11,65535
Register Write to Reg: 0x0B Val: 0x0000FFFF
[inst #106] andi $12,$12,65535
Register Write to Reg: 0x0C Val: 0x0000FFFF
[inst #107] andi $13,$13,65535
Register Write to Reg: 0x0D Val: 0x0000FFFF
[inst #108] andi $14,$14,65535
Register Write to Reg: 0x0E Val: 0x0000FFFF
[inst #109] andi $15,$15,65535
Register Write to Reg: 0x0F Val: 0x0000FFFF
[inst #110] andi $16,$16,65535
Register Write to Reg: 0x10 Val: 0x0000FFFF
[inst #111] andi $17,$17,65535
Register Write to Reg: 0x11 Val: 0x0000FFFF
[inst #112] andi $18,$18,65535
Register Write to Reg: 0x12 Val: 0x0000FFFF
[inst #113] andi $19,$19,65535
Register Write to Reg: 0x13 Val: 0x0000FFFF
[inst #114] andi $20,$20,65535
Register Write to Reg: 0x14 Val: 0x0000FFFF
[inst #115] andi $21,$21,65535
Register Write to Reg: 0x15 Val: 0x0000FFFF
[inst #116] andi $22,$22,65535
Register Write to Reg: 0x16 Val: 0x0000FFFF
[inst #117] andi $23,$23,65535
Register Write to Reg: 0x17 Val: 0x0000FFFF
[inst #118] andi $24,$24,65535
Register Write to Reg: 0x18 Val: 0x0000FFFF
[inst #119] andi $25,$25,65535
Register Write to Reg: 0x19 Val: 0x0000FFFF
[inst #120] andi $26,$26,65535
Register Write to Reg: 0x1A Val: 0x0000FFFF
[inst #121] andi $27,$27,65535
Register Write to Reg: 0x1B Val: 0x0000FFFF
[inst #122] andi $29,$29,65535
Register Write to Reg: 0x1D Val: 0x0000FFFF
[inst #123] andi $30,$30,65535
Register Write to Reg: 0x1E Val: 0x0000FFFF
[inst #124] andi $31,$31,65535
Register Write to Reg: 0x1F Val: 0x0000FFFF
[inst #125] halt 

