In clock cycle: 3
Register Write to Reg: 0x00 Val: 0x00000000
In clock cycle: 4
Register Write to Reg: 0x01 Val: 0x10010000
In clock cycle: 5
Register Write to Reg: 0x10 Val: 0x10010000
In clock cycle: 6
Register Write to Reg: 0x01 Val: 0x10010000
In clock cycle: 7
Register Write to Reg: 0x15 Val: 0x1001004C
In clock cycle: 8
Register Write to Reg: 0x15 Val: 0x00000013
In clock cycle: 9
Register Write to Reg: 0x12 Val: 0x00000001
In clock cycle: 9
Memory Write to Addr: 0x10010000 Val: 0x00000001
In clock cycle: 10
Memory Write to Addr: 0x10010004 Val: 0x00000001
In clock cycle: 12
Register Write to Reg: 0x11 Val: 0x00000011
In clock cycle: 13
Register Write to Reg: 0x13 Val: 0x00000001
In clock cycle: 14
Register Write to Reg: 0x14 Val: 0x00000001
In clock cycle: 16
Register Write to Reg: 0x12 Val: 0x00000002
In clock cycle: 16
Memory Write to Addr: 0x10010008 Val: 0x00000002
In clock cycle: 18
Register Write to Reg: 0x10 Val: 0x10010004
In clock cycle: 19
Register Write to Reg: 0x11 Val: 0x00000010
In clock cycle: 22
Register Write to Reg: 0x00 Val: 0x00000000
In clock cycle: 23
Register Write to Reg: 0x13 Val: 0x00000001
In clock cycle: 24
Register Write to Reg: 0x14 Val: 0x00000002
In clock cycle: 26
Register Write to Reg: 0x12 Val: 0x00000003
In clock cycle: 26
Memory Write to Addr: 0x1001000C Val: 0x00000003
In clock cycle: 28
Register Write to Reg: 0x10 Val: 0x10010008
In clock cycle: 29
Register Write to Reg: 0x11 Val: 0x0000000F
In clock cycle: 32
Register Write to Reg: 0x00 Val: 0x00000000
In clock cycle: 33
Register Write to Reg: 0x13 Val: 0x00000002
In clock cycle: 34
Register Write to Reg: 0x14 Val: 0x00000003
In clock cycle: 36
Register Write to Reg: 0x12 Val: 0x00000005
In clock cycle: 36
Memory Write to Addr: 0x10010010 Val: 0x00000005
In clock cycle: 38
Register Write to Reg: 0x10 Val: 0x1001000C
In clock cycle: 39
Register Write to Reg: 0x11 Val: 0x0000000E
In clock cycle: 42
Register Write to Reg: 0x00 Val: 0x00000000
In clock cycle: 43
Register Write to Reg: 0x13 Val: 0x00000003
In clock cycle: 44
Register Write to Reg: 0x14 Val: 0x00000005
In clock cycle: 46
Register Write to Reg: 0x12 Val: 0x00000008
In clock cycle: 46
Memory Write to Addr: 0x10010014 Val: 0x00000008
In clock cycle: 48
Register Write to Reg: 0x10 Val: 0x10010010
In clock cycle: 49
Register Write to Reg: 0x11 Val: 0x0000000D
In clock cycle: 52
Register Write to Reg: 0x00 Val: 0x00000000
In clock cycle: 53
Register Write to Reg: 0x13 Val: 0x00000005
In clock cycle: 54
Register Write to Reg: 0x14 Val: 0x00000008
In clock cycle: 56
Register Write to Reg: 0x12 Val: 0x0000000D
In clock cycle: 56
Memory Write to Addr: 0x10010018 Val: 0x0000000D
In clock cycle: 58
Register Write to Reg: 0x10 Val: 0x10010014
In clock cycle: 59
Register Write to Reg: 0x11 Val: 0x0000000C
In clock cycle: 62
Register Write to Reg: 0x00 Val: 0x00000000
In clock cycle: 63
Register Write to Reg: 0x13 Val: 0x00000008
In clock cycle: 64
Register Write to Reg: 0x14 Val: 0x0000000D
In clock cycle: 66
Register Write to Reg: 0x12 Val: 0x00000015
In clock cycle: 66
Memory Write to Addr: 0x1001001C Val: 0x00000015
In clock cycle: 68
Register Write to Reg: 0x10 Val: 0x10010018
In clock cycle: 69
Register Write to Reg: 0x11 Val: 0x0000000B
In clock cycle: 72
Register Write to Reg: 0x00 Val: 0x00000000
In clock cycle: 73
Register Write to Reg: 0x13 Val: 0x0000000D
In clock cycle: 74
Register Write to Reg: 0x14 Val: 0x00000015
In clock cycle: 76
Register Write to Reg: 0x12 Val: 0x00000022
In clock cycle: 76
Memory Write to Addr: 0x10010020 Val: 0x00000022
In clock cycle: 78
Register Write to Reg: 0x10 Val: 0x1001001C
In clock cycle: 79
Register Write to Reg: 0x11 Val: 0x0000000A
In clock cycle: 82
Register Write to Reg: 0x00 Val: 0x00000000
In clock cycle: 83
Register Write to Reg: 0x13 Val: 0x00000015
In clock cycle: 84
Register Write to Reg: 0x14 Val: 0x00000022
In clock cycle: 86
Register Write to Reg: 0x12 Val: 0x00000037
In clock cycle: 86
Memory Write to Addr: 0x10010024 Val: 0x00000037
In clock cycle: 88
Register Write to Reg: 0x10 Val: 0x10010020
In clock cycle: 89
Register Write to Reg: 0x11 Val: 0x00000009
In clock cycle: 92
Register Write to Reg: 0x00 Val: 0x00000000
In clock cycle: 93
Register Write to Reg: 0x13 Val: 0x00000022
In clock cycle: 94
Register Write to Reg: 0x14 Val: 0x00000037
In clock cycle: 96
Register Write to Reg: 0x12 Val: 0x00000059
In clock cycle: 96
Memory Write to Addr: 0x10010028 Val: 0x00000059
In clock cycle: 98
Register Write to Reg: 0x10 Val: 0x10010024
In clock cycle: 99
Register Write to Reg: 0x11 Val: 0x00000008
In clock cycle: 102
Register Write to Reg: 0x00 Val: 0x00000000
In clock cycle: 103
Register Write to Reg: 0x13 Val: 0x00000037
In clock cycle: 104
Register Write to Reg: 0x14 Val: 0x00000059
In clock cycle: 106
Register Write to Reg: 0x12 Val: 0x00000090
In clock cycle: 106
Memory Write to Addr: 0x1001002C Val: 0x00000090
In clock cycle: 108
Register Write to Reg: 0x10 Val: 0x10010028
In clock cycle: 109
Register Write to Reg: 0x11 Val: 0x00000007
In clock cycle: 112
Register Write to Reg: 0x00 Val: 0x00000000
In clock cycle: 113
Register Write to Reg: 0x13 Val: 0x00000059
In clock cycle: 114
Register Write to Reg: 0x14 Val: 0x00000090
In clock cycle: 116
Register Write to Reg: 0x12 Val: 0x000000E9
In clock cycle: 116
Memory Write to Addr: 0x10010030 Val: 0x000000E9
In clock cycle: 118
Register Write to Reg: 0x10 Val: 0x1001002C
In clock cycle: 119
Register Write to Reg: 0x11 Val: 0x00000006
In clock cycle: 122
Register Write to Reg: 0x00 Val: 0x00000000
In clock cycle: 123
Register Write to Reg: 0x13 Val: 0x00000090
In clock cycle: 124
Register Write to Reg: 0x14 Val: 0x000000E9
In clock cycle: 126
Register Write to Reg: 0x12 Val: 0x00000179
In clock cycle: 126
Memory Write to Addr: 0x10010034 Val: 0x00000179
In clock cycle: 128
Register Write to Reg: 0x10 Val: 0x10010030
In clock cycle: 129
Register Write to Reg: 0x11 Val: 0x00000005
In clock cycle: 132
Register Write to Reg: 0x00 Val: 0x00000000
In clock cycle: 133
Register Write to Reg: 0x13 Val: 0x000000E9
In clock cycle: 134
Register Write to Reg: 0x14 Val: 0x00000179
In clock cycle: 136
Register Write to Reg: 0x12 Val: 0x00000262
In clock cycle: 136
Memory Write to Addr: 0x10010038 Val: 0x00000262
In clock cycle: 138
Register Write to Reg: 0x10 Val: 0x10010034
In clock cycle: 139
Register Write to Reg: 0x11 Val: 0x00000004
In clock cycle: 142
Register Write to Reg: 0x00 Val: 0x00000000
In clock cycle: 143
Register Write to Reg: 0x13 Val: 0x00000179
In clock cycle: 144
Register Write to Reg: 0x14 Val: 0x00000262
In clock cycle: 146
Register Write to Reg: 0x12 Val: 0x000003DB
In clock cycle: 146
Memory Write to Addr: 0x1001003C Val: 0x000003DB
In clock cycle: 148
Register Write to Reg: 0x10 Val: 0x10010038
In clock cycle: 149
Register Write to Reg: 0x11 Val: 0x00000003
In clock cycle: 152
Register Write to Reg: 0x00 Val: 0x00000000
In clock cycle: 153
Register Write to Reg: 0x13 Val: 0x00000262
In clock cycle: 154
Register Write to Reg: 0x14 Val: 0x000003DB
In clock cycle: 156
Register Write to Reg: 0x12 Val: 0x0000063D
In clock cycle: 156
Memory Write to Addr: 0x10010040 Val: 0x0000063D
In clock cycle: 158
Register Write to Reg: 0x10 Val: 0x1001003C
In clock cycle: 159
Register Write to Reg: 0x11 Val: 0x00000002
In clock cycle: 162
Register Write to Reg: 0x00 Val: 0x00000000
In clock cycle: 163
Register Write to Reg: 0x13 Val: 0x000003DB
In clock cycle: 164
Register Write to Reg: 0x14 Val: 0x0000063D
In clock cycle: 166
Register Write to Reg: 0x12 Val: 0x00000A18
In clock cycle: 166
Memory Write to Addr: 0x10010044 Val: 0x00000A18
In clock cycle: 168
Register Write to Reg: 0x10 Val: 0x10010040
In clock cycle: 169
Register Write to Reg: 0x11 Val: 0x00000001
In clock cycle: 172
Register Write to Reg: 0x00 Val: 0x00000000
In clock cycle: 173
Register Write to Reg: 0x13 Val: 0x0000063D
In clock cycle: 174
Register Write to Reg: 0x14 Val: 0x00000A18
In clock cycle: 176
Register Write to Reg: 0x12 Val: 0x00001055
In clock cycle: 176
Memory Write to Addr: 0x10010048 Val: 0x00001055
In clock cycle: 178
Register Write to Reg: 0x10 Val: 0x10010044
In clock cycle: 179
Register Write to Reg: 0x11 Val: 0x00000000
In clock cycle: 182
Register Write to Reg: 0x01 Val: 0x10010000
In clock cycle: 183
Register Write to Reg: 0x04 Val: 0x10010000
In clock cycle: 184
Register Write to Reg: 0x05 Val: 0x00000013
In clock cycle: 185
Register Write to Reg: 0x1F Val: 0x00400050
In clock cycle: 186
Register Write to Reg: 0x00 Val: 0x00000000
In clock cycle: 187
Register Write to Reg: 0x08 Val: 0x10010000
In clock cycle: 188
Register Write to Reg: 0x09 Val: 0x00000013
In clock cycle: 189
Register Write to Reg: 0x01 Val: 0x10010000
In clock cycle: 190
Register Write to Reg: 0x04 Val: 0x10010089
In clock cycle: 191
Register Write to Reg: 0x02 Val: 0x00000004
In clock cycle: 192
Register Write to Reg: 0x00 Val: 0x00000000
In clock cycle: 193
Register Write to Reg: 0x04 Val: 0x00000001
In clock cycle: 194
Register Write to Reg: 0x02 Val: 0x00000001
In clock cycle: 195
Register Write to Reg: 0x00 Val: 0x00000000
In clock cycle: 196
Register Write to Reg: 0x01 Val: 0x10010000
In clock cycle: 197
Register Write to Reg: 0x04 Val: 0x10010087
In clock cycle: 198
Register Write to Reg: 0x02 Val: 0x00000004
In clock cycle: 199
Register Write to Reg: 0x00 Val: 0x00000000
In clock cycle: 200
Register Write to Reg: 0x08 Val: 0x10010004
In clock cycle: 201
Register Write to Reg: 0x09 Val: 0x00000012
In clock cycle: 204
Register Write to Reg: 0x00 Val: 0x00000000
In clock cycle: 205
Register Write to Reg: 0x04 Val: 0x00000001
In clock cycle: 206
Register Write to Reg: 0x02 Val: 0x00000001
In clock cycle: 207
Register Write to Reg: 0x00 Val: 0x00000000
In clock cycle: 208
Register Write to Reg: 0x01 Val: 0x10010000
In clock cycle: 209
Register Write to Reg: 0x04 Val: 0x10010087
In clock cycle: 210
Register Write to Reg: 0x02 Val: 0x00000004
In clock cycle: 211
Register Write to Reg: 0x00 Val: 0x00000000
In clock cycle: 212
Register Write to Reg: 0x08 Val: 0x10010008
In clock cycle: 213
Register Write to Reg: 0x09 Val: 0x00000011
In clock cycle: 216
Register Write to Reg: 0x00 Val: 0x00000000
In clock cycle: 217
Register Write to Reg: 0x04 Val: 0x00000002
In clock cycle: 218
Register Write to Reg: 0x02 Val: 0x00000001
In clock cycle: 219
Register Write to Reg: 0x00 Val: 0x00000000
In clock cycle: 220
Register Write to Reg: 0x01 Val: 0x10010000
In clock cycle: 221
Register Write to Reg: 0x04 Val: 0x10010087
In clock cycle: 222
Register Write to Reg: 0x02 Val: 0x00000004
In clock cycle: 223
Register Write to Reg: 0x00 Val: 0x00000000
In clock cycle: 224
Register Write to Reg: 0x08 Val: 0x1001000C
In clock cycle: 225
Register Write to Reg: 0x09 Val: 0x00000010
In clock cycle: 228
Register Write to Reg: 0x00 Val: 0x00000000
In clock cycle: 229
Register Write to Reg: 0x04 Val: 0x00000003
In clock cycle: 230
Register Write to Reg: 0x02 Val: 0x00000001
In clock cycle: 231
Register Write to Reg: 0x00 Val: 0x00000000
In clock cycle: 232
Register Write to Reg: 0x01 Val: 0x10010000
In clock cycle: 233
Register Write to Reg: 0x04 Val: 0x10010087
In clock cycle: 234
Register Write to Reg: 0x02 Val: 0x00000004
In clock cycle: 235
Register Write to Reg: 0x00 Val: 0x00000000
In clock cycle: 236
Register Write to Reg: 0x08 Val: 0x10010010
In clock cycle: 237
Register Write to Reg: 0x09 Val: 0x0000000F
In clock cycle: 240
Register Write to Reg: 0x00 Val: 0x00000000
In clock cycle: 241
Register Write to Reg: 0x04 Val: 0x00000005
In clock cycle: 242
Register Write to Reg: 0x02 Val: 0x00000001
In clock cycle: 243
Register Write to Reg: 0x00 Val: 0x00000000
In clock cycle: 244
Register Write to Reg: 0x01 Val: 0x10010000
In clock cycle: 245
Register Write to Reg: 0x04 Val: 0x10010087
In clock cycle: 246
Register Write to Reg: 0x02 Val: 0x00000004
In clock cycle: 247
Register Write to Reg: 0x00 Val: 0x00000000
In clock cycle: 248
Register Write to Reg: 0x08 Val: 0x10010014
In clock cycle: 249
Register Write to Reg: 0x09 Val: 0x0000000E
In clock cycle: 252
Register Write to Reg: 0x00 Val: 0x00000000
In clock cycle: 253
Register Write to Reg: 0x04 Val: 0x00000008
In clock cycle: 254
Register Write to Reg: 0x02 Val: 0x00000001
In clock cycle: 255
Register Write to Reg: 0x00 Val: 0x00000000
In clock cycle: 256
Register Write to Reg: 0x01 Val: 0x10010000
In clock cycle: 257
Register Write to Reg: 0x04 Val: 0x10010087
In clock cycle: 258
Register Write to Reg: 0x02 Val: 0x00000004
In clock cycle: 259
Register Write to Reg: 0x00 Val: 0x00000000
In clock cycle: 260
Register Write to Reg: 0x08 Val: 0x10010018
In clock cycle: 261
Register Write to Reg: 0x09 Val: 0x0000000D
In clock cycle: 264
Register Write to Reg: 0x00 Val: 0x00000000
In clock cycle: 265
Register Write to Reg: 0x04 Val: 0x0000000D
In clock cycle: 266
Register Write to Reg: 0x02 Val: 0x00000001
In clock cycle: 267
Register Write to Reg: 0x00 Val: 0x00000000
In clock cycle: 268
Register Write to Reg: 0x01 Val: 0x10010000
In clock cycle: 269
Register Write to Reg: 0x04 Val: 0x10010087
In clock cycle: 270
Register Write to Reg: 0x02 Val: 0x00000004
In clock cycle: 271
Register Write to Reg: 0x00 Val: 0x00000000
In clock cycle: 272
Register Write to Reg: 0x08 Val: 0x1001001C
In clock cycle: 273
Register Write to Reg: 0x09 Val: 0x0000000C
In clock cycle: 276
Register Write to Reg: 0x00 Val: 0x00000000
In clock cycle: 277
Register Write to Reg: 0x04 Val: 0x00000015
In clock cycle: 278
Register Write to Reg: 0x02 Val: 0x00000001
In clock cycle: 279
Register Write to Reg: 0x00 Val: 0x00000000
In clock cycle: 280
Register Write to Reg: 0x01 Val: 0x10010000
In clock cycle: 281
Register Write to Reg: 0x04 Val: 0x10010087
In clock cycle: 282
Register Write to Reg: 0x02 Val: 0x00000004
In clock cycle: 283
Register Write to Reg: 0x00 Val: 0x00000000
In clock cycle: 284
Register Write to Reg: 0x08 Val: 0x10010020
In clock cycle: 285
Register Write to Reg: 0x09 Val: 0x0000000B
In clock cycle: 288
Register Write to Reg: 0x00 Val: 0x00000000
In clock cycle: 289
Register Write to Reg: 0x04 Val: 0x00000022
In clock cycle: 290
Register Write to Reg: 0x02 Val: 0x00000001
In clock cycle: 291
Register Write to Reg: 0x00 Val: 0x00000000
In clock cycle: 292
Register Write to Reg: 0x01 Val: 0x10010000
In clock cycle: 293
Register Write to Reg: 0x04 Val: 0x10010087
In clock cycle: 294
Register Write to Reg: 0x02 Val: 0x00000004
In clock cycle: 295
Register Write to Reg: 0x00 Val: 0x00000000
In clock cycle: 296
Register Write to Reg: 0x08 Val: 0x10010024
In clock cycle: 297
Register Write to Reg: 0x09 Val: 0x0000000A
In clock cycle: 300
Register Write to Reg: 0x00 Val: 0x00000000
In clock cycle: 301
Register Write to Reg: 0x04 Val: 0x00000037
In clock cycle: 302
Register Write to Reg: 0x02 Val: 0x00000001
In clock cycle: 303
Register Write to Reg: 0x00 Val: 0x00000000
In clock cycle: 304
Register Write to Reg: 0x01 Val: 0x10010000
In clock cycle: 305
Register Write to Reg: 0x04 Val: 0x10010087
In clock cycle: 306
Register Write to Reg: 0x02 Val: 0x00000004
In clock cycle: 307
Register Write to Reg: 0x00 Val: 0x00000000
In clock cycle: 308
Register Write to Reg: 0x08 Val: 0x10010028
In clock cycle: 309
Register Write to Reg: 0x09 Val: 0x00000009
In clock cycle: 312
Register Write to Reg: 0x00 Val: 0x00000000
In clock cycle: 313
Register Write to Reg: 0x04 Val: 0x00000059
In clock cycle: 314
Register Write to Reg: 0x02 Val: 0x00000001
In clock cycle: 315
Register Write to Reg: 0x00 Val: 0x00000000
In clock cycle: 316
Register Write to Reg: 0x01 Val: 0x10010000
In clock cycle: 317
Register Write to Reg: 0x04 Val: 0x10010087
In clock cycle: 318
Register Write to Reg: 0x02 Val: 0x00000004
In clock cycle: 319
Register Write to Reg: 0x00 Val: 0x00000000
In clock cycle: 320
Register Write to Reg: 0x08 Val: 0x1001002C
In clock cycle: 321
Register Write to Reg: 0x09 Val: 0x00000008
In clock cycle: 324
Register Write to Reg: 0x00 Val: 0x00000000
In clock cycle: 325
Register Write to Reg: 0x04 Val: 0x00000090
In clock cycle: 326
Register Write to Reg: 0x02 Val: 0x00000001
In clock cycle: 327
Register Write to Reg: 0x00 Val: 0x00000000
In clock cycle: 328
Register Write to Reg: 0x01 Val: 0x10010000
In clock cycle: 329
Register Write to Reg: 0x04 Val: 0x10010087
In clock cycle: 330
Register Write to Reg: 0x02 Val: 0x00000004
In clock cycle: 331
Register Write to Reg: 0x00 Val: 0x00000000
In clock cycle: 332
Register Write to Reg: 0x08 Val: 0x10010030
In clock cycle: 333
Register Write to Reg: 0x09 Val: 0x00000007
In clock cycle: 336
Register Write to Reg: 0x00 Val: 0x00000000
In clock cycle: 337
Register Write to Reg: 0x04 Val: 0x000000E9
In clock cycle: 338
Register Write to Reg: 0x02 Val: 0x00000001
In clock cycle: 339
Register Write to Reg: 0x00 Val: 0x00000000
In clock cycle: 340
Register Write to Reg: 0x01 Val: 0x10010000
In clock cycle: 341
Register Write to Reg: 0x04 Val: 0x10010087
In clock cycle: 342
Register Write to Reg: 0x02 Val: 0x00000004
In clock cycle: 343
Register Write to Reg: 0x00 Val: 0x00000000
In clock cycle: 344
Register Write to Reg: 0x08 Val: 0x10010034
In clock cycle: 345
Register Write to Reg: 0x09 Val: 0x00000006
In clock cycle: 348
Register Write to Reg: 0x00 Val: 0x00000000
In clock cycle: 349
Register Write to Reg: 0x04 Val: 0x00000179
In clock cycle: 350
Register Write to Reg: 0x02 Val: 0x00000001
In clock cycle: 351
Register Write to Reg: 0x00 Val: 0x00000000
In clock cycle: 352
Register Write to Reg: 0x01 Val: 0x10010000
In clock cycle: 353
Register Write to Reg: 0x04 Val: 0x10010087
In clock cycle: 354
Register Write to Reg: 0x02 Val: 0x00000004
In clock cycle: 355
Register Write to Reg: 0x00 Val: 0x00000000
In clock cycle: 356
Register Write to Reg: 0x08 Val: 0x10010038
In clock cycle: 357
Register Write to Reg: 0x09 Val: 0x00000005
In clock cycle: 360
Register Write to Reg: 0x00 Val: 0x00000000
In clock cycle: 361
Register Write to Reg: 0x04 Val: 0x00000262
In clock cycle: 362
Register Write to Reg: 0x02 Val: 0x00000001
In clock cycle: 363
Register Write to Reg: 0x00 Val: 0x00000000
In clock cycle: 364
Register Write to Reg: 0x01 Val: 0x10010000
In clock cycle: 365
Register Write to Reg: 0x04 Val: 0x10010087
In clock cycle: 366
Register Write to Reg: 0x02 Val: 0x00000004
In clock cycle: 367
Register Write to Reg: 0x00 Val: 0x00000000
In clock cycle: 368
Register Write to Reg: 0x08 Val: 0x1001003C
In clock cycle: 369
Register Write to Reg: 0x09 Val: 0x00000004
In clock cycle: 372
Register Write to Reg: 0x00 Val: 0x00000000
In clock cycle: 373
Register Write to Reg: 0x04 Val: 0x000003DB
In clock cycle: 374
Register Write to Reg: 0x02 Val: 0x00000001
In clock cycle: 375
Register Write to Reg: 0x00 Val: 0x00000000
In clock cycle: 376
Register Write to Reg: 0x01 Val: 0x10010000
In clock cycle: 377
Register Write to Reg: 0x04 Val: 0x10010087
In clock cycle: 378
Register Write to Reg: 0x02 Val: 0x00000004
In clock cycle: 379
Register Write to Reg: 0x00 Val: 0x00000000
In clock cycle: 380
Register Write to Reg: 0x08 Val: 0x10010040
In clock cycle: 381
Register Write to Reg: 0x09 Val: 0x00000003
In clock cycle: 384
Register Write to Reg: 0x00 Val: 0x00000000
In clock cycle: 385
Register Write to Reg: 0x04 Val: 0x0000063D
In clock cycle: 386
Register Write to Reg: 0x02 Val: 0x00000001
In clock cycle: 387
Register Write to Reg: 0x00 Val: 0x00000000
In clock cycle: 388
Register Write to Reg: 0x01 Val: 0x10010000
In clock cycle: 389
Register Write to Reg: 0x04 Val: 0x10010087
In clock cycle: 390
Register Write to Reg: 0x02 Val: 0x00000004
In clock cycle: 391
Register Write to Reg: 0x00 Val: 0x00000000
In clock cycle: 392
Register Write to Reg: 0x08 Val: 0x10010044
In clock cycle: 393
Register Write to Reg: 0x09 Val: 0x00000002
In clock cycle: 396
Register Write to Reg: 0x00 Val: 0x00000000
In clock cycle: 397
Register Write to Reg: 0x04 Val: 0x00000A18
In clock cycle: 398
Register Write to Reg: 0x02 Val: 0x00000001
In clock cycle: 399
Register Write to Reg: 0x00 Val: 0x00000000
In clock cycle: 400
Register Write to Reg: 0x01 Val: 0x10010000
In clock cycle: 401
Register Write to Reg: 0x04 Val: 0x10010087
In clock cycle: 402
Register Write to Reg: 0x02 Val: 0x00000004
In clock cycle: 403
Register Write to Reg: 0x00 Val: 0x00000000
In clock cycle: 404
Register Write to Reg: 0x08 Val: 0x10010048
In clock cycle: 405
Register Write to Reg: 0x09 Val: 0x00000001
In clock cycle: 408
Register Write to Reg: 0x00 Val: 0x00000000
In clock cycle: 409
Register Write to Reg: 0x04 Val: 0x00001055
In clock cycle: 410
Register Write to Reg: 0x02 Val: 0x00000001
In clock cycle: 411
Register Write to Reg: 0x00 Val: 0x00000000
In clock cycle: 412
Register Write to Reg: 0x01 Val: 0x10010000
In clock cycle: 413
Register Write to Reg: 0x04 Val: 0x10010087
In clock cycle: 414
Register Write to Reg: 0x02 Val: 0x00000004
In clock cycle: 415
Register Write to Reg: 0x00 Val: 0x00000000
In clock cycle: 416
Register Write to Reg: 0x08 Val: 0x1001004C
In clock cycle: 417
Register Write to Reg: 0x09 Val: 0x00000000
In clock cycle: 420
Register Write to Reg: 0x00 Val: 0x00000000
In clock cycle: 421
Register Write to Reg: 0x00 Val: 0x00000000
In clock cycle: 422
Register Write to Reg: 0x00 Val: 0x00000000
Execution is stopping! Clock Cycle: 422
