[inst #1] lui $3,65535
Register Write to Reg: 0x03 Val: 0xFFFF0000
[inst #2] lui $1,0
Register Write to Reg: 0x01 Val: 0x00000000
[inst #3] ori $1,$1,65535
Register Write to Reg: 0x01 Val: 0x0000FFFF
[inst #4] addu $2,$0,$1
Register Write to Reg: 0x02 Val: 0x0000FFFF
[inst #5] addu $3,$3,$2
Register Write to Reg: 0x03 Val: 0xFFFFFFFF
[inst #6] addu $1,$3,$0
Register Write to Reg: 0x01 Val: 0xFFFFFFFF
[inst #7] addiu $2,$0,1
Register Write to Reg: 0x02 Val: 0x00000001
[inst #8] addu $3,$1,$0
Register Write to Reg: 0x03 Val: 0xFFFFFFFF
[inst #9] addu $4,$1,$0
Register Write to Reg: 0x04 Val: 0xFFFFFFFF
[inst #10] addu $5,$1,$0
Register Write to Reg: 0x05 Val: 0xFFFFFFFF
[inst #11] addu $6,$1,$0
Register Write to Reg: 0x06 Val: 0xFFFFFFFF
[inst #12] addu $7,$1,$0
Register Write to Reg: 0x07 Val: 0xFFFFFFFF
[inst #13] addu $8,$1,$0
Register Write to Reg: 0x08 Val: 0xFFFFFFFF
[inst #14] addu $9,$1,$0
Register Write to Reg: 0x09 Val: 0xFFFFFFFF
[inst #15] addu $10,$1,$0
Register Write to Reg: 0x0A Val: 0xFFFFFFFF
[inst #16] addu $11,$1,$0
Register Write to Reg: 0x0B Val: 0xFFFFFFFF
[inst #17] addu $12,$1,$0
Register Write to Reg: 0x0C Val: 0xFFFFFFFF
[inst #18] addu $13,$1,$0
Register Write to Reg: 0x0D Val: 0xFFFFFFFF
[inst #19] addu $14,$1,$0
Register Write to Reg: 0x0E Val: 0xFFFFFFFF
[inst #20] addu $15,$1,$0
Register Write to Reg: 0x0F Val: 0xFFFFFFFF
[inst #21] addu $16,$1,$0
Register Write to Reg: 0x10 Val: 0xFFFFFFFF
[inst #22] addu $17,$1,$0
Register Write to Reg: 0x11 Val: 0xFFFFFFFF
[inst #23] addu $18,$1,$0
Register Write to Reg: 0x12 Val: 0xFFFFFFFF
[inst #24] addu $19,$1,$0
Register Write to Reg: 0x13 Val: 0xFFFFFFFF
[inst #25] addu $20,$1,$0
Register Write to Reg: 0x14 Val: 0xFFFFFFFF
[inst #26] addu $21,$1,$0
Register Write to Reg: 0x15 Val: 0xFFFFFFFF
[inst #27] addu $21,$1,$0
Register Write to Reg: 0x15 Val: 0xFFFFFFFF
[inst #28] addu $23,$1,$0
Register Write to Reg: 0x17 Val: 0xFFFFFFFF
[inst #29] addu $24,$1,$0
Register Write to Reg: 0x18 Val: 0xFFFFFFFF
[inst #30] addu $25,$1,$0
Register Write to Reg: 0x19 Val: 0xFFFFFFFF
[inst #31] addu $26,$1,$0
Register Write to Reg: 0x1A Val: 0xFFFFFFFF
[inst #32] addu $27,$1,$0
Register Write to Reg: 0x1B Val: 0xFFFFFFFF
[inst #33] addu $28,$1,$0
Register Write to Reg: 0x1C Val: 0xFFFFFFFF
[inst #34] addu $29,$1,$0
Register Write to Reg: 0x1D Val: 0xFFFFFFFF
[inst #35] addu $30,$1,$0
Register Write to Reg: 0x1E Val: 0xFFFFFFFF
[inst #36] addu $31,$1,$0
Register Write to Reg: 0x1F Val: 0xFFFFFFFF
[inst #37] addu $1,$2,$1
Register Write to Reg: 0x01 Val: 0x00000000
[inst #38] addu $3,$2,$3
Register Write to Reg: 0x03 Val: 0x00000000
[inst #39] addu $4,$2,$4
Register Write to Reg: 0x04 Val: 0x00000000
[inst #40] addu $5,$2,$5
Register Write to Reg: 0x05 Val: 0x00000000
[inst #41] addu $6,$2,$6
Register Write to Reg: 0x06 Val: 0x00000000
[inst #42] addu $7,$2,$7
Register Write to Reg: 0x07 Val: 0x00000000
[inst #43] addu $8,$2,$8
Register Write to Reg: 0x08 Val: 0x00000000
[inst #44] addu $9,$2,$9
Register Write to Reg: 0x09 Val: 0x00000000
[inst #45] addu $10,$2,$10
Register Write to Reg: 0x0A Val: 0x00000000
[inst #46] addu $11,$2,$11
Register Write to Reg: 0x0B Val: 0x00000000
[inst #47] addu $12,$2,$12
Register Write to Reg: 0x0C Val: 0x00000000
[inst #48] addu $13,$2,$13
Register Write to Reg: 0x0D Val: 0x00000000
[inst #49] addu $14,$2,$14
Register Write to Reg: 0x0E Val: 0x00000000
[inst #50] addu $15,$2,$15
Register Write to Reg: 0x0F Val: 0x00000000
[inst #51] addu $16,$2,$16
Register Write to Reg: 0x10 Val: 0x00000000
[inst #52] addu $17,$2,$17
Register Write to Reg: 0x11 Val: 0x00000000
[inst #53] addu $18,$2,$18
Register Write to Reg: 0x12 Val: 0x00000000
[inst #54] addu $19,$2,$19
Register Write to Reg: 0x13 Val: 0x00000000
[inst #55] addu $20,$2,$20
Register Write to Reg: 0x14 Val: 0x00000000
[inst #56] addu $21,$2,$21
Register Write to Reg: 0x15 Val: 0x00000000
[inst #57] addu $21,$2,$21
Register Write to Reg: 0x15 Val: 0x00000001
[inst #58] addu $23,$2,$23
Register Write to Reg: 0x17 Val: 0x00000000
[inst #59] addu $24,$2,$24
Register Write to Reg: 0x18 Val: 0x00000000
[inst #60] addu $25,$2,$25
Register Write to Reg: 0x19 Val: 0x00000000
[inst #61] addu $26,$2,$26
Register Write to Reg: 0x1A Val: 0x00000000
[inst #62] addu $27,$2,$27
Register Write to Reg: 0x1B Val: 0x00000000
[inst #63] addu $28,$2,$28
Register Write to Reg: 0x1C Val: 0x00000000
[inst #64] addu $29,$2,$29
Register Write to Reg: 0x1D Val: 0x00000000
[inst #65] addu $30,$2,$30
Register Write to Reg: 0x1E Val: 0x00000000
[inst #66] addu $31,$2,$31
Register Write to Reg: 0x1F Val: 0x00000000
[inst #67] halt 

