[inst #1] lui $29,4097
Register Write to Reg: 0x1D Val: 0x10010000
[inst #2] addiu $30,$0,0
Register Write to Reg: 0x1E Val: 0x00000000
[inst #3] lui $1,64
Register Write to Reg: 0x01 Val: 0x00400000
[inst #4] sll $0,$0,$0
Register Write to Reg: 0x00 Val: 0x00000000
[inst #5] sll $0,$0,$0
Register Write to Reg: 0x00 Val: 0x00000000
[inst #6] sll $0,$0,$0
Register Write to Reg: 0x00 Val: 0x00000000
[inst #7] ori $31,$1,44
Register Write to Reg: 0x1F Val: 0x0040002C
[inst #8] nop 
[inst #9] ori $29,$29,4096
Register Write to Reg: 0x1D Val: 0x10011000
[inst #10] j 4194352
[inst #11] nop 
[inst #12] addiu $29,$29,-40
Register Write to Reg: 0x1D Val: 0x10010FD8
[inst #13] nop 
[inst #14] nop 
[inst #15] nop 
[inst #16] sw $30,32($29)
Memory Write to Addr: 0x10010FF8 Val: 0x00000000
[inst #17] add $30,$29,$0
Register Write to Reg: 0x1E Val: 0x10010FD8
[inst #18] sw $31,36($29)
Memory Write to Addr: 0x10010FFC Val: 0x0040002C
[inst #19] nop 
[inst #20] nop 
[inst #21] sw $0,24($30)
Memory Write to Addr: 0x10010FF0 Val: 0x00000000
[inst #22] j 4194472
[inst #23] lw $2,24($30)
Register Write to Reg: 0x02 Val: 0x00000000
[inst #24] nop 
[inst #25] nop 
[inst #26] nop 
[inst #27] slti $2,$2,4
Register Write to Reg: 0x02 Val: 0x00000001
[inst #28] nop 
[inst #29] nop 
[inst #30] nop 
[inst #31] beq $2,$0,3
[inst #32] nop 
[inst #33] j 4194404
[inst #34] lw $4,24($30)
Register Write to Reg: 0x04 Val: 0x00000000
[inst #35] j 4195604
[inst #36] addiu $29,$29,-32
Register Write to Reg: 0x1D Val: 0x10010FB8
[inst #37] nop 
[inst #38] nop 
[inst #39] nop 
[inst #40] sw $30,28($29)
Memory Write to Addr: 0x10010FD4 Val: 0x10010FD8
[inst #41] addu $30,$0,$29
Register Write to Reg: 0x1E Val: 0x10010FB8
[inst #42] nop 
[inst #43] nop 
[inst #44] nop 
[inst #45] sw $4,32($30)
Memory Write to Addr: 0x10010FD8 Val: 0x00000000
[inst #46] ori $2,$0,1
Register Write to Reg: 0x02 Val: 0x00000001
[inst #47] nop 
[inst #48] sw $0,12($30)
Memory Write to Addr: 0x10010FC4 Val: 0x00000000
[inst #49] j 4195736
[inst #50] lw $2,32($30)
Register Write to Reg: 0x02 Val: 0x00000000
[inst #51] lw $3,12($30)
Register Write to Reg: 0x03 Val: 0x00000000
[inst #52] nop 
[inst #53] nop 
[inst #54] nop 
[inst #55] slt $2,$3,$2
Register Write to Reg: 0x02 Val: 0x00000000
[inst #56] nop 
[inst #57] nop 
[inst #58] nop 
[inst #59] beq $2,$0,2
[inst #60] lui $1,4097
Register Write to Reg: 0x01 Val: 0x10010000
[inst #61] sll $0,$0,$0
Register Write to Reg: 0x00 Val: 0x00000000
[inst #62] sll $0,$0,$0
Register Write to Reg: 0x00 Val: 0x00000000
[inst #63] sll $0,$0,$0
Register Write to Reg: 0x00 Val: 0x00000000
[inst #64] ori $2,$1,36
Register Write to Reg: 0x02 Val: 0x10010024
[inst #65] nop 
[inst #66] nop 
[inst #67] nop 
[inst #68] lw $2,0($2)
Register Write to Reg: 0x02 Val: 0x00000000
[inst #69] nop 
[inst #70] nop 
[inst #71] lw $3,16($30)
Register Write to Reg: 0x03 Val: 0x00000000
[inst #72] sw $2,16($30)
Memory Write to Addr: 0x10010FC8 Val: 0x00000000
[inst #73] lw $2,8($30)
Register Write to Reg: 0x02 Val: 0x00000000
[inst #74] nop 
[inst #75] nop 
[inst #76] nop 
[inst #77] and $2,$3,$2
Register Write to Reg: 0x02 Val: 0x00000000
[inst #78] nop 
[inst #79] nop 
[inst #80] addu $29,$0,$30
Register Write to Reg: 0x1D Val: 0x10010FB8
[inst #81] slt $2,$0,$2
Register Write to Reg: 0x02 Val: 0x00000000
[inst #82] nop 
[inst #83] nop 
[inst #84] nop 
[inst #85] andi $2,$2,255
Register Write to Reg: 0x02 Val: 0x00000000
[inst #86] lw $30,28($29)
Register Write to Reg: 0x1E Val: 0x10010FD8
[inst #87] jr $31
[inst #88] halt 

