[inst #1] addiu $8,$0,3
Register Write to Reg: 0x08 Val: 0x00000003
[inst #2] addiu $9,$0,-3
Register Write to Reg: 0x09 Val: 0xFFFFFFFD
[inst #3] sra $10,$8,0
Register Write to Reg: 0x0A Val: 0x00000003
[inst #4] sra $11,$9,0
Register Write to Reg: 0x0B Val: 0xFFFFFFFD
[inst #5] sra $12,$8,1
Register Write to Reg: 0x0C Val: 0x00000001
[inst #6] sra $13,$9,1
Register Write to Reg: 0x0D Val: 0xFFFFFFFE
[inst #7] addiu $14,$0,5
Register Write to Reg: 0x0E Val: 0x00000005
[inst #8] addiu $15,$0,-5
Register Write to Reg: 0x0F Val: 0xFFFFFFFB
[inst #9] sra $24,$14,1
Register Write to Reg: 0x18 Val: 0x00000002
[inst #10] sra $25,$15,1
Register Write to Reg: 0x19 Val: 0xFFFFFFFD
[inst #11] halt 

