In clock cycle: 3
Register Write to Reg: 0x00 Val: 0x00000000
In clock cycle: 4
Register Write to Reg: 0x01 Val: 0x10010000
In clock cycle: 5
Register Write to Reg: 0x08 Val: 0x10010000
In clock cycle: 6
Register Write to Reg: 0x01 Val: 0x10010000
In clock cycle: 7
Register Write to Reg: 0x09 Val: 0x10010014
In clock cycle: 8
Register Write to Reg: 0x10 Val: 0x87654321
In clock cycle: 9
Register Write to Reg: 0x11 Val: 0x0000001F
In clock cycle: 10
Register Write to Reg: 0x12 Val: 0x80000000
In clock cycle: 10
Memory Write to Addr: 0x10010018 Val: 0x80000000
In clock cycle: 12
Register Write to Reg: 0x00 Val: 0x00000000
Execution is stopping! Clock Cycle: 12
