In clock cycle: 3
Register Write to Reg: 0x00 Val: 0x00000000
In clock cycle: 4
Register Write to Reg: 0x01 Val: 0x00000000
In clock cycle: 5
Register Write to Reg: 0x01 Val: 0x0000FFFF
In clock cycle: 6
Register Write to Reg: 0x10 Val: 0x0000FFFF
In clock cycle: 7
Register Write to Reg: 0x01 Val: 0x00000000
In clock cycle: 8
Register Write to Reg: 0x01 Val: 0x0000FFFF
In clock cycle: 9
Register Write to Reg: 0x11 Val: 0x0000FFFF
In clock cycle: 10
Register Write to Reg: 0x13 Val: 0x00000000
In clock cycle: 11
Register Write to Reg: 0x14 Val: 0x00000000
In clock cycle: 12
Register Write to Reg: 0x10 Val: 0x00000000
In clock cycle: 13
Register Write to Reg: 0x13 Val: 0x0000FFFF
In clock cycle: 14
Register Write to Reg: 0x14 Val: 0x0000FFFF
In clock cycle: 15
Register Write to Reg: 0x10 Val: 0xFFFFFFFF
In clock cycle: 16
Register Write to Reg: 0x01 Val: 0x00000000
In clock cycle: 17
Register Write to Reg: 0x01 Val: 0x0000BBBB
In clock cycle: 18
Register Write to Reg: 0x11 Val: 0x0000BBBB
In clock cycle: 19
Register Write to Reg: 0x15 Val: 0xFFFF4444
In clock cycle: 20
Register Write to Reg: 0x00 Val: 0x00000000
Execution is stopping! Clock Cycle: 20
