Warning in /home/dawud/cpre381/381_project/proj/mips/Proj2_bubblesort_AvoidHazard.s line 5 column 1: MARS does not recognize the .global directive.  Ignored.

[inst #1] lui $1,4097
Register Write to Reg: 0x01 Val: 0x10010000
[inst #2] sll $0,$0,$0
Register Write to Reg: 0x00 Val: 0x00000000
[inst #3] sll $0,$0,$0
Register Write to Reg: 0x00 Val: 0x00000000
[inst #4] sll $0,$0,$0
Register Write to Reg: 0x00 Val: 0x00000000
[inst #5] ori $4,$1,0
Register Write to Reg: 0x04 Val: 0x10010000
[inst #6] addiu $5,$0,10
Register Write to Reg: 0x05 Val: 0x0000000A
[inst #7] jal 4194344
Register Write to Reg: 0x1F Val: 0x0040001C
[inst #8] addiu $8,$0,0
Register Write to Reg: 0x08 Val: 0x00000000
[inst #9] nop 
[inst #10] addiu $11,$5,-1
Register Write to Reg: 0x0B Val: 0x00000009
[inst #11] j 4194528
[inst #12] nop 
[inst #13] nop 
[inst #14] nop 
[inst #15] slt $12,$8,$11
Register Write to Reg: 0x0C Val: 0x00000001
[inst #16] nop 
[inst #17] addiu $10,$0,0
Register Write to Reg: 0x0A Val: 0x00000000
[inst #18] addiu $9,$0,0
Register Write to Reg: 0x09 Val: 0x00000000
[inst #19] bne $12,$0,-49
[inst #20] j 4194476
[inst #21] sub $12,$11,$8
Register Write to Reg: 0x0C Val: 0x00000009
[inst #22] nop 
[inst #23] nop 
[inst #24] nop 
[inst #25] slt $12,$9,$12
Register Write to Reg: 0x0C Val: 0x00000001
[inst #26] nop 
[inst #27] nop 
[inst #28] nop 
[inst #29] bne $12,$0,-35
[inst #30] sll $12,$9,2
Register Write to Reg: 0x0C Val: 0x00000000
[inst #31] nop 
[inst #32] nop 
[inst #33] nop 
[inst #34] addu $13,$4,$12
Register Write to Reg: 0x0D Val: 0x10010000
[inst #35] nop 
[inst #36] nop 
[inst #37] nop 
[inst #38] addiu $14,$13,4
Register Write to Reg: 0x0E Val: 0x10010004
[inst #39] lw $15,0($13)
Register Write to Reg: 0x0F Val: 0x00000001
[inst #40] nop 
[inst #41] nop 
[inst #42] lw $24,0($14)
Register Write to Reg: 0x18 Val: 0x00000002
[inst #43] nop 
[inst #44] nop 
[inst #45] nop 
[inst #46] slt $25,$24,$15
Register Write to Reg: 0x19 Val: 0x00000000
[inst #47] nop 
[inst #48] nop 
[inst #49] nop 
[inst #50] beq $25,$0,4
[inst #51] addiu $9,$9,1
Register Write to Reg: 0x09 Val: 0x00000001
[inst #52] sub $12,$11,$8
Register Write to Reg: 0x0C Val: 0x00000009
[inst #53] nop 
[inst #54] nop 
[inst #55] nop 
[inst #56] slt $12,$9,$12
Register Write to Reg: 0x0C Val: 0x00000001
[inst #57] nop 
[inst #58] nop 
[inst #59] nop 
[inst #60] bne $12,$0,-35
[inst #61] sll $12,$9,2
Register Write to Reg: 0x0C Val: 0x00000004
[inst #62] nop 
[inst #63] nop 
[inst #64] nop 
[inst #65] addu $13,$4,$12
Register Write to Reg: 0x0D Val: 0x10010004
[inst #66] nop 
[inst #67] nop 
[inst #68] nop 
[inst #69] addiu $14,$13,4
Register Write to Reg: 0x0E Val: 0x10010008
[inst #70] lw $15,0($13)
Register Write to Reg: 0x0F Val: 0x00000002
[inst #71] nop 
[inst #72] nop 
[inst #73] lw $24,0($14)
Register Write to Reg: 0x18 Val: 0x00000000
[inst #74] nop 
[inst #75] nop 
[inst #76] nop 
[inst #77] slt $25,$24,$15
Register Write to Reg: 0x19 Val: 0x00000001
[inst #78] nop 
[inst #79] nop 
[inst #80] nop 
[inst #81] beq $25,$0,4
[inst #82] nop 
[inst #83] sw $24,0($13)
Memory Write to Addr: 0x10010004 Val: 0x00000000
[inst #84] sw $15,0($14)
Memory Write to Addr: 0x10010008 Val: 0x00000002
[inst #85] addiu $10,$0,1
Register Write to Reg: 0x0A Val: 0x00000001
[inst #86] addiu $9,$9,1
Register Write to Reg: 0x09 Val: 0x00000002
[inst #87] sub $12,$11,$8
Register Write to Reg: 0x0C Val: 0x00000009
[inst #88] nop 
[inst #89] nop 
[inst #90] nop 
[inst #91] slt $12,$9,$12
Register Write to Reg: 0x0C Val: 0x00000001
[inst #92] nop 
[inst #93] nop 
[inst #94] nop 
[inst #95] bne $12,$0,-35
[inst #96] sll $12,$9,2
Register Write to Reg: 0x0C Val: 0x00000008
[inst #97] nop 
[inst #98] nop 
[inst #99] nop 
[inst #100] addu $13,$4,$12
Register Write to Reg: 0x0D Val: 0x10010008
[inst #101] nop 
[inst #102] nop 
[inst #103] nop 
[inst #104] addiu $14,$13,4
Register Write to Reg: 0x0E Val: 0x1001000C
[inst #105] lw $15,0($13)
Register Write to Reg: 0x0F Val: 0x00000002
[inst #106] nop 
[inst #107] nop 
[inst #108] lw $24,0($14)
Register Write to Reg: 0x18 Val: 0x00000005
[inst #109] nop 
[inst #110] nop 
[inst #111] nop 
[inst #112] slt $25,$24,$15
Register Write to Reg: 0x19 Val: 0x00000000
[inst #113] nop 
[inst #114] nop 
[inst #115] nop 
[inst #116] beq $25,$0,4
[inst #117] addiu $9,$9,1
Register Write to Reg: 0x09 Val: 0x00000003
[inst #118] sub $12,$11,$8
Register Write to Reg: 0x0C Val: 0x00000009
[inst #119] nop 
[inst #120] nop 
[inst #121] nop 
[inst #122] slt $12,$9,$12
Register Write to Reg: 0x0C Val: 0x00000001
[inst #123] nop 
[inst #124] nop 
[inst #125] nop 
[inst #126] bne $12,$0,-35
[inst #127] sll $12,$9,2
Register Write to Reg: 0x0C Val: 0x0000000C
[inst #128] nop 
[inst #129] nop 
[inst #130] nop 
[inst #131] addu $13,$4,$12
Register Write to Reg: 0x0D Val: 0x1001000C
[inst #132] nop 
[inst #133] nop 
[inst #134] nop 
[inst #135] addiu $14,$13,4
Register Write to Reg: 0x0E Val: 0x10010010
[inst #136] lw $15,0($13)
Register Write to Reg: 0x0F Val: 0x00000005
[inst #137] nop 
[inst #138] nop 
[inst #139] lw $24,0($14)
Register Write to Reg: 0x18 Val: 0x00000004
[inst #140] nop 
[inst #141] nop 
[inst #142] nop 
[inst #143] slt $25,$24,$15
Register Write to Reg: 0x19 Val: 0x00000001
[inst #144] nop 
[inst #145] nop 
[inst #146] nop 
[inst #147] beq $25,$0,4
[inst #148] nop 
[inst #149] sw $24,0($13)
Memory Write to Addr: 0x1001000C Val: 0x00000004
[inst #150] sw $15,0($14)
Memory Write to Addr: 0x10010010 Val: 0x00000005
[inst #151] addiu $10,$0,1
Register Write to Reg: 0x0A Val: 0x00000001
[inst #152] addiu $9,$9,1
Register Write to Reg: 0x09 Val: 0x00000004
[inst #153] sub $12,$11,$8
Register Write to Reg: 0x0C Val: 0x00000009
[inst #154] nop 
[inst #155] nop 
[inst #156] nop 
[inst #157] slt $12,$9,$12
Register Write to Reg: 0x0C Val: 0x00000001
[inst #158] nop 
[inst #159] nop 
[inst #160] nop 
[inst #161] bne $12,$0,-35
[inst #162] sll $12,$9,2
Register Write to Reg: 0x0C Val: 0x00000010
[inst #163] nop 
[inst #164] nop 
[inst #165] nop 
[inst #166] addu $13,$4,$12
Register Write to Reg: 0x0D Val: 0x10010010
[inst #167] nop 
[inst #168] nop 
[inst #169] nop 
[inst #170] addiu $14,$13,4
Register Write to Reg: 0x0E Val: 0x10010014
[inst #171] lw $15,0($13)
Register Write to Reg: 0x0F Val: 0x00000005
[inst #172] nop 
[inst #173] nop 
[inst #174] lw $24,0($14)
Register Write to Reg: 0x18 Val: 0x00000003
[inst #175] nop 
[inst #176] nop 
[inst #177] nop 
[inst #178] slt $25,$24,$15
Register Write to Reg: 0x19 Val: 0x00000001
[inst #179] nop 
[inst #180] nop 
[inst #181] nop 
[inst #182] beq $25,$0,4
[inst #183] nop 
[inst #184] sw $24,0($13)
Memory Write to Addr: 0x10010010 Val: 0x00000003
[inst #185] sw $15,0($14)
Memory Write to Addr: 0x10010014 Val: 0x00000005
[inst #186] addiu $10,$0,1
Register Write to Reg: 0x0A Val: 0x00000001
[inst #187] addiu $9,$9,1
Register Write to Reg: 0x09 Val: 0x00000005
[inst #188] sub $12,$11,$8
Register Write to Reg: 0x0C Val: 0x00000009
[inst #189] nop 
[inst #190] nop 
[inst #191] nop 
[inst #192] slt $12,$9,$12
Register Write to Reg: 0x0C Val: 0x00000001
[inst #193] nop 
[inst #194] nop 
[inst #195] nop 
[inst #196] bne $12,$0,-35
[inst #197] sll $12,$9,2
Register Write to Reg: 0x0C Val: 0x00000014
[inst #198] nop 
[inst #199] nop 
[inst #200] nop 
[inst #201] addu $13,$4,$12
Register Write to Reg: 0x0D Val: 0x10010014
[inst #202] nop 
[inst #203] nop 
[inst #204] nop 
[inst #205] addiu $14,$13,4
Register Write to Reg: 0x0E Val: 0x10010018
[inst #206] lw $15,0($13)
Register Write to Reg: 0x0F Val: 0x00000005
[inst #207] nop 
[inst #208] nop 
[inst #209] lw $24,0($14)
Register Write to Reg: 0x18 Val: 0x00000006
[inst #210] nop 
[inst #211] nop 
[inst #212] nop 
[inst #213] slt $25,$24,$15
Register Write to Reg: 0x19 Val: 0x00000000
[inst #214] nop 
[inst #215] nop 
[inst #216] nop 
[inst #217] beq $25,$0,4
[inst #218] addiu $9,$9,1
Register Write to Reg: 0x09 Val: 0x00000006
[inst #219] sub $12,$11,$8
Register Write to Reg: 0x0C Val: 0x00000009
[inst #220] nop 
[inst #221] nop 
[inst #222] nop 
[inst #223] slt $12,$9,$12
Register Write to Reg: 0x0C Val: 0x00000001
[inst #224] nop 
[inst #225] nop 
[inst #226] nop 
[inst #227] bne $12,$0,-35
[inst #228] sll $12,$9,2
Register Write to Reg: 0x0C Val: 0x00000018
[inst #229] nop 
[inst #230] nop 
[inst #231] nop 
[inst #232] addu $13,$4,$12
Register Write to Reg: 0x0D Val: 0x10010018
[inst #233] nop 
[inst #234] nop 
[inst #235] nop 
[inst #236] addiu $14,$13,4
Register Write to Reg: 0x0E Val: 0x1001001C
[inst #237] lw $15,0($13)
Register Write to Reg: 0x0F Val: 0x00000006
[inst #238] nop 
[inst #239] nop 
[inst #240] lw $24,0($14)
Register Write to Reg: 0x18 Val: 0x00000007
[inst #241] nop 
[inst #242] nop 
[inst #243] nop 
[inst #244] slt $25,$24,$15
Register Write to Reg: 0x19 Val: 0x00000000
[inst #245] nop 
[inst #246] nop 
[inst #247] nop 
[inst #248] beq $25,$0,4
[inst #249] addiu $9,$9,1
Register Write to Reg: 0x09 Val: 0x00000007
[inst #250] sub $12,$11,$8
Register Write to Reg: 0x0C Val: 0x00000009
[inst #251] nop 
[inst #252] nop 
[inst #253] nop 
[inst #254] slt $12,$9,$12
Register Write to Reg: 0x0C Val: 0x00000001
[inst #255] nop 
[inst #256] nop 
[inst #257] nop 
[inst #258] bne $12,$0,-35
[inst #259] sll $12,$9,2
Register Write to Reg: 0x0C Val: 0x0000001C
[inst #260] nop 
[inst #261] nop 
[inst #262] nop 
[inst #263] addu $13,$4,$12
Register Write to Reg: 0x0D Val: 0x1001001C
[inst #264] nop 
[inst #265] nop 
[inst #266] nop 
[inst #267] addiu $14,$13,4
Register Write to Reg: 0x0E Val: 0x10010020
[inst #268] lw $15,0($13)
Register Write to Reg: 0x0F Val: 0x00000007
[inst #269] nop 
[inst #270] nop 
[inst #271] lw $24,0($14)
Register Write to Reg: 0x18 Val: 0x00000009
[inst #272] nop 
[inst #273] nop 
[inst #274] nop 
[inst #275] slt $25,$24,$15
Register Write to Reg: 0x19 Val: 0x00000000
[inst #276] nop 
[inst #277] nop 
[inst #278] nop 
[inst #279] beq $25,$0,4
[inst #280] addiu $9,$9,1
Register Write to Reg: 0x09 Val: 0x00000008
[inst #281] sub $12,$11,$8
Register Write to Reg: 0x0C Val: 0x00000009
[inst #282] nop 
[inst #283] nop 
[inst #284] nop 
[inst #285] slt $12,$9,$12
Register Write to Reg: 0x0C Val: 0x00000001
[inst #286] nop 
[inst #287] nop 
[inst #288] nop 
[inst #289] bne $12,$0,-35
[inst #290] sll $12,$9,2
Register Write to Reg: 0x0C Val: 0x00000020
[inst #291] nop 
[inst #292] nop 
[inst #293] nop 
[inst #294] addu $13,$4,$12
Register Write to Reg: 0x0D Val: 0x10010020
[inst #295] nop 
[inst #296] nop 
[inst #297] nop 
[inst #298] addiu $14,$13,4
Register Write to Reg: 0x0E Val: 0x10010024
[inst #299] lw $15,0($13)
Register Write to Reg: 0x0F Val: 0x00000009
[inst #300] nop 
[inst #301] nop 
[inst #302] lw $24,0($14)
Register Write to Reg: 0x18 Val: 0x00000008
[inst #303] nop 
[inst #304] nop 
[inst #305] nop 
[inst #306] slt $25,$24,$15
Register Write to Reg: 0x19 Val: 0x00000001
[inst #307] nop 
[inst #308] nop 
[inst #309] nop 
[inst #310] beq $25,$0,4
[inst #311] nop 
[inst #312] sw $24,0($13)
Memory Write to Addr: 0x10010020 Val: 0x00000008
[inst #313] sw $15,0($14)
Memory Write to Addr: 0x10010024 Val: 0x00000009
[inst #314] addiu $10,$0,1
Register Write to Reg: 0x0A Val: 0x00000001
[inst #315] addiu $9,$9,1
Register Write to Reg: 0x09 Val: 0x00000009
[inst #316] sub $12,$11,$8
Register Write to Reg: 0x0C Val: 0x00000009
[inst #317] nop 
[inst #318] nop 
[inst #319] nop 
[inst #320] slt $12,$9,$12
Register Write to Reg: 0x0C Val: 0x00000000
[inst #321] nop 
[inst #322] nop 
[inst #323] nop 
[inst #324] bne $12,$0,-35
[inst #325] nop 
[inst #326] beq $10,$0,11
[inst #327] nop 
[inst #328] addiu $8,$8,1
Register Write to Reg: 0x08 Val: 0x00000001
[inst #329] nop 
[inst #330] nop 
[inst #331] nop 
[inst #332] slt $12,$8,$11
Register Write to Reg: 0x0C Val: 0x00000001
[inst #333] nop 
[inst #334] addiu $10,$0,0
Register Write to Reg: 0x0A Val: 0x00000000
[inst #335] addiu $9,$0,0
Register Write to Reg: 0x09 Val: 0x00000000
[inst #336] bne $12,$0,-49
[inst #337] j 4194476
[inst #338] sub $12,$11,$8
Register Write to Reg: 0x0C Val: 0x00000008
[inst #339] nop 
[inst #340] nop 
[inst #341] nop 
[inst #342] slt $12,$9,$12
Register Write to Reg: 0x0C Val: 0x00000001
[inst #343] nop 
[inst #344] nop 
[inst #345] nop 
[inst #346] bne $12,$0,-35
[inst #347] sll $12,$9,2
Register Write to Reg: 0x0C Val: 0x00000000
[inst #348] nop 
[inst #349] nop 
[inst #350] nop 
[inst #351] addu $13,$4,$12
Register Write to Reg: 0x0D Val: 0x10010000
[inst #352] nop 
[inst #353] nop 
[inst #354] nop 
[inst #355] addiu $14,$13,4
Register Write to Reg: 0x0E Val: 0x10010004
[inst #356] lw $15,0($13)
Register Write to Reg: 0x0F Val: 0x00000001
[inst #357] nop 
[inst #358] nop 
[inst #359] lw $24,0($14)
Register Write to Reg: 0x18 Val: 0x00000000
[inst #360] nop 
[inst #361] nop 
[inst #362] nop 
[inst #363] slt $25,$24,$15
Register Write to Reg: 0x19 Val: 0x00000001
[inst #364] nop 
[inst #365] nop 
[inst #366] nop 
[inst #367] beq $25,$0,4
[inst #368] nop 
[inst #369] sw $24,0($13)
Memory Write to Addr: 0x10010000 Val: 0x00000000
[inst #370] sw $15,0($14)
Memory Write to Addr: 0x10010004 Val: 0x00000001
[inst #371] addiu $10,$0,1
Register Write to Reg: 0x0A Val: 0x00000001
[inst #372] addiu $9,$9,1
Register Write to Reg: 0x09 Val: 0x00000001
[inst #373] sub $12,$11,$8
Register Write to Reg: 0x0C Val: 0x00000008
[inst #374] nop 
[inst #375] nop 
[inst #376] nop 
[inst #377] slt $12,$9,$12
Register Write to Reg: 0x0C Val: 0x00000001
[inst #378] nop 
[inst #379] nop 
[inst #380] nop 
[inst #381] bne $12,$0,-35
[inst #382] sll $12,$9,2
Register Write to Reg: 0x0C Val: 0x00000004
[inst #383] nop 
[inst #384] nop 
[inst #385] nop 
[inst #386] addu $13,$4,$12
Register Write to Reg: 0x0D Val: 0x10010004
[inst #387] nop 
[inst #388] nop 
[inst #389] nop 
[inst #390] addiu $14,$13,4
Register Write to Reg: 0x0E Val: 0x10010008
[inst #391] lw $15,0($13)
Register Write to Reg: 0x0F Val: 0x00000001
[inst #392] nop 
[inst #393] nop 
[inst #394] lw $24,0($14)
Register Write to Reg: 0x18 Val: 0x00000002
[inst #395] nop 
[inst #396] nop 
[inst #397] nop 
[inst #398] slt $25,$24,$15
Register Write to Reg: 0x19 Val: 0x00000000
[inst #399] nop 
[inst #400] nop 
[inst #401] nop 
[inst #402] beq $25,$0,4
[inst #403] addiu $9,$9,1
Register Write to Reg: 0x09 Val: 0x00000002
[inst #404] sub $12,$11,$8
Register Write to Reg: 0x0C Val: 0x00000008
[inst #405] nop 
[inst #406] nop 
[inst #407] nop 
[inst #408] slt $12,$9,$12
Register Write to Reg: 0x0C Val: 0x00000001
[inst #409] nop 
[inst #410] nop 
[inst #411] nop 
[inst #412] bne $12,$0,-35
[inst #413] sll $12,$9,2
Register Write to Reg: 0x0C Val: 0x00000008
[inst #414] nop 
[inst #415] nop 
[inst #416] nop 
[inst #417] addu $13,$4,$12
Register Write to Reg: 0x0D Val: 0x10010008
[inst #418] nop 
[inst #419] nop 
[inst #420] nop 
[inst #421] addiu $14,$13,4
Register Write to Reg: 0x0E Val: 0x1001000C
[inst #422] lw $15,0($13)
Register Write to Reg: 0x0F Val: 0x00000002
[inst #423] nop 
[inst #424] nop 
[inst #425] lw $24,0($14)
Register Write to Reg: 0x18 Val: 0x00000004
[inst #426] nop 
[inst #427] nop 
[inst #428] nop 
[inst #429] slt $25,$24,$15
Register Write to Reg: 0x19 Val: 0x00000000
[inst #430] nop 
[inst #431] nop 
[inst #432] nop 
[inst #433] beq $25,$0,4
[inst #434] addiu $9,$9,1
Register Write to Reg: 0x09 Val: 0x00000003
[inst #435] sub $12,$11,$8
Register Write to Reg: 0x0C Val: 0x00000008
[inst #436] nop 
[inst #437] nop 
[inst #438] nop 
[inst #439] slt $12,$9,$12
Register Write to Reg: 0x0C Val: 0x00000001
[inst #440] nop 
[inst #441] nop 
[inst #442] nop 
[inst #443] bne $12,$0,-35
[inst #444] sll $12,$9,2
Register Write to Reg: 0x0C Val: 0x0000000C
[inst #445] nop 
[inst #446] nop 
[inst #447] nop 
[inst #448] addu $13,$4,$12
Register Write to Reg: 0x0D Val: 0x1001000C
[inst #449] nop 
[inst #450] nop 
[inst #451] nop 
[inst #452] addiu $14,$13,4
Register Write to Reg: 0x0E Val: 0x10010010
[inst #453] lw $15,0($13)
Register Write to Reg: 0x0F Val: 0x00000004
[inst #454] nop 
[inst #455] nop 
[inst #456] lw $24,0($14)
Register Write to Reg: 0x18 Val: 0x00000003
[inst #457] nop 
[inst #458] nop 
[inst #459] nop 
[inst #460] slt $25,$24,$15
Register Write to Reg: 0x19 Val: 0x00000001
[inst #461] nop 
[inst #462] nop 
[inst #463] nop 
[inst #464] beq $25,$0,4
[inst #465] nop 
[inst #466] sw $24,0($13)
Memory Write to Addr: 0x1001000C Val: 0x00000003
[inst #467] sw $15,0($14)
Memory Write to Addr: 0x10010010 Val: 0x00000004
[inst #468] addiu $10,$0,1
Register Write to Reg: 0x0A Val: 0x00000001
[inst #469] addiu $9,$9,1
Register Write to Reg: 0x09 Val: 0x00000004
[inst #470] sub $12,$11,$8
Register Write to Reg: 0x0C Val: 0x00000008
[inst #471] nop 
[inst #472] nop 
[inst #473] nop 
[inst #474] slt $12,$9,$12
Register Write to Reg: 0x0C Val: 0x00000001
[inst #475] nop 
[inst #476] nop 
[inst #477] nop 
[inst #478] bne $12,$0,-35
[inst #479] sll $12,$9,2
Register Write to Reg: 0x0C Val: 0x00000010
[inst #480] nop 
[inst #481] nop 
[inst #482] nop 
[inst #483] addu $13,$4,$12
Register Write to Reg: 0x0D Val: 0x10010010
[inst #484] nop 
[inst #485] nop 
[inst #486] nop 
[inst #487] addiu $14,$13,4
Register Write to Reg: 0x0E Val: 0x10010014
[inst #488] lw $15,0($13)
Register Write to Reg: 0x0F Val: 0x00000004
[inst #489] nop 
[inst #490] nop 
[inst #491] lw $24,0($14)
Register Write to Reg: 0x18 Val: 0x00000005
[inst #492] nop 
[inst #493] nop 
[inst #494] nop 
[inst #495] slt $25,$24,$15
Register Write to Reg: 0x19 Val: 0x00000000
[inst #496] nop 
[inst #497] nop 
[inst #498] nop 
[inst #499] beq $25,$0,4
[inst #500] addiu $9,$9,1
Register Write to Reg: 0x09 Val: 0x00000005
[inst #501] sub $12,$11,$8
Register Write to Reg: 0x0C Val: 0x00000008
[inst #502] nop 
[inst #503] nop 
[inst #504] nop 
[inst #505] slt $12,$9,$12
Register Write to Reg: 0x0C Val: 0x00000001
[inst #506] nop 
[inst #507] nop 
[inst #508] nop 
[inst #509] bne $12,$0,-35
[inst #510] sll $12,$9,2
Register Write to Reg: 0x0C Val: 0x00000014
[inst #511] nop 
[inst #512] nop 
[inst #513] nop 
[inst #514] addu $13,$4,$12
Register Write to Reg: 0x0D Val: 0x10010014
[inst #515] nop 
[inst #516] nop 
[inst #517] nop 
[inst #518] addiu $14,$13,4
Register Write to Reg: 0x0E Val: 0x10010018
[inst #519] lw $15,0($13)
Register Write to Reg: 0x0F Val: 0x00000005
[inst #520] nop 
[inst #521] nop 
[inst #522] lw $24,0($14)
Register Write to Reg: 0x18 Val: 0x00000006
[inst #523] nop 
[inst #524] nop 
[inst #525] nop 
[inst #526] slt $25,$24,$15
Register Write to Reg: 0x19 Val: 0x00000000
[inst #527] nop 
[inst #528] nop 
[inst #529] nop 
[inst #530] beq $25,$0,4
[inst #531] addiu $9,$9,1
Register Write to Reg: 0x09 Val: 0x00000006
[inst #532] sub $12,$11,$8
Register Write to Reg: 0x0C Val: 0x00000008
[inst #533] nop 
[inst #534] nop 
[inst #535] nop 
[inst #536] slt $12,$9,$12
Register Write to Reg: 0x0C Val: 0x00000001
[inst #537] nop 
[inst #538] nop 
[inst #539] nop 
[inst #540] bne $12,$0,-35
[inst #541] sll $12,$9,2
Register Write to Reg: 0x0C Val: 0x00000018
[inst #542] nop 
[inst #543] nop 
[inst #544] nop 
[inst #545] addu $13,$4,$12
Register Write to Reg: 0x0D Val: 0x10010018
[inst #546] nop 
[inst #547] nop 
[inst #548] nop 
[inst #549] addiu $14,$13,4
Register Write to Reg: 0x0E Val: 0x1001001C
[inst #550] lw $15,0($13)
Register Write to Reg: 0x0F Val: 0x00000006
[inst #551] nop 
[inst #552] nop 
[inst #553] lw $24,0($14)
Register Write to Reg: 0x18 Val: 0x00000007
[inst #554] nop 
[inst #555] nop 
[inst #556] nop 
[inst #557] slt $25,$24,$15
Register Write to Reg: 0x19 Val: 0x00000000
[inst #558] nop 
[inst #559] nop 
[inst #560] nop 
[inst #561] beq $25,$0,4
[inst #562] addiu $9,$9,1
Register Write to Reg: 0x09 Val: 0x00000007
[inst #563] sub $12,$11,$8
Register Write to Reg: 0x0C Val: 0x00000008
[inst #564] nop 
[inst #565] nop 
[inst #566] nop 
[inst #567] slt $12,$9,$12
Register Write to Reg: 0x0C Val: 0x00000001
[inst #568] nop 
[inst #569] nop 
[inst #570] nop 
[inst #571] bne $12,$0,-35
[inst #572] sll $12,$9,2
Register Write to Reg: 0x0C Val: 0x0000001C
[inst #573] nop 
[inst #574] nop 
[inst #575] nop 
[inst #576] addu $13,$4,$12
Register Write to Reg: 0x0D Val: 0x1001001C
[inst #577] nop 
[inst #578] nop 
[inst #579] nop 
[inst #580] addiu $14,$13,4
Register Write to Reg: 0x0E Val: 0x10010020
[inst #581] lw $15,0($13)
Register Write to Reg: 0x0F Val: 0x00000007
[inst #582] nop 
[inst #583] nop 
[inst #584] lw $24,0($14)
Register Write to Reg: 0x18 Val: 0x00000008
[inst #585] nop 
[inst #586] nop 
[inst #587] nop 
[inst #588] slt $25,$24,$15
Register Write to Reg: 0x19 Val: 0x00000000
[inst #589] nop 
[inst #590] nop 
[inst #591] nop 
[inst #592] beq $25,$0,4
[inst #593] addiu $9,$9,1
Register Write to Reg: 0x09 Val: 0x00000008
[inst #594] sub $12,$11,$8
Register Write to Reg: 0x0C Val: 0x00000008
[inst #595] nop 
[inst #596] nop 
[inst #597] nop 
[inst #598] slt $12,$9,$12
Register Write to Reg: 0x0C Val: 0x00000000
[inst #599] nop 
[inst #600] nop 
[inst #601] nop 
[inst #602] bne $12,$0,-35
[inst #603] nop 
[inst #604] beq $10,$0,11
[inst #605] nop 
[inst #606] addiu $8,$8,1
Register Write to Reg: 0x08 Val: 0x00000002
[inst #607] nop 
[inst #608] nop 
[inst #609] nop 
[inst #610] slt $12,$8,$11
Register Write to Reg: 0x0C Val: 0x00000001
[inst #611] nop 
[inst #612] addiu $10,$0,0
Register Write to Reg: 0x0A Val: 0x00000000
[inst #613] addiu $9,$0,0
Register Write to Reg: 0x09 Val: 0x00000000
[inst #614] bne $12,$0,-49
[inst #615] j 4194476
[inst #616] sub $12,$11,$8
Register Write to Reg: 0x0C Val: 0x00000007
[inst #617] nop 
[inst #618] nop 
[inst #619] nop 
[inst #620] slt $12,$9,$12
Register Write to Reg: 0x0C Val: 0x00000001
[inst #621] nop 
[inst #622] nop 
[inst #623] nop 
[inst #624] bne $12,$0,-35
[inst #625] sll $12,$9,2
Register Write to Reg: 0x0C Val: 0x00000000
[inst #626] nop 
[inst #627] nop 
[inst #628] nop 
[inst #629] addu $13,$4,$12
Register Write to Reg: 0x0D Val: 0x10010000
[inst #630] nop 
[inst #631] nop 
[inst #632] nop 
[inst #633] addiu $14,$13,4
Register Write to Reg: 0x0E Val: 0x10010004
[inst #634] lw $15,0($13)
Register Write to Reg: 0x0F Val: 0x00000000
[inst #635] nop 
[inst #636] nop 
[inst #637] lw $24,0($14)
Register Write to Reg: 0x18 Val: 0x00000001
[inst #638] nop 
[inst #639] nop 
[inst #640] nop 
[inst #641] slt $25,$24,$15
Register Write to Reg: 0x19 Val: 0x00000000
[inst #642] nop 
[inst #643] nop 
[inst #644] nop 
[inst #645] beq $25,$0,4
[inst #646] addiu $9,$9,1
Register Write to Reg: 0x09 Val: 0x00000001
[inst #647] sub $12,$11,$8
Register Write to Reg: 0x0C Val: 0x00000007
[inst #648] nop 
[inst #649] nop 
[inst #650] nop 
[inst #651] slt $12,$9,$12
Register Write to Reg: 0x0C Val: 0x00000001
[inst #652] nop 
[inst #653] nop 
[inst #654] nop 
[inst #655] bne $12,$0,-35
[inst #656] sll $12,$9,2
Register Write to Reg: 0x0C Val: 0x00000004
[inst #657] nop 
[inst #658] nop 
[inst #659] nop 
[inst #660] addu $13,$4,$12
Register Write to Reg: 0x0D Val: 0x10010004
[inst #661] nop 
[inst #662] nop 
[inst #663] nop 
[inst #664] addiu $14,$13,4
Register Write to Reg: 0x0E Val: 0x10010008
[inst #665] lw $15,0($13)
Register Write to Reg: 0x0F Val: 0x00000001
[inst #666] nop 
[inst #667] nop 
[inst #668] lw $24,0($14)
Register Write to Reg: 0x18 Val: 0x00000002
[inst #669] nop 
[inst #670] nop 
[inst #671] nop 
[inst #672] slt $25,$24,$15
Register Write to Reg: 0x19 Val: 0x00000000
[inst #673] nop 
[inst #674] nop 
[inst #675] nop 
[inst #676] beq $25,$0,4
[inst #677] addiu $9,$9,1
Register Write to Reg: 0x09 Val: 0x00000002
[inst #678] sub $12,$11,$8
Register Write to Reg: 0x0C Val: 0x00000007
[inst #679] nop 
[inst #680] nop 
[inst #681] nop 
[inst #682] slt $12,$9,$12
Register Write to Reg: 0x0C Val: 0x00000001
[inst #683] nop 
[inst #684] nop 
[inst #685] nop 
[inst #686] bne $12,$0,-35
[inst #687] sll $12,$9,2
Register Write to Reg: 0x0C Val: 0x00000008
[inst #688] nop 
[inst #689] nop 
[inst #690] nop 
[inst #691] addu $13,$4,$12
Register Write to Reg: 0x0D Val: 0x10010008
[inst #692] nop 
[inst #693] nop 
[inst #694] nop 
[inst #695] addiu $14,$13,4
Register Write to Reg: 0x0E Val: 0x1001000C
[inst #696] lw $15,0($13)
Register Write to Reg: 0x0F Val: 0x00000002
[inst #697] nop 
[inst #698] nop 
[inst #699] lw $24,0($14)
Register Write to Reg: 0x18 Val: 0x00000003
[inst #700] nop 
[inst #701] nop 
[inst #702] nop 
[inst #703] slt $25,$24,$15
Register Write to Reg: 0x19 Val: 0x00000000
[inst #704] nop 
[inst #705] nop 
[inst #706] nop 
[inst #707] beq $25,$0,4
[inst #708] addiu $9,$9,1
Register Write to Reg: 0x09 Val: 0x00000003
[inst #709] sub $12,$11,$8
Register Write to Reg: 0x0C Val: 0x00000007
[inst #710] nop 
[inst #711] nop 
[inst #712] nop 
[inst #713] slt $12,$9,$12
Register Write to Reg: 0x0C Val: 0x00000001
[inst #714] nop 
[inst #715] nop 
[inst #716] nop 
[inst #717] bne $12,$0,-35
[inst #718] sll $12,$9,2
Register Write to Reg: 0x0C Val: 0x0000000C
[inst #719] nop 
[inst #720] nop 
[inst #721] nop 
[inst #722] addu $13,$4,$12
Register Write to Reg: 0x0D Val: 0x1001000C
[inst #723] nop 
[inst #724] nop 
[inst #725] nop 
[inst #726] addiu $14,$13,4
Register Write to Reg: 0x0E Val: 0x10010010
[inst #727] lw $15,0($13)
Register Write to Reg: 0x0F Val: 0x00000003
[inst #728] nop 
[inst #729] nop 
[inst #730] lw $24,0($14)
Register Write to Reg: 0x18 Val: 0x00000004
[inst #731] nop 
[inst #732] nop 
[inst #733] nop 
[inst #734] slt $25,$24,$15
Register Write to Reg: 0x19 Val: 0x00000000
[inst #735] nop 
[inst #736] nop 
[inst #737] nop 
[inst #738] beq $25,$0,4
[inst #739] addiu $9,$9,1
Register Write to Reg: 0x09 Val: 0x00000004
[inst #740] sub $12,$11,$8
Register Write to Reg: 0x0C Val: 0x00000007
[inst #741] nop 
[inst #742] nop 
[inst #743] nop 
[inst #744] slt $12,$9,$12
Register Write to Reg: 0x0C Val: 0x00000001
[inst #745] nop 
[inst #746] nop 
[inst #747] nop 
[inst #748] bne $12,$0,-35
[inst #749] sll $12,$9,2
Register Write to Reg: 0x0C Val: 0x00000010
[inst #750] nop 
[inst #751] nop 
[inst #752] nop 
[inst #753] addu $13,$4,$12
Register Write to Reg: 0x0D Val: 0x10010010
[inst #754] nop 
[inst #755] nop 
[inst #756] nop 
[inst #757] addiu $14,$13,4
Register Write to Reg: 0x0E Val: 0x10010014
[inst #758] lw $15,0($13)
Register Write to Reg: 0x0F Val: 0x00000004
[inst #759] nop 
[inst #760] nop 
[inst #761] lw $24,0($14)
Register Write to Reg: 0x18 Val: 0x00000005
[inst #762] nop 
[inst #763] nop 
[inst #764] nop 
[inst #765] slt $25,$24,$15
Register Write to Reg: 0x19 Val: 0x00000000
[inst #766] nop 
[inst #767] nop 
[inst #768] nop 
[inst #769] beq $25,$0,4
[inst #770] addiu $9,$9,1
Register Write to Reg: 0x09 Val: 0x00000005
[inst #771] sub $12,$11,$8
Register Write to Reg: 0x0C Val: 0x00000007
[inst #772] nop 
[inst #773] nop 
[inst #774] nop 
[inst #775] slt $12,$9,$12
Register Write to Reg: 0x0C Val: 0x00000001
[inst #776] nop 
[inst #777] nop 
[inst #778] nop 
[inst #779] bne $12,$0,-35
[inst #780] sll $12,$9,2
Register Write to Reg: 0x0C Val: 0x00000014
[inst #781] nop 
[inst #782] nop 
[inst #783] nop 
[inst #784] addu $13,$4,$12
Register Write to Reg: 0x0D Val: 0x10010014
[inst #785] nop 
[inst #786] nop 
[inst #787] nop 
[inst #788] addiu $14,$13,4
Register Write to Reg: 0x0E Val: 0x10010018
[inst #789] lw $15,0($13)
Register Write to Reg: 0x0F Val: 0x00000005
[inst #790] nop 
[inst #791] nop 
[inst #792] lw $24,0($14)
Register Write to Reg: 0x18 Val: 0x00000006
[inst #793] nop 
[inst #794] nop 
[inst #795] nop 
[inst #796] slt $25,$24,$15
Register Write to Reg: 0x19 Val: 0x00000000
[inst #797] nop 
[inst #798] nop 
[inst #799] nop 
[inst #800] beq $25,$0,4
[inst #801] addiu $9,$9,1
Register Write to Reg: 0x09 Val: 0x00000006
[inst #802] sub $12,$11,$8
Register Write to Reg: 0x0C Val: 0x00000007
[inst #803] nop 
[inst #804] nop 
[inst #805] nop 
[inst #806] slt $12,$9,$12
Register Write to Reg: 0x0C Val: 0x00000001
[inst #807] nop 
[inst #808] nop 
[inst #809] nop 
[inst #810] bne $12,$0,-35
[inst #811] sll $12,$9,2
Register Write to Reg: 0x0C Val: 0x00000018
[inst #812] nop 
[inst #813] nop 
[inst #814] nop 
[inst #815] addu $13,$4,$12
Register Write to Reg: 0x0D Val: 0x10010018
[inst #816] nop 
[inst #817] nop 
[inst #818] nop 
[inst #819] addiu $14,$13,4
Register Write to Reg: 0x0E Val: 0x1001001C
[inst #820] lw $15,0($13)
Register Write to Reg: 0x0F Val: 0x00000006
[inst #821] nop 
[inst #822] nop 
[inst #823] lw $24,0($14)
Register Write to Reg: 0x18 Val: 0x00000007
[inst #824] nop 
[inst #825] nop 
[inst #826] nop 
[inst #827] slt $25,$24,$15
Register Write to Reg: 0x19 Val: 0x00000000
[inst #828] nop 
[inst #829] nop 
[inst #830] nop 
[inst #831] beq $25,$0,4
[inst #832] addiu $9,$9,1
Register Write to Reg: 0x09 Val: 0x00000007
[inst #833] sub $12,$11,$8
Register Write to Reg: 0x0C Val: 0x00000007
[inst #834] nop 
[inst #835] nop 
[inst #836] nop 
[inst #837] slt $12,$9,$12
Register Write to Reg: 0x0C Val: 0x00000000
[inst #838] nop 
[inst #839] nop 
[inst #840] nop 
[inst #841] bne $12,$0,-35
[inst #842] nop 
[inst #843] beq $10,$0,11
[inst #844] jr $31
[inst #845] nop 
[inst #846] j 4194572
[inst #847] halt 

