In clock cycle: 3
Register Write to Reg: 0x00 Val: 0x00000000
In clock cycle: 4
Register Write to Reg: 0x01 Val: 0xAAAA0000
In clock cycle: 5
Register Write to Reg: 0x08 Val: 0xAAAAAAAA
In clock cycle: 6
Register Write to Reg: 0x01 Val: 0x55550000
In clock cycle: 7
Register Write to Reg: 0x01 Val: 0x55555555
In clock cycle: 8
Register Write to Reg: 0x09 Val: 0xFFFFFFFF
In clock cycle: 9
Register Write to Reg: 0x01 Val: 0xF0F00000
In clock cycle: 10
Register Write to Reg: 0x0A Val: 0xF0F0F0F0
In clock cycle: 11
Register Write to Reg: 0x01 Val: 0x0F0F0000
In clock cycle: 12
Register Write to Reg: 0x01 Val: 0x0F0F0F0F
In clock cycle: 13
Register Write to Reg: 0x0B Val: 0xFFFFFFFF
In clock cycle: 14
Register Write to Reg: 0x00 Val: 0x00000000
Execution is stopping! Clock Cycle: 14
