[inst #1] lui $8,4097
Register Write to Reg: 0x08 Val: 0x10010000
[inst #2] lui $9,4097
Register Write to Reg: 0x09 Val: 0x10010000
[inst #3] addiu $9,$9,480
Register Write to Reg: 0x09 Val: 0x100101E0
[inst #4] lui $10,32767
Register Write to Reg: 0x0A Val: 0x7FFF0000
[inst #5] lui $1,0
Register Write to Reg: 0x01 Val: 0x00000000
[inst #6] ori $1,$1,65535
Register Write to Reg: 0x01 Val: 0x0000FFFF
[inst #7] addu $10,$10,$1
Register Write to Reg: 0x0A Val: 0x7FFFFFFF
[inst #8] lui $11,32768
Register Write to Reg: 0x0B Val: 0x80000000
[inst #9] lui $12,65535
Register Write to Reg: 0x0C Val: 0xFFFF0000
[inst #10] lui $1,0
Register Write to Reg: 0x01 Val: 0x00000000
[inst #11] ori $1,$1,65535
Register Write to Reg: 0x01 Val: 0x0000FFFF
[inst #12] addu $12,$12,$1
Register Write to Reg: 0x0C Val: 0xFFFFFFFF
[inst #13] sw $10,0($8)
Memory Write to Addr: 0x10010000 Val: 0x7FFFFFFF
[inst #14] sw $11,28($9)
Memory Write to Addr: 0x100101FC Val: 0x80000000
[inst #15] sw $0,-4($9)
Memory Write to Addr: 0x100101DC Val: 0x00000000
[inst #16] sw $12,-12($9)
Memory Write to Addr: 0x100101D4 Val: 0xFFFFFFFF
[inst #17] sw $10,-4($8)
Memory Write to Addr: 0x1000FFFC Val: 0x7FFFFFFF
[inst #18] halt 

