[inst #1] lui $8,65535
Register Write to Reg: 0x08 Val: 0xFFFF0000
[inst #2] lui $1,0
Register Write to Reg: 0x01 Val: 0x00000000
[inst #3] ori $1,$1,65535
Register Write to Reg: 0x01 Val: 0x0000FFFF
[inst #4] addu $8,$8,$1
Register Write to Reg: 0x08 Val: 0xFFFFFFFF
[inst #5] xor $9,$8,$8
Register Write to Reg: 0x09 Val: 0x00000000
[inst #6] lui $10,43690
Register Write to Reg: 0x0A Val: 0xAAAA0000
[inst #7] lui $1,0
Register Write to Reg: 0x01 Val: 0x00000000
[inst #8] ori $1,$1,43690
Register Write to Reg: 0x01 Val: 0x0000AAAA
[inst #9] addu $10,$10,$1
Register Write to Reg: 0x0A Val: 0xAAAAAAAA
[inst #10] xor $11,$8,$10
Register Write to Reg: 0x0B Val: 0x55555555
[inst #11] halt 

