[inst #1] xor $8,$8,$8
Register Write to Reg: 0x08 Val: 0x00000000
[inst #2] lui $9,4660
Register Write to Reg: 0x09 Val: 0x12340000
[inst #3] addiu $9,$9,22136
Register Write to Reg: 0x09 Val: 0x12345678
[inst #4] xor $10,$9,$0
Register Write to Reg: 0x0A Val: 0x12345678
[inst #5] lui $11,43690
Register Write to Reg: 0x0B Val: 0xAAAA0000
[inst #6] addiu $11,$11,21845
Register Write to Reg: 0x0B Val: 0xAAAA5555
[inst #7] lui $12,21845
Register Write to Reg: 0x0C Val: 0x55550000
[inst #8] lui $1,0
Register Write to Reg: 0x01 Val: 0x00000000
[inst #9] ori $1,$1,43690
Register Write to Reg: 0x01 Val: 0x0000AAAA
[inst #10] addu $12,$12,$1
Register Write to Reg: 0x0C Val: 0x5555AAAA
[inst #11] xor $13,$11,$12
Register Write to Reg: 0x0D Val: 0xFFFFFFFF
[inst #12] halt 

