[inst #1] addiu $8,$0,-1
Register Write to Reg: 0x08 Val: 0xFFFFFFFF
[inst #2] addiu $9,$0,31
Register Write to Reg: 0x09 Val: 0x0000001F
[inst #3] srav $10,$8,$9
Register Write to Reg: 0x0A Val: 0xFFFFFFFF
[inst #4] lui $1,16384
Register Write to Reg: 0x01 Val: 0x40000000
[inst #5] ori $8,$1,0
Register Write to Reg: 0x08 Val: 0x40000000
[inst #6] addiu $9,$0,31
Register Write to Reg: 0x09 Val: 0x0000001F
[inst #7] srav $11,$8,$9
Register Write to Reg: 0x0B Val: 0x00000000
[inst #8] lui $1,-32768
Register Write to Reg: 0x01 Val: 0x80000000
[inst #9] ori $8,$1,0
Register Write to Reg: 0x08 Val: 0x80000000
[inst #10] addiu $9,$0,1
Register Write to Reg: 0x09 Val: 0x00000001
[inst #11] srav $12,$8,$9
Register Write to Reg: 0x0C Val: 0xC0000000
[inst #12] addiu $2,$0,10
Register Write to Reg: 0x02 Val: 0x0000000A
[inst #13] halt 

