Reading pref.tcl

# 2024.2

# vsim -postsimdataflow -debugdb -c -voptargs=""+acc"" tb -do "modelsim_framework.do" -gOUTPUT_TRACE=ms.trace 
# Start time: 15:07:23 on Apr 28,2025
# ** Note: (vsim-8009) Loading existing optimized design _opt
# //  Questa Sim-64
# //  Version 2024.2 linux_x86_64 May 20 2024
# //
# // Unpublished work. Copyright 2024 Siemens
# //
# // This material contains trade secrets or otherwise confidential information
# // owned by Siemens Industry Software Inc. or its affiliates (collectively,
# // "SISW"), or its licensors. Access to and use of this information is strictly
# // limited as set forth in the Customer's applicable agreements with SISW.
# //
# // This material may not be copied, distributed, or otherwise disclosed outside
# // of the Customer's facilities without the express written permission of SISW,
# // and may not be used in any way not expressly authorized by SISW.
# //
# Loading std.standard
# Loading std.textio(body)
# Loading ieee.std_logic_1164(body)
# Loading ieee.std_logic_textio(body)
# Loading std.env(body)
# Loading work.tb(mixed)#1
# Loading work.mips_types(body)
# Loading work.mips_processor(structure)#1
# Loading work.pipeline_if_id(structural)#1
# Loading work.reg_n(structural)#1
# Loading work.dffg(mixed)#1
# Loading work.pipeline_id_ex(structural)#1
# Loading work.reg_n(structural)#2
# Loading work.reg_n(structural)#3
# Loading work.reg_n(structural)#4
# Loading work.pipeline_ex_mem(structural)#1
# Loading work.pipeline_mem_wb(structural)#1
# Loading ieee.numeric_std(body)
# Loading work.mux4t1_n(dataflow)#1
# Loading work.extender8t32(dataflow)#1
# Loading work.mux2t1_n(structural)#1
# Loading work.mux2t1_dataflow(dataflow)#1
# Loading work.extender_16to32(dataflow)#1
# Loading work.mux4t1_n(dataflow)#2
# Loading work.mux2t1_n(structural)#2
# Loading work.regfile(structural)#1
# Loading work.decoder_5t32(dataflow)#1
# Loading work.reg_n_bypass(structural)#1
# Loading work.reg29_n(structural)#1
# Loading work.mux_32t1_n(dataflow)#1
# Loading work.mem(rtl)#1
# Loading work.mux4t1_n(dataflow)#3
# Loading work.alu_full(mixed)#1
# Loading work.add_sub(structural)#1
# Loading work.onescomp(structural)#1
# Loading work.mux2t1_n(structural)#3
# Loading work.ripple_carry_adder(structural)#1
# Loading work.full_adder(dataflow)#1
# Loading work.barrelshifter_32(dataflow)#1
# Loading work.mux8t1_n(dataflow)#1
# Loading work.controlunit(dataflow)#1
# Loading work.alucontroller(dataflow)#1
# Loading work.shiftleft2_n(dataflow)#1
# Loading work.shiftleft2_n(dataflow)#2
# Loading work.pc_reg(structural)#1
# Loading work.forwarding_unit(dataflow)#1
# Loading work.forward_reg_ex(dataflow)#1
# ** Note: (vsim-8716) Reusing existing debug database vsim.dbg.
# do modelsim_framework.do
# ** Warning: NUMERIC_STD.TO_INTEGER: metavalue detected, returning 0
#    Time: 0 ns  Iteration: 0  Instance: /tb/MyMips/IMem
# ** Warning: NUMERIC_STD.TO_INTEGER: metavalue detected, returning 0
#    Time: 0 ns  Iteration: 0  Instance: /tb/MyMips/DMem
# ** Note: Data structure takes 60924128 bytes of memory
#          Process time 0.03 seconds
#          stop
#    Time: 160 ns  Iteration: 1  Instance: /tb
# Break in Process P_DUMP_STATE at /home/dhiman/CPRE381/381_project/internal/testpy/tb.vhd line 150
# Stopped at /home/dhiman/CPRE381/381_project/internal/testpy/tb.vhd line 150
# End time: 15:07:24 on Apr 28,2025, Elapsed time: 0:00:01
# Errors: 0, Warnings: 2
Support of the MGLS_LICENSE_FILE and LM_LICENSE_FILE licensing environment variables will be discontinued starting with the 2025.1 release. Please update to using the SALT_LICENSE_SERVER variable.
Please contact Siemens EDA Customer Support (https://support.sw.siemens.com/) for assistance.
