[inst #1] addiu $2,$0,1
Register Write to Reg: 0x02 Val: 0x00000001
[inst #2] sll $3,$2,2
Register Write to Reg: 0x03 Val: 0x00000004
[inst #3] addiu $4,$3,1
Register Write to Reg: 0x04 Val: 0x00000005
[inst #4] sll $5,$4,2
Register Write to Reg: 0x05 Val: 0x00000014
[inst #5] addiu $6,$5,1
Register Write to Reg: 0x06 Val: 0x00000015
[inst #6] sll $7,$6,2
Register Write to Reg: 0x07 Val: 0x00000054
[inst #7] addiu $8,$7,1
Register Write to Reg: 0x08 Val: 0x00000055
[inst #8] sll $9,$8,2
Register Write to Reg: 0x09 Val: 0x00000154
[inst #9] addiu $10,$9,1
Register Write to Reg: 0x0A Val: 0x00000155
[inst #10] sll $11,$10,2
Register Write to Reg: 0x0B Val: 0x00000554
[inst #11] addiu $12,$11,1
Register Write to Reg: 0x0C Val: 0x00000555
[inst #12] sll $13,$12,2
Register Write to Reg: 0x0D Val: 0x00001554
[inst #13] addiu $14,$13,1
Register Write to Reg: 0x0E Val: 0x00001555
[inst #14] sll $15,$14,2
Register Write to Reg: 0x0F Val: 0x00005554
[inst #15] addiu $16,$15,1
Register Write to Reg: 0x10 Val: 0x00005555
[inst #16] sll $17,$16,2
Register Write to Reg: 0x11 Val: 0x00015554
[inst #17] addiu $18,$17,1
Register Write to Reg: 0x12 Val: 0x00015555
[inst #18] sll $19,$18,2
Register Write to Reg: 0x13 Val: 0x00055554
[inst #19] addiu $20,$19,1
Register Write to Reg: 0x14 Val: 0x00055555
[inst #20] sll $21,$20,2
Register Write to Reg: 0x15 Val: 0x00155554
[inst #21] addiu $22,$21,1
Register Write to Reg: 0x16 Val: 0x00155555
[inst #22] sll $23,$22,2
Register Write to Reg: 0x17 Val: 0x00555554
[inst #23] addiu $24,$23,1
Register Write to Reg: 0x18 Val: 0x00555555
[inst #24] sll $25,$24,2
Register Write to Reg: 0x19 Val: 0x01555554
[inst #25] addiu $26,$25,1
Register Write to Reg: 0x1A Val: 0x01555555
[inst #26] sll $27,$26,2
Register Write to Reg: 0x1B Val: 0x05555554
[inst #27] addiu $28,$27,1
Register Write to Reg: 0x1C Val: 0x05555555
[inst #28] sll $29,$28,2
Register Write to Reg: 0x1D Val: 0x15555554
[inst #29] addiu $30,$29,1
Register Write to Reg: 0x1E Val: 0x15555555
[inst #30] sll $31,$30,2
Register Write to Reg: 0x1F Val: 0x55555554
[inst #31] addiu $1,$31,1
Register Write to Reg: 0x01 Val: 0x55555555
[inst #32] halt 

