[inst #1] lui $1,4097
Register Write to Reg: 0x01 Val: 0x10010000
[inst #2] ori $1,$1,0
Register Write to Reg: 0x01 Val: 0x10010000
[inst #3] lui $1,4097
Register Write to Reg: 0x01 Val: 0x10010000
[inst #4] ori $2,$1,4
Register Write to Reg: 0x02 Val: 0x10010004
[inst #5] lui $1,4097
Register Write to Reg: 0x01 Val: 0x10010000
[inst #6] ori $3,$1,8
Register Write to Reg: 0x03 Val: 0x10010008
[inst #7] lui $1,4097
Register Write to Reg: 0x01 Val: 0x10010000
[inst #8] ori $4,$1,12
Register Write to Reg: 0x04 Val: 0x1001000C
[inst #9] lw $5,0($1)
Register Write to Reg: 0x05 Val: 0x11111111
[inst #10] lw $6,4($1)
Register Write to Reg: 0x06 Val: 0x22222222
[inst #11] lw $7,8($1)
Register Write to Reg: 0x07 Val: 0x33333333
[inst #12] lw $8,12($1)
Register Write to Reg: 0x08 Val: 0x44444444
[inst #13] lw $9,0($1)
Register Write to Reg: 0x09 Val: 0x11111111
[inst #14] lw $10,0($2)
Register Write to Reg: 0x0A Val: 0x22222222
[inst #15] lw $11,0($3)
Register Write to Reg: 0x0B Val: 0x33333333
[inst #16] lw $12,0($4)
Register Write to Reg: 0x0C Val: 0x44444444
[inst #17] halt 

