[inst #1] lui $1,8196
Register Write to Reg: 0x01 Val: 0x20040000
[inst #2] addiu $1,$1,16386
Register Write to Reg: 0x01 Val: 0x20044002
[inst #3] lui $2,2722
Register Write to Reg: 0x02 Val: 0x0AA20000
[inst #4] addiu $2,$2,14349
Register Write to Reg: 0x02 Val: 0x0AA2380D
[inst #5] addu $3,$1,$2
Register Write to Reg: 0x03 Val: 0x2AA6780F
[inst #6] addu $3,$0,$3
Register Write to Reg: 0x03 Val: 0x2AA6780F
[inst #7] addu $4,$3,$0
Register Write to Reg: 0x04 Val: 0x2AA6780F
[inst #8] addu $5,$4,$0
Register Write to Reg: 0x05 Val: 0x2AA6780F
[inst #9] addu $6,$5,$0
Register Write to Reg: 0x06 Val: 0x2AA6780F
[inst #10] addu $7,$6,$0
Register Write to Reg: 0x07 Val: 0x2AA6780F
[inst #11] addu $8,$7,$0
Register Write to Reg: 0x08 Val: 0x2AA6780F
[inst #12] addu $9,$8,$0
Register Write to Reg: 0x09 Val: 0x2AA6780F
[inst #13] addu $10,$9,$0
Register Write to Reg: 0x0A Val: 0x2AA6780F
[inst #14] addu $11,$10,$0
Register Write to Reg: 0x0B Val: 0x2AA6780F
[inst #15] addu $12,$11,$0
Register Write to Reg: 0x0C Val: 0x2AA6780F
[inst #16] addu $13,$12,$0
Register Write to Reg: 0x0D Val: 0x2AA6780F
[inst #17] addu $14,$13,$0
Register Write to Reg: 0x0E Val: 0x2AA6780F
[inst #18] addu $15,$14,$0
Register Write to Reg: 0x0F Val: 0x2AA6780F
[inst #19] addu $16,$15,$0
Register Write to Reg: 0x10 Val: 0x2AA6780F
[inst #20] addu $17,$16,$0
Register Write to Reg: 0x11 Val: 0x2AA6780F
[inst #21] addu $18,$17,$0
Register Write to Reg: 0x12 Val: 0x2AA6780F
[inst #22] addu $19,$18,$0
Register Write to Reg: 0x13 Val: 0x2AA6780F
[inst #23] addu $20,$19,$0
Register Write to Reg: 0x14 Val: 0x2AA6780F
[inst #24] addu $21,$20,$0
Register Write to Reg: 0x15 Val: 0x2AA6780F
[inst #25] addu $22,$21,$0
Register Write to Reg: 0x16 Val: 0x2AA6780F
[inst #26] addu $23,$22,$0
Register Write to Reg: 0x17 Val: 0x2AA6780F
[inst #27] addu $24,$23,$0
Register Write to Reg: 0x18 Val: 0x2AA6780F
[inst #28] addu $25,$24,$0
Register Write to Reg: 0x19 Val: 0x2AA6780F
[inst #29] addu $26,$25,$0
Register Write to Reg: 0x1A Val: 0x2AA6780F
[inst #30] addu $27,$26,$0
Register Write to Reg: 0x1B Val: 0x2AA6780F
[inst #31] addu $28,$27,$0
Register Write to Reg: 0x1C Val: 0x2AA6780F
[inst #32] addu $29,$28,$0
Register Write to Reg: 0x1D Val: 0x2AA6780F
[inst #33] addu $30,$29,$0
Register Write to Reg: 0x1E Val: 0x2AA6780F
[inst #34] addu $31,$30,$0
Register Write to Reg: 0x1F Val: 0x2AA6780F
[inst #35] halt 

