[inst #1] addiu $8,$0,0
Register Write to Reg: 0x08 Val: 0x00000000
[inst #2] lui $1,-1
Register Write to Reg: 0x01 Val: 0xFFFF0000
[inst #3] ori $1,$1,65535
Register Write to Reg: 0x01 Val: 0xFFFFFFFF
[inst #4] or $9,$8,$1
Register Write to Reg: 0x09 Val: 0xFFFFFFFF
[inst #5] lui $1,-32768
Register Write to Reg: 0x01 Val: 0x80000000
[inst #6] ori $10,$1,0
Register Write to Reg: 0x0A Val: 0x80000000
[inst #7] lui $1,32767
Register Write to Reg: 0x01 Val: 0x7FFF0000
[inst #8] ori $1,$1,65535
Register Write to Reg: 0x01 Val: 0x7FFFFFFF
[inst #9] or $11,$10,$1
Register Write to Reg: 0x0B Val: 0xFFFFFFFF
[inst #10] ori $12,$0,65535
Register Write to Reg: 0x0C Val: 0x0000FFFF
[inst #11] lui $1,-1
Register Write to Reg: 0x01 Val: 0xFFFF0000
[inst #12] ori $1,$1,0
Register Write to Reg: 0x01 Val: 0xFFFF0000
[inst #13] or $13,$12,$1
Register Write to Reg: 0x0D Val: 0xFFFFFFFF
[inst #14] halt 

