[inst #1] addi $8,$0,0
Register Write to Reg: 0x08 Val: 0x00000000
[inst #2] addi $9,$0,-1
Register Write to Reg: 0x09 Val: 0xFFFFFFFF
[inst #3] addi $10,$0,1
Register Write to Reg: 0x0A Val: 0x00000001
[inst #4] lui $1,32767
Register Write to Reg: 0x01 Val: 0x7FFF0000
[inst #5] ori $1,$1,65535
Register Write to Reg: 0x01 Val: 0x7FFFFFFF
[inst #6] add $11,$0,$1
Register Write to Reg: 0x0B Val: 0x7FFFFFFF
[inst #7] lui $1,-32768
Register Write to Reg: 0x01 Val: 0x80000000
[inst #8] ori $1,$1,0
Register Write to Reg: 0x01 Val: 0x80000000
[inst #9] add $12,$0,$1
Register Write to Reg: 0x0C Val: 0x80000000
[inst #10] slt $13,$12,$11
Register Write to Reg: 0x0D Val: 0x00000001
[inst #11] slt $14,$12,$10
Register Write to Reg: 0x0E Val: 0x00000001
[inst #12] slt $15,$9,$8
Register Write to Reg: 0x0F Val: 0x00000001
[inst #13] halt 

