[inst #1] lui $1,0
Register Write to Reg: 0x01 Val: 0x00000000
[inst #2] ori $1,$1,65535
Register Write to Reg: 0x01 Val: 0x0000FFFF
[inst #3] addu $16,$0,$1
Register Write to Reg: 0x10 Val: 0x0000FFFF
[inst #4] addiu $17,$0,1
Register Write to Reg: 0x11 Val: 0x00000001
[inst #5] addiu $18,$0,4097
Register Write to Reg: 0x12 Val: 0x00001001
[inst #6] lui $1,0
Register Write to Reg: 0x01 Val: 0x00000000
[inst #7] ori $1,$1,64177
Register Write to Reg: 0x01 Val: 0x0000FAB1
[inst #8] addu $19,$0,$1
Register Write to Reg: 0x13 Val: 0x0000FAB1
[inst #9] lui $1,0
Register Write to Reg: 0x01 Val: 0x00000000
[inst #10] ori $1,$1,44827
Register Write to Reg: 0x01 Val: 0x0000AF1B
[inst #11] addu $20,$0,$1
Register Write to Reg: 0x14 Val: 0x0000AF1B
[inst #12] lui $21,4660
Register Write to Reg: 0x15 Val: 0x12340000
[inst #13] addiu $21,$0,22135
Register Write to Reg: 0x15 Val: 0x00005677
[inst #14] lui $1,0
Register Write to Reg: 0x01 Val: 0x00000000
[inst #15] ori $1,$1,39321
Register Write to Reg: 0x01 Val: 0x00009999
[inst #16] addu $22,$0,$1
Register Write to Reg: 0x16 Val: 0x00009999
[inst #17] addiu $23,$0,17717
Register Write to Reg: 0x17 Val: 0x00004535
[inst #18] xor $16,$16,$16
Register Write to Reg: 0x10 Val: 0x00000000
[inst #19] xor $17,$17,$17
Register Write to Reg: 0x11 Val: 0x00000000
[inst #20] xor $18,$18,$18
Register Write to Reg: 0x12 Val: 0x00000000
[inst #21] xor $19,$19,$19
Register Write to Reg: 0x13 Val: 0x00000000
[inst #22] xor $20,$20,$20
Register Write to Reg: 0x14 Val: 0x00000000
[inst #23] xor $21,$21,$21
Register Write to Reg: 0x15 Val: 0x00000000
[inst #24] xor $22,$22,$22
Register Write to Reg: 0x16 Val: 0x00000000
[inst #25] xor $23,$23,$23
Register Write to Reg: 0x17 Val: 0x00000000
[inst #26] halt 

