[inst #1] addiu $1,$0,10
Register Write to Reg: 0x01 Val: 0x0000000A
[inst #2] addiu $2,$0,5
Register Write to Reg: 0x02 Val: 0x00000005
[inst #3] addiu $3,$0,20
Register Write to Reg: 0x03 Val: 0x00000014
[inst #4] addiu $4,$0,15
Register Write to Reg: 0x04 Val: 0x0000000F
[inst #5] addiu $5,$0,0
Register Write to Reg: 0x05 Val: 0x00000000
[inst #6] addiu $6,$0,100
Register Write to Reg: 0x06 Val: 0x00000064
[inst #7] addiu $7,$0,30
Register Write to Reg: 0x07 Val: 0x0000001E
[inst #8] subu $8,$1,$2
Register Write to Reg: 0x08 Val: 0x00000005
[inst #9] subu $9,$3,$4
Register Write to Reg: 0x09 Val: 0x00000005
[inst #10] subu $10,$6,$7
Register Write to Reg: 0x0A Val: 0x00000046
[inst #11] subu $11,$1,$5
Register Write to Reg: 0x0B Val: 0x0000000A
[inst #12] subu $12,$5,$1
Register Write to Reg: 0x0C Val: 0xFFFFFFF6
[inst #13] halt 

