[inst #1] lui $1,64
Register Write to Reg: 0x01 Val: 0x00400000
[inst #2] ori $8,$1,48
Register Write to Reg: 0x08 Val: 0x00400030
[inst #3] lui $1,64
Register Write to Reg: 0x01 Val: 0x00400000
[inst #4] ori $9,$1,60
Register Write to Reg: 0x09 Val: 0x0040003C
[inst #5] lui $1,64
Register Write to Reg: 0x01 Val: 0x00400000
[inst #6] ori $10,$1,72
Register Write to Reg: 0x0A Val: 0x00400048
[inst #7] lui $1,64
Register Write to Reg: 0x01 Val: 0x00400000
[inst #8] ori $11,$1,84
Register Write to Reg: 0x0B Val: 0x00400054
[inst #9] addiu $14,$0,2
Register Write to Reg: 0x0E Val: 0x00000002
[inst #10] addu $16,$0,$8
Register Write to Reg: 0x10 Val: 0x00400030
[inst #11] jr $16
[inst #12] addu $16,$0,$9
Register Write to Reg: 0x10 Val: 0x0040003C
[inst #13] jr $16
[inst #14] addu $16,$0,$10
Register Write to Reg: 0x10 Val: 0x00400048
[inst #15] jr $16
[inst #16] addu $16,$0,$11
Register Write to Reg: 0x10 Val: 0x00400054
[inst #17] jr $16
[inst #18] addu $16,$0,$8
Register Write to Reg: 0x10 Val: 0x00400030
[inst #19] addiu $13,$13,1
Register Write to Reg: 0x0D Val: 0x00000001
[inst #20] beq $13,$14,2
[inst #21] jr $16
[inst #22] addu $16,$0,$9
Register Write to Reg: 0x10 Val: 0x0040003C
[inst #23] jr $16
[inst #24] addu $16,$0,$10
Register Write to Reg: 0x10 Val: 0x00400048
[inst #25] jr $16
[inst #26] addu $16,$0,$11
Register Write to Reg: 0x10 Val: 0x00400054
[inst #27] jr $16
[inst #28] addu $16,$0,$8
Register Write to Reg: 0x10 Val: 0x00400030
[inst #29] addiu $13,$13,1
Register Write to Reg: 0x0D Val: 0x00000002
[inst #30] beq $13,$14,2
[inst #31] halt 

