[inst #1] lui $1,21845
Register Write to Reg: 0x01 Val: 0x55550000
[inst #2] ori $1,$1,21845
Register Write to Reg: 0x01 Val: 0x55555555
[inst #3] add $1,$0,$1
Register Write to Reg: 0x01 Val: 0x55555555
[inst #4] lui $1,-21846
Register Write to Reg: 0x01 Val: 0xAAAA0000
[inst #5] ori $1,$1,43690
Register Write to Reg: 0x01 Val: 0xAAAAAAAA
[inst #6] add $2,$0,$1
Register Write to Reg: 0x02 Val: 0xAAAAAAAA
[inst #7] addi $3,$0,-1
Register Write to Reg: 0x03 Val: 0xFFFFFFFF
[inst #8] addi $4,$0,-1
Register Write to Reg: 0x04 Val: 0xFFFFFFFF
[inst #9] and $3,$1,$2
Register Write to Reg: 0x03 Val: 0xAAAAAAAA
[inst #10] and $4,$2,$1
Register Write to Reg: 0x04 Val: 0xAAAAAAAA
[inst #11] halt 

