Warning in /home/dhiman/CPRE381/381_project/proj/mips/TestCases/srlv_3.s line 3 column 1: MARS does not recognize the .global directive.  Ignored.

[inst #1] lui $1,4112
Register Write to Reg: 0x01 Val: 0x10100000
[inst #2] ori $1,$1,4112
Register Write to Reg: 0x01 Val: 0x10101010
[inst #3] add $9,$9,$1
Register Write to Reg: 0x09 Val: 0x10101010
[inst #4] addi $11,$11,4369
Register Write to Reg: 0x0B Val: 0x00001111
[inst #5] lui $1,4369
Register Write to Reg: 0x01 Val: 0x11110000
[inst #6] ori $1,$1,4369
Register Write to Reg: 0x01 Val: 0x11111111
[inst #7] add $12,$12,$1
Register Write to Reg: 0x0C Val: 0x11111111
[inst #8] lui $1,4369
Register Write to Reg: 0x01 Val: 0x11110000
[inst #9] ori $1,$1,4369
Register Write to Reg: 0x01 Val: 0x11111111
[inst #10] add $13,$13,$1
Register Write to Reg: 0x0D Val: 0x11111111
[inst #11] lui $1,4112
Register Write to Reg: 0x01 Val: 0x10100000
[inst #12] ori $1,$1,4112
Register Write to Reg: 0x01 Val: 0x10101010
[inst #13] add $14,$14,$1
Register Write to Reg: 0x0E Val: 0x10101010
[inst #14] lui $1,4369
Register Write to Reg: 0x01 Val: 0x11110000
[inst #15] ori $1,$1,4369
Register Write to Reg: 0x01 Val: 0x11111111
[inst #16] add $15,$15,$1
Register Write to Reg: 0x0F Val: 0x11111111
[inst #17] lui $1,257
Register Write to Reg: 0x01 Val: 0x01010000
[inst #18] ori $1,$1,257
Register Write to Reg: 0x01 Val: 0x01010101
[inst #19] add $24,$24,$1
Register Write to Reg: 0x18 Val: 0x01010101
[inst #20] addi $10,$0,-1
Register Write to Reg: 0x0A Val: 0xFFFFFFFF
[inst #21] srlv $9,$9,$10
Register Write to Reg: 0x09 Val: 0x00000000
[inst #22] srlv $11,$11,$10
Register Write to Reg: 0x0B Val: 0x00000000
[inst #23] srlv $12,$12,$10
Register Write to Reg: 0x0C Val: 0x00000000
[inst #24] srlv $13,$13,$10
Register Write to Reg: 0x0D Val: 0x00000000
[inst #25] srlv $14,$14,$10
Register Write to Reg: 0x0E Val: 0x00000000
[inst #26] srlv $15,$15,$10
Register Write to Reg: 0x0F Val: 0x00000000
[inst #27] srlv $24,$24,$10
Register Write to Reg: 0x18 Val: 0x00000000
[inst #28] halt 

