In clock cycle: 3
Register Write to Reg: 0x00 Val: 0x00000000
In clock cycle: 4
Register Write to Reg: 0x01 Val: 0x10010000
In clock cycle: 5
Register Write to Reg: 0x1D Val: 0x10011000
In clock cycle: 6
Register Write to Reg: 0x1E Val: 0x00000000
In clock cycle: 7
Register Write to Reg: 0x01 Val: 0x00400000
In clock cycle: 8
Register Write to Reg: 0x00 Val: 0x00000000
In clock cycle: 9
Register Write to Reg: 0x00 Val: 0x00000000
In clock cycle: 10
Register Write to Reg: 0x00 Val: 0x00000000
In clock cycle: 11
Register Write to Reg: 0x1F Val: 0x00400024
In clock cycle: 13
Register Write to Reg: 0x00 Val: 0x00000000
In clock cycle: 14
Register Write to Reg: 0x1D Val: 0x10010FD8
In clock cycle: 14
Memory Write to Addr: 0x10010FFC Val: 0x00400024
In clock cycle: 15
Memory Write to Addr: 0x10010FF8 Val: 0x00000000
In clock cycle: 17
Register Write to Reg: 0x1E Val: 0x10010FD8
In clock cycle: 17
Memory Write to Addr: 0x10010FF0 Val: 0x00000000
In clock cycle: 20
Register Write to Reg: 0x00 Val: 0x00000000
In clock cycle: 21
Register Write to Reg: 0x02 Val: 0x00000000
In clock cycle: 25
Register Write to Reg: 0x00 Val: 0x00000000
In clock cycle: 25
Memory Write to Addr: 0x10010FF4 Val: 0x00000000
In clock cycle: 28
Register Write to Reg: 0x00 Val: 0x00000000
In clock cycle: 29
Register Write to Reg: 0x02 Val: 0x00000000
In clock cycle: 32
Register Write to Reg: 0x02 Val: 0x00000001
In clock cycle: 35
Register Write to Reg: 0x02 Val: 0x00000000
In clock cycle: 36
Register Write to Reg: 0x1D Val: 0x10010FD8
In clock cycle: 37
Register Write to Reg: 0x1F Val: 0x00400024
In clock cycle: 38
Register Write to Reg: 0x1E Val: 0x00000000
In clock cycle: 39
Register Write to Reg: 0x1D Val: 0x10011000
In clock cycle: 40
Register Write to Reg: 0x00 Val: 0x00000000
In clock cycle: 41
Register Write to Reg: 0x00 Val: 0x00000000
In clock cycle: 42
Register Write to Reg: 0x00 Val: 0x00000000
Execution is stopping! Clock Cycle: 42
