Warning in /home/dhiman/CPRE381/381_project/proj/mips/TestCases/srlv_1.s line 3 column 1: MARS does not recognize the .global directive.  Ignored.

[inst #1] addi $9,$9,16
Register Write to Reg: 0x09 Val: 0x00000010
[inst #2] addi $11,$11,32
Register Write to Reg: 0x0B Val: 0x00000020
[inst #3] addi $12,$12,48
Register Write to Reg: 0x0C Val: 0x00000030
[inst #4] addi $13,$13,64
Register Write to Reg: 0x0D Val: 0x00000040
[inst #5] addi $14,$14,80
Register Write to Reg: 0x0E Val: 0x00000050
[inst #6] addi $15,$15,96
Register Write to Reg: 0x0F Val: 0x00000060
[inst #7] addi $24,$24,112
Register Write to Reg: 0x18 Val: 0x00000070
[inst #8] addi $10,$0,2
Register Write to Reg: 0x0A Val: 0x00000002
[inst #9] srlv $9,$9,$10
Register Write to Reg: 0x09 Val: 0x00000004
[inst #10] srlv $11,$11,$10
Register Write to Reg: 0x0B Val: 0x00000008
[inst #11] srlv $12,$12,$10
Register Write to Reg: 0x0C Val: 0x0000000C
[inst #12] srlv $13,$13,$10
Register Write to Reg: 0x0D Val: 0x00000010
[inst #13] srlv $14,$14,$10
Register Write to Reg: 0x0E Val: 0x00000014
[inst #14] srlv $15,$15,$10
Register Write to Reg: 0x0F Val: 0x00000018
[inst #15] srlv $24,$24,$10
Register Write to Reg: 0x18 Val: 0x0000001C
[inst #16] halt 

