In clock cycle: 3
Register Write to Reg: 0x00 Val: 0x00000000
In clock cycle: 4
Register Write to Reg: 0x01 Val: 0x7FFF0000
In clock cycle: 5
Register Write to Reg: 0x01 Val: 0x7FFFFFFF
In clock cycle: 6
Register Write to Reg: 0x08 Val: 0x7FFFFFFF
In clock cycle: 7
Register Write to Reg: 0x08 Val: 0x80000000
Arithmetic Overflow Detected
In clock cycle: 8
Register Write to Reg: 0x01 Val: 0x80000000
In clock cycle: 9
Register Write to Reg: 0x01 Val: 0x80000000
In clock cycle: 10
Register Write to Reg: 0x09 Val: 0x80000000
In clock cycle: 11
Register Write to Reg: 0x09 Val: 0x7FFFFFFF
Arithmetic Overflow Detected
In clock cycle: 12
Register Write to Reg: 0x00 Val: 0x00000000
Execution is stopping! Clock Cycle: 12
