[inst #1] addi $16,$0,-1
Register Write to Reg: 0x10 Val: 0xFFFFFFFF
[inst #2] addi $0,$0,-1
Register Write to Reg: 0x00 Val: 0xFFFFFFFF
[inst #3] addi $1,$0,-1
Register Write to Reg: 0x01 Val: 0xFFFFFFFF
[inst #4] addi $2,$0,-1
Register Write to Reg: 0x02 Val: 0xFFFFFFFF
[inst #5] addi $3,$0,-1
Register Write to Reg: 0x03 Val: 0xFFFFFFFF
[inst #6] addi $4,$0,-1
Register Write to Reg: 0x04 Val: 0xFFFFFFFF
[inst #7] addi $5,$0,-1
Register Write to Reg: 0x05 Val: 0xFFFFFFFF
[inst #8] addi $6,$0,-1
Register Write to Reg: 0x06 Val: 0xFFFFFFFF
[inst #9] addi $7,$0,-1
Register Write to Reg: 0x07 Val: 0xFFFFFFFF
[inst #10] addi $8,$0,-1
Register Write to Reg: 0x08 Val: 0xFFFFFFFF
[inst #11] addi $9,$0,-1
Register Write to Reg: 0x09 Val: 0xFFFFFFFF
[inst #12] addi $10,$0,-1
Register Write to Reg: 0x0A Val: 0xFFFFFFFF
[inst #13] addi $11,$0,-1
Register Write to Reg: 0x0B Val: 0xFFFFFFFF
[inst #14] addi $12,$0,-1
Register Write to Reg: 0x0C Val: 0xFFFFFFFF
[inst #15] addi $13,$0,-1
Register Write to Reg: 0x0D Val: 0xFFFFFFFF
[inst #16] addi $14,$0,-1
Register Write to Reg: 0x0E Val: 0xFFFFFFFF
[inst #17] addi $15,$0,-1
Register Write to Reg: 0x0F Val: 0xFFFFFFFF
[inst #18] and $1,$1,$16
Register Write to Reg: 0x01 Val: 0xFFFFFFFF
[inst #19] and $2,$2,$16
Register Write to Reg: 0x02 Val: 0xFFFFFFFF
[inst #20] and $3,$3,$16
Register Write to Reg: 0x03 Val: 0xFFFFFFFF
[inst #21] and $4,$4,$16
Register Write to Reg: 0x04 Val: 0xFFFFFFFF
[inst #22] and $5,$5,$16
Register Write to Reg: 0x05 Val: 0xFFFFFFFF
[inst #23] and $6,$6,$16
Register Write to Reg: 0x06 Val: 0xFFFFFFFF
[inst #24] and $7,$7,$16
Register Write to Reg: 0x07 Val: 0xFFFFFFFF
[inst #25] and $8,$8,$16
Register Write to Reg: 0x08 Val: 0xFFFFFFFF
[inst #26] and $9,$9,$16
Register Write to Reg: 0x09 Val: 0xFFFFFFFF
[inst #27] and $10,$10,$16
Register Write to Reg: 0x0A Val: 0xFFFFFFFF
[inst #28] and $11,$11,$16
Register Write to Reg: 0x0B Val: 0xFFFFFFFF
[inst #29] and $12,$12,$16
Register Write to Reg: 0x0C Val: 0xFFFFFFFF
[inst #30] and $13,$13,$16
Register Write to Reg: 0x0D Val: 0xFFFFFFFF
[inst #31] and $14,$14,$16
Register Write to Reg: 0x0E Val: 0xFFFFFFFF
[inst #32] and $15,$15,$16
Register Write to Reg: 0x0F Val: 0xFFFFFFFF
[inst #33] and $17,$17,$16
Register Write to Reg: 0x11 Val: 0x00000000
[inst #34] and $18,$18,$16
Register Write to Reg: 0x12 Val: 0x00000000
[inst #35] and $19,$19,$16
Register Write to Reg: 0x13 Val: 0x00000000
[inst #36] and $20,$20,$16
Register Write to Reg: 0x14 Val: 0x00000000
[inst #37] and $21,$21,$16
Register Write to Reg: 0x15 Val: 0x00000000
[inst #38] and $22,$22,$16
Register Write to Reg: 0x16 Val: 0x00000000
[inst #39] and $23,$23,$16
Register Write to Reg: 0x17 Val: 0x00000000
[inst #40] and $24,$24,$16
Register Write to Reg: 0x18 Val: 0x00000000
[inst #41] and $25,$25,$16
Register Write to Reg: 0x19 Val: 0x00000000
[inst #42] and $26,$26,$16
Register Write to Reg: 0x1A Val: 0x00000000
[inst #43] and $27,$27,$16
Register Write to Reg: 0x1B Val: 0x00000000
[inst #44] and $29,$29,$16
Register Write to Reg: 0x1D Val: 0x7FFFEFFC
[inst #45] and $30,$30,$16
Register Write to Reg: 0x1E Val: 0x00000000
[inst #46] and $31,$31,$16
Register Write to Reg: 0x1F Val: 0x00000000
[inst #47] halt 

