[inst #1] addi $9,$0,-1
Register Write to Reg: 0x09 Val: 0xFFFFFFFF
[inst #2] addi $10,$0,-1
Register Write to Reg: 0x0A Val: 0xFFFFFFFF
[inst #3] addi $25,$0,1
Register Write to Reg: 0x19 Val: 0x00000001
[inst #4] bne $9,$10,1
[inst #5] addi $25,$0,0
Register Write to Reg: 0x19 Val: 0x00000000
[inst #6] addi $9,$0,-1
Register Write to Reg: 0x09 Val: 0xFFFFFFFF
[inst #7] addi $10,$0,1
Register Write to Reg: 0x0A Val: 0x00000001
[inst #8] bne $9,$10,1
[inst #9] addi $9,$0,0
Register Write to Reg: 0x09 Val: 0x00000000
[inst #10] addi $10,$0,-90
Register Write to Reg: 0x0A Val: 0xFFFFFFA6
[inst #11] bne $9,$10,1
[inst #12] halt 

